2025-07-07 21:49:14,541 - reviewer.PreprocessIncoseGuide - DEBUG - Entering: preprocess_rules_section_4
2025-07-07 21:49:14,541 - reviewer.Sectionalize - DEBUG - Entering: get_pdf_text
2025-07-07 21:49:15,093 - reviewer.Sectionalize - DEBUG - get_pdf_text completed in 0.551417 seconds
2025-07-07 21:49:15,094 - reviewer.Sectionalize - DEBUG - Entering: save_text
2025-07-07 21:49:15,096 - reviewer.Sectionalize - DEBUG - save_text completed in 0.002293 seconds
2025-07-07 21:49:15,096 - reviewer.TextPreprocessor - DEBUG - Entering: clean_text
2025-07-07 21:49:15,096 - reviewer.TextPreprocessor - DEBUG - Entering: replace
2025-07-07 21:49:15,097 - reviewer.TextPreprocessor - DEBUG - replace completed in 0.000794 seconds
2025-07-07 21:49:15,098 - reviewer.TextPreprocessor - DEBUG - Entering: remove_multi_whitespace
2025-07-07 21:49:15,110 - reviewer.TextPreprocessor - DEBUG - remove_multi_whitespace completed in 0.011669 seconds
2025-07-07 21:49:15,110 - reviewer.TextPreprocessor - DEBUG - clean_text completed in 0.013729 seconds
2025-07-07 21:49:15,110 - reviewer.Sectionalize - DEBUG - Entering: save_text
2025-07-07 21:49:15,112 - reviewer.Sectionalize - DEBUG - save_text completed in 0.001903 seconds
2025-07-07 21:49:15,113 - reviewer.Sectionalize - DEBUG - Entering: get_sections_df
2025-07-07 21:49:15,116 - reviewer.Sectionalize - DEBUG - get_sections_df completed in 0.003474 seconds
2025-07-07 21:49:15,116 - reviewer.Sectionalize - DEBUG - Entering: add_section_text
2025-07-07 21:49:15,127 - reviewer.Sectionalize - DEBUG - add_section_text completed in 0.010069 seconds
2025-07-07 21:49:15,127 - reviewer.PreprocessIncoseGuide - DEBUG - Entering: get_incose_definition
2025-07-07 21:49:15,137 - reviewer.PreprocessIncoseGuide - DEBUG - get_incose_definition completed in 0.010552 seconds
2025-07-07 21:49:15,138 - reviewer.PreprocessIncoseGuide - DEBUG - Entering: get_incose_examples
2025-07-07 21:49:15,139 - reviewer.PreprocessIncoseGuide - DEBUG - get_incose_examples completed in 0.001151 seconds
2025-07-07 21:49:15,139 - reviewer.PreprocessIncoseGuide - DEBUG - Entering: remove_bracketed_text
2025-07-07 21:49:15,141 - reviewer.PreprocessIncoseGuide - DEBUG - remove_bracketed_text completed in 0.002164 seconds
2025-07-07 21:49:15,141 - reviewer.PreprocessIncoseGuide - DEBUG - Entering: clean_incose_examples
2025-07-07 21:49:15,144 - reviewer.PreprocessIncoseGuide - DEBUG - clean_incose_examples completed in 0.001837 seconds
2025-07-07 21:49:15,144 - reviewer.PreprocessIncoseGuide - DEBUG - preprocess_rules_section_4 completed in 0.602727 seconds
2025-07-07 21:49:15,144 - reviewer.BuildTemplates - DEBUG - Entering: add_message_col_to_frame
2025-07-07 21:49:15,145 - reviewer.BuildTemplates - DEBUG - add_message_col_to_frame completed in 0.000853 seconds
2025-07-07 21:49:15,146 - reviewer.BuildTemplates - DEBUG - Entering: add_message_col_to_frame
2025-07-07 21:49:15,146 - reviewer.BuildTemplates - DEBUG - add_message_col_to_frame completed in 0.000652 seconds
2025-07-07 21:49:15,146 - reviewer.BuildTemplates - DEBUG - Entering: replace_prompt_variable_from_frame
2025-07-07 21:49:15,151 - reviewer.BuildTemplates - DEBUG - replace_prompt_variable_from_frame completed in 0.004348 seconds
2025-07-07 21:49:15,152 - reviewer.BuildTemplates - DEBUG - Entering: replace_prompt_variable_from_frame
2025-07-07 21:49:15,154 - reviewer.BuildTemplates - DEBUG - replace_prompt_variable_from_frame completed in 0.002985 seconds
2025-07-07 21:49:15,154 - reviewer.BuildTemplates - DEBUG - Entering: assemble_templates_from_df
2025-07-07 21:49:15,164 - reviewer.BuildTemplates - DEBUG - Entering: get_template_from_messages
2025-07-07 21:49:15,166 - reviewer.BuildTemplates - DEBUG - get_template_from_messages completed in 0.001814 seconds
2025-07-07 21:49:15,167 - reviewer.BuildTemplates - DEBUG - Entering: get_template_from_messages
2025-07-07 21:49:15,168 - reviewer.BuildTemplates - DEBUG - get_template_from_messages completed in 0.000828 seconds
2025-07-07 21:49:15,169 - reviewer.BuildTemplates - DEBUG - Entering: get_template_from_messages
2025-07-07 21:49:15,170 - reviewer.BuildTemplates - DEBUG - get_template_from_messages completed in 0.001374 seconds
2025-07-07 21:49:15,171 - reviewer.BuildTemplates - DEBUG - Entering: get_template_from_messages
2025-07-07 21:49:15,171 - reviewer.BuildTemplates - DEBUG - get_template_from_messages completed in 0.000449 seconds
2025-07-07 21:49:15,171 - reviewer.BuildTemplates - DEBUG - Entering: get_template_from_messages
2025-07-07 21:49:15,172 - reviewer.BuildTemplates - DEBUG - get_template_from_messages completed in 0.000452 seconds
2025-07-07 21:49:15,172 - reviewer.BuildTemplates - DEBUG - Entering: get_template_from_messages
2025-07-07 21:49:15,173 - reviewer.BuildTemplates - DEBUG - get_template_from_messages completed in 0.000416 seconds
2025-07-07 21:49:15,173 - reviewer.BuildTemplates - DEBUG - Entering: get_template_from_messages
2025-07-07 21:49:15,174 - reviewer.BuildTemplates - DEBUG - get_template_from_messages completed in 0.000523 seconds
2025-07-07 21:49:15,174 - reviewer.BuildTemplates - DEBUG - Entering: get_template_from_messages
2025-07-07 21:49:15,174 - reviewer.BuildTemplates - DEBUG - get_template_from_messages completed in 0.000388 seconds
2025-07-07 21:49:15,175 - reviewer.BuildTemplates - DEBUG - Entering: get_template_from_messages
2025-07-07 21:49:15,177 - reviewer.BuildTemplates - DEBUG - get_template_from_messages completed in 0.002123 seconds
2025-07-07 21:49:15,177 - reviewer.BuildTemplates - DEBUG - Entering: get_template_from_messages
2025-07-07 21:49:15,178 - reviewer.BuildTemplates - DEBUG - get_template_from_messages completed in 0.000604 seconds
2025-07-07 21:49:15,178 - reviewer.BuildTemplates - DEBUG - Entering: get_template_from_messages
2025-07-07 21:49:15,179 - reviewer.BuildTemplates - DEBUG - get_template_from_messages completed in 0.000484 seconds
2025-07-07 21:49:15,179 - reviewer.BuildTemplates - DEBUG - Entering: get_template_from_messages
2025-07-07 21:49:15,180 - reviewer.BuildTemplates - DEBUG - get_template_from_messages completed in 0.000735 seconds
2025-07-07 21:49:15,181 - reviewer.BuildTemplates - DEBUG - Entering: get_template_from_messages
2025-07-07 21:49:15,182 - reviewer.BuildTemplates - DEBUG - get_template_from_messages completed in 0.000586 seconds
2025-07-07 21:49:15,183 - reviewer.BuildTemplates - DEBUG - Entering: get_template_from_messages
2025-07-07 21:49:15,184 - reviewer.BuildTemplates - DEBUG - get_template_from_messages completed in 0.001152 seconds
2025-07-07 21:49:15,185 - reviewer.BuildTemplates - DEBUG - Entering: get_template_from_messages
2025-07-07 21:49:15,185 - reviewer.BuildTemplates - DEBUG - get_template_from_messages completed in 0.000502 seconds
2025-07-07 21:49:15,186 - reviewer.BuildTemplates - DEBUG - Entering: get_template_from_messages
2025-07-07 21:49:15,187 - reviewer.BuildTemplates - DEBUG - get_template_from_messages completed in 0.000717 seconds
2025-07-07 21:49:15,187 - reviewer.BuildTemplates - DEBUG - Entering: get_template_from_messages
2025-07-07 21:49:15,188 - reviewer.BuildTemplates - DEBUG - get_template_from_messages completed in 0.000497 seconds
2025-07-07 21:49:15,188 - reviewer.BuildTemplates - DEBUG - Entering: get_template_from_messages
2025-07-07 21:49:15,189 - reviewer.BuildTemplates - DEBUG - get_template_from_messages completed in 0.000495 seconds
2025-07-07 21:49:15,189 - reviewer.BuildTemplates - DEBUG - Entering: get_template_from_messages
2025-07-07 21:49:15,189 - reviewer.BuildTemplates - DEBUG - get_template_from_messages completed in 0.000482 seconds
2025-07-07 21:49:15,190 - reviewer.BuildTemplates - DEBUG - Entering: get_template_from_messages
2025-07-07 21:49:15,190 - reviewer.BuildTemplates - DEBUG - get_template_from_messages completed in 0.000425 seconds
2025-07-07 21:49:15,191 - reviewer.BuildTemplates - DEBUG - Entering: get_template_from_messages
2025-07-07 21:49:15,191 - reviewer.BuildTemplates - DEBUG - get_template_from_messages completed in 0.000510 seconds
2025-07-07 21:49:15,192 - reviewer.BuildTemplates - DEBUG - Entering: get_template_from_messages
2025-07-07 21:49:15,192 - reviewer.BuildTemplates - DEBUG - get_template_from_messages completed in 0.000522 seconds
2025-07-07 21:49:15,193 - reviewer.BuildTemplates - DEBUG - Entering: get_template_from_messages
2025-07-07 21:49:15,193 - reviewer.BuildTemplates - DEBUG - get_template_from_messages completed in 0.000481 seconds
2025-07-07 21:49:15,194 - reviewer.BuildTemplates - DEBUG - Entering: get_template_from_messages
2025-07-07 21:49:15,194 - reviewer.BuildTemplates - DEBUG - get_template_from_messages completed in 0.000464 seconds
2025-07-07 21:49:15,195 - reviewer.BuildTemplates - DEBUG - Entering: get_template_from_messages
2025-07-07 21:49:15,195 - reviewer.BuildTemplates - DEBUG - get_template_from_messages completed in 0.000437 seconds
2025-07-07 21:49:15,195 - reviewer.BuildTemplates - DEBUG - Entering: get_template_from_messages
2025-07-07 21:49:15,196 - reviewer.BuildTemplates - DEBUG - get_template_from_messages completed in 0.000626 seconds
2025-07-07 21:49:15,196 - reviewer.BuildTemplates - DEBUG - Entering: get_template_from_messages
2025-07-07 21:49:15,197 - reviewer.BuildTemplates - DEBUG - get_template_from_messages completed in 0.000537 seconds
2025-07-07 21:49:15,197 - reviewer.BuildTemplates - DEBUG - Entering: get_template_from_messages
2025-07-07 21:49:15,198 - reviewer.BuildTemplates - DEBUG - get_template_from_messages completed in 0.000703 seconds
2025-07-07 21:49:15,199 - reviewer.BuildTemplates - DEBUG - Entering: get_template_from_messages
2025-07-07 21:49:15,199 - reviewer.BuildTemplates - DEBUG - get_template_from_messages completed in 0.000552 seconds
2025-07-07 21:49:15,200 - reviewer.BuildTemplates - DEBUG - Entering: get_template_from_messages
2025-07-07 21:49:15,201 - reviewer.BuildTemplates - DEBUG - get_template_from_messages completed in 0.001444 seconds
2025-07-07 21:49:15,202 - reviewer.BuildTemplates - DEBUG - Entering: get_template_from_messages
2025-07-07 21:49:15,202 - reviewer.BuildTemplates - DEBUG - get_template_from_messages completed in 0.000565 seconds
2025-07-07 21:49:15,203 - reviewer.BuildTemplates - DEBUG - Entering: get_template_from_messages
2025-07-07 21:49:15,203 - reviewer.BuildTemplates - DEBUG - get_template_from_messages completed in 0.000463 seconds
2025-07-07 21:49:15,204 - reviewer.BuildTemplates - DEBUG - Entering: get_template_from_messages
2025-07-07 21:49:15,204 - reviewer.BuildTemplates - DEBUG - get_template_from_messages completed in 0.000603 seconds
2025-07-07 21:49:15,205 - reviewer.BuildTemplates - DEBUG - Entering: get_template_from_messages
2025-07-07 21:49:15,205 - reviewer.BuildTemplates - DEBUG - get_template_from_messages completed in 0.000479 seconds
2025-07-07 21:49:15,206 - reviewer.BuildTemplates - DEBUG - Entering: get_template_from_messages
2025-07-07 21:49:15,207 - reviewer.BuildTemplates - DEBUG - get_template_from_messages completed in 0.000495 seconds
2025-07-07 21:49:15,207 - reviewer.BuildTemplates - DEBUG - Entering: get_template_from_messages
2025-07-07 21:49:15,208 - reviewer.BuildTemplates - DEBUG - get_template_from_messages completed in 0.000651 seconds
2025-07-07 21:49:15,208 - reviewer.BuildTemplates - DEBUG - Entering: get_template_from_messages
2025-07-07 21:49:15,209 - reviewer.BuildTemplates - DEBUG - get_template_from_messages completed in 0.000414 seconds
2025-07-07 21:49:15,209 - reviewer.BuildTemplates - DEBUG - Entering: get_template_from_messages
2025-07-07 21:49:15,209 - reviewer.BuildTemplates - DEBUG - get_template_from_messages completed in 0.000434 seconds
2025-07-07 21:49:15,210 - reviewer.BuildTemplates - DEBUG - Entering: get_template_from_messages
2025-07-07 21:49:15,210 - reviewer.BuildTemplates - DEBUG - get_template_from_messages completed in 0.000439 seconds
2025-07-07 21:49:15,211 - reviewer.BuildTemplates - DEBUG - Entering: get_template_from_messages
2025-07-07 21:49:15,211 - reviewer.BuildTemplates - DEBUG - get_template_from_messages completed in 0.000481 seconds
2025-07-07 21:49:15,212 - reviewer.BuildTemplates - DEBUG - Entering: get_template_from_messages
2025-07-07 21:49:15,212 - reviewer.BuildTemplates - DEBUG - get_template_from_messages completed in 0.000524 seconds
2025-07-07 21:49:15,213 - reviewer.BuildTemplates - DEBUG - Entering: get_template_from_messages
2025-07-07 21:49:15,213 - reviewer.BuildTemplates - DEBUG - get_template_from_messages completed in 0.000502 seconds
2025-07-07 21:49:15,214 - reviewer.BuildTemplates - DEBUG - assemble_templates_from_df completed in 0.059839 seconds
2025-07-07 21:49:15,215 - reviewer - DEBUG - Entering: load_evals_config
2025-07-07 21:49:15,215 - reviewer - DEBUG - load_evals_config completed in 0.000290 seconds
2025-07-07 21:49:15,218 - reviewer - DEBUG - Entering: write_text
2025-07-07 21:49:15,223 - reviewer - DEBUG - write_text completed in 0.004429 seconds
2025-07-07 21:49:15,224 - reviewer - DEBUG - Entering: to_excel
2025-07-07 21:49:15,345 - reviewer - DEBUG - to_excel completed in 0.121288 seconds
2025-07-07 21:49:16,421 - reviewer - INFO - Entering: iter num 0 of run_eval_loop
2025-07-07 21:49:16,423 - reviewer - INFO - Calling evaluations for iter num 0 of run_eval_loop
2025-07-07 21:49:16,423 - reviewer.IncosePromptRunner - DEBUG - Entering: call_evals
2025-07-07 21:49:16,423 - reviewer.prompteval - DEBUG - Entering: eval_is_in_passive_voice
2025-07-07 21:49:16,423 - reviewer.prompteval - DEBUG - eval_is_in_passive_voice completed in 0.000245 seconds
2025-07-07 21:49:16,425 - reviewer.prompteval - DEBUG - Entering: convert_bool_to_ohe
2025-07-07 21:49:16,425 - reviewer.prompteval - DEBUG - convert_bool_to_ohe completed in 0.000261 seconds
2025-07-07 21:49:16,428 - reviewer.prompteval - DEBUG - Entering: eval_if_vague_verb
2025-07-07 21:49:16,429 - reviewer.prompteval - DEBUG - Entering: add_spaces
2025-07-07 21:49:16,429 - reviewer.prompteval - DEBUG - add_spaces completed in 0.000274 seconds
2025-07-07 21:49:16,429 - reviewer.prompteval - DEBUG - Entering: add_spaces
2025-07-07 21:49:16,429 - reviewer.prompteval - DEBUG - add_spaces completed in 0.000274 seconds
2025-07-07 21:49:16,430 - reviewer.prompteval - DEBUG - eval_if_vague_verb completed in 0.001649 seconds
2025-07-07 21:49:16,430 - reviewer.prompteval - DEBUG - Entering: convert_bool_to_ohe
2025-07-07 21:49:16,431 - reviewer.prompteval - DEBUG - convert_bool_to_ohe completed in 0.000528 seconds
2025-07-07 21:49:16,433 - reviewer.prompteval - DEBUG - Entering: eval_has_vague_terms
2025-07-07 21:49:16,433 - reviewer.prompteval - DEBUG - Entering: add_spaces
2025-07-07 21:49:16,436 - reviewer.prompteval - DEBUG - add_spaces completed in 0.001993 seconds
2025-07-07 21:49:16,438 - reviewer.prompteval - DEBUG - Entering: add_spaces
2025-07-07 21:49:16,439 - reviewer.prompteval - DEBUG - add_spaces completed in 0.001326 seconds
2025-07-07 21:49:16,440 - reviewer.prompteval - DEBUG - eval_has_vague_terms completed in 0.005323 seconds
2025-07-07 21:49:16,442 - reviewer.prompteval - DEBUG - Entering: convert_bool_to_ohe
2025-07-07 21:49:16,444 - reviewer.prompteval - DEBUG - convert_bool_to_ohe completed in 0.003656 seconds
2025-07-07 21:49:16,447 - reviewer.prompteval - DEBUG - Entering: eval_has_escape_clause
2025-07-07 21:49:16,451 - reviewer.prompteval - DEBUG - Entering: add_spaces
2025-07-07 21:49:16,452 - reviewer.prompteval - DEBUG - add_spaces completed in 0.001310 seconds
2025-07-07 21:49:16,453 - reviewer.prompteval - DEBUG - Entering: add_spaces
2025-07-07 21:49:16,453 - reviewer.prompteval - DEBUG - add_spaces completed in 0.000277 seconds
2025-07-07 21:49:16,454 - reviewer.prompteval - DEBUG - Entering: add_spaces
2025-07-07 21:49:16,454 - reviewer.prompteval - DEBUG - add_spaces completed in 0.000487 seconds
2025-07-07 21:49:16,455 - reviewer.prompteval - DEBUG - Entering: add_spaces
2025-07-07 21:49:16,456 - reviewer.prompteval - DEBUG - add_spaces completed in 0.000434 seconds
2025-07-07 21:49:16,458 - reviewer.prompteval - DEBUG - Entering: add_spaces
2025-07-07 21:49:16,458 - reviewer.prompteval - DEBUG - add_spaces completed in 0.000286 seconds
2025-07-07 21:49:16,459 - reviewer.prompteval - DEBUG - Entering: add_spaces
2025-07-07 21:49:16,459 - reviewer.prompteval - DEBUG - add_spaces completed in 0.000556 seconds
2025-07-07 21:49:16,459 - reviewer.prompteval - DEBUG - Entering: add_spaces
2025-07-07 21:49:16,459 - reviewer.prompteval - DEBUG - add_spaces completed in 0.000296 seconds
2025-07-07 21:49:16,460 - reviewer.prompteval - DEBUG - Entering: add_spaces
2025-07-07 21:49:16,460 - reviewer.prompteval - DEBUG - add_spaces completed in 0.000364 seconds
2025-07-07 21:49:16,461 - reviewer.prompteval - DEBUG - Entering: add_spaces
2025-07-07 21:49:16,461 - reviewer.prompteval - DEBUG - add_spaces completed in 0.000376 seconds
2025-07-07 21:49:16,461 - reviewer.prompteval - DEBUG - Entering: add_spaces
2025-07-07 21:49:16,461 - reviewer.prompteval - DEBUG - add_spaces completed in 0.000316 seconds
2025-07-07 21:49:16,462 - reviewer.prompteval - DEBUG - Entering: add_spaces
2025-07-07 21:49:16,462 - reviewer.prompteval - DEBUG - add_spaces completed in 0.000323 seconds
2025-07-07 21:49:16,462 - reviewer.prompteval - DEBUG - eval_has_escape_clause completed in 0.016627 seconds
2025-07-07 21:49:16,464 - reviewer.prompteval - DEBUG - Entering: convert_bool_to_ohe
2025-07-07 21:49:16,464 - reviewer.prompteval - DEBUG - convert_bool_to_ohe completed in 0.000329 seconds
2025-07-07 21:49:16,468 - reviewer.prompteval - DEBUG - Entering: eval_is_in_passive_voice
2025-07-07 21:49:16,469 - reviewer.prompteval - DEBUG - eval_is_in_passive_voice completed in 0.001035 seconds
2025-07-07 21:49:16,472 - reviewer.prompteval - DEBUG - Entering: convert_bool_to_ohe
2025-07-07 21:49:16,472 - reviewer.prompteval - DEBUG - convert_bool_to_ohe completed in 0.000574 seconds
2025-07-07 21:49:16,474 - reviewer.prompteval - DEBUG - Entering: eval_if_vague_verb
2025-07-07 21:49:16,475 - reviewer.prompteval - DEBUG - Entering: add_spaces
2025-07-07 21:49:16,476 - reviewer.prompteval - DEBUG - add_spaces completed in 0.001629 seconds
2025-07-07 21:49:16,476 - reviewer.prompteval - DEBUG - eval_if_vague_verb completed in 0.002705 seconds
2025-07-07 21:49:16,478 - reviewer.prompteval - DEBUG - Entering: convert_bool_to_ohe
2025-07-07 21:49:16,478 - reviewer.prompteval - DEBUG - convert_bool_to_ohe completed in 0.000557 seconds
2025-07-07 21:49:16,522 - reviewer.prompteval - DEBUG - Entering: eval_has_vague_terms
2025-07-07 21:49:16,526 - reviewer.prompteval - DEBUG - Entering: add_spaces
2025-07-07 21:49:16,527 - reviewer.prompteval - DEBUG - add_spaces completed in 0.001617 seconds
2025-07-07 21:49:16,528 - reviewer.prompteval - DEBUG - Entering: add_spaces
2025-07-07 21:49:16,528 - reviewer.prompteval - DEBUG - add_spaces completed in 0.000393 seconds
2025-07-07 21:49:16,529 - reviewer.prompteval - DEBUG - eval_has_vague_terms completed in 0.006060 seconds
2025-07-07 21:49:16,530 - reviewer.prompteval - DEBUG - Entering: convert_bool_to_ohe
2025-07-07 21:49:16,530 - reviewer.prompteval - DEBUG - convert_bool_to_ohe completed in 0.000687 seconds
2025-07-07 21:49:16,531 - reviewer.prompteval - DEBUG - Entering: eval_has_escape_clause
2025-07-07 21:49:16,532 - reviewer.prompteval - DEBUG - Entering: add_spaces
2025-07-07 21:49:16,533 - reviewer.prompteval - DEBUG - add_spaces completed in 0.001741 seconds
2025-07-07 21:49:16,534 - reviewer.prompteval - DEBUG - Entering: add_spaces
2025-07-07 21:49:16,536 - reviewer.prompteval - DEBUG - add_spaces completed in 0.001159 seconds
2025-07-07 21:49:16,536 - reviewer.prompteval - DEBUG - Entering: add_spaces
2025-07-07 21:49:16,537 - reviewer.prompteval - DEBUG - add_spaces completed in 0.000705 seconds
2025-07-07 21:49:16,537 - reviewer.prompteval - DEBUG - Entering: add_spaces
2025-07-07 21:49:16,538 - reviewer.prompteval - DEBUG - add_spaces completed in 0.000307 seconds
2025-07-07 21:49:16,538 - reviewer.prompteval - DEBUG - Entering: add_spaces
2025-07-07 21:49:16,539 - reviewer.prompteval - DEBUG - add_spaces completed in 0.000333 seconds
2025-07-07 21:49:16,551 - reviewer.prompteval - DEBUG - Entering: add_spaces
2025-07-07 21:49:16,552 - reviewer.prompteval - DEBUG - add_spaces completed in 0.000991 seconds
2025-07-07 21:49:16,552 - reviewer.prompteval - DEBUG - Entering: add_spaces
2025-07-07 21:49:16,553 - reviewer.prompteval - DEBUG - add_spaces completed in 0.000326 seconds
2025-07-07 21:49:16,553 - reviewer.prompteval - DEBUG - Entering: add_spaces
2025-07-07 21:49:16,553 - reviewer.prompteval - DEBUG - add_spaces completed in 0.000335 seconds
2025-07-07 21:49:16,554 - reviewer.prompteval - DEBUG - Entering: add_spaces
2025-07-07 21:49:16,554 - reviewer.prompteval - DEBUG - add_spaces completed in 0.000307 seconds
2025-07-07 21:49:16,554 - reviewer.prompteval - DEBUG - Entering: add_spaces
2025-07-07 21:49:16,554 - reviewer.prompteval - DEBUG - add_spaces completed in 0.000330 seconds
2025-07-07 21:49:16,556 - reviewer.prompteval - DEBUG - Entering: add_spaces
2025-07-07 21:49:16,556 - reviewer.prompteval - DEBUG - add_spaces completed in 0.000396 seconds
2025-07-07 21:49:16,557 - reviewer.prompteval - DEBUG - eval_has_escape_clause completed in 0.025171 seconds
2025-07-07 21:49:16,557 - reviewer.prompteval - DEBUG - Entering: convert_bool_to_ohe
2025-07-07 21:49:16,557 - reviewer.prompteval - DEBUG - convert_bool_to_ohe completed in 0.000318 seconds
2025-07-07 21:49:16,559 - reviewer.prompteval - DEBUG - Entering: eval_is_in_passive_voice
2025-07-07 21:49:16,559 - reviewer.prompteval - DEBUG - eval_is_in_passive_voice completed in 0.000286 seconds
2025-07-07 21:49:16,559 - reviewer.prompteval - DEBUG - Entering: convert_bool_to_ohe
2025-07-07 21:49:16,559 - reviewer.prompteval - DEBUG - convert_bool_to_ohe completed in 0.000260 seconds
2025-07-07 21:49:16,560 - reviewer.prompteval - DEBUG - Entering: eval_if_vague_verb
2025-07-07 21:49:16,560 - reviewer.prompteval - DEBUG - Entering: add_spaces
2025-07-07 21:49:16,561 - reviewer.prompteval - DEBUG - add_spaces completed in 0.000302 seconds
2025-07-07 21:49:16,561 - reviewer.prompteval - DEBUG - Entering: add_spaces
2025-07-07 21:49:16,561 - reviewer.prompteval - DEBUG - add_spaces completed in 0.000521 seconds
2025-07-07 21:49:16,562 - reviewer.prompteval - DEBUG - eval_if_vague_verb completed in 0.001762 seconds
2025-07-07 21:49:16,562 - reviewer.prompteval - DEBUG - Entering: convert_bool_to_ohe
2025-07-07 21:49:16,562 - reviewer.prompteval - DEBUG - convert_bool_to_ohe completed in 0.000243 seconds
2025-07-07 21:49:16,563 - reviewer.prompteval - DEBUG - Entering: eval_has_vague_terms
2025-07-07 21:49:16,563 - reviewer.prompteval - DEBUG - Entering: add_spaces
2025-07-07 21:49:16,563 - reviewer.prompteval - DEBUG - add_spaces completed in 0.000284 seconds
2025-07-07 21:49:16,564 - reviewer.prompteval - DEBUG - Entering: add_spaces
2025-07-07 21:49:16,564 - reviewer.prompteval - DEBUG - add_spaces completed in 0.000244 seconds
2025-07-07 21:49:16,564 - reviewer.prompteval - DEBUG - Entering: add_spaces
2025-07-07 21:49:16,564 - reviewer.prompteval - DEBUG - add_spaces completed in 0.000321 seconds
2025-07-07 21:49:16,564 - reviewer.prompteval - DEBUG - Entering: add_spaces
2025-07-07 21:49:16,565 - reviewer.prompteval - DEBUG - add_spaces completed in 0.000256 seconds
2025-07-07 21:49:16,565 - reviewer.prompteval - DEBUG - Entering: add_spaces
2025-07-07 21:49:16,565 - reviewer.prompteval - DEBUG - add_spaces completed in 0.000257 seconds
2025-07-07 21:49:16,566 - reviewer.prompteval - DEBUG - Entering: add_spaces
2025-07-07 21:49:16,566 - reviewer.prompteval - DEBUG - add_spaces completed in 0.000361 seconds
2025-07-07 21:49:16,566 - reviewer.prompteval - DEBUG - Entering: add_spaces
2025-07-07 21:49:16,566 - reviewer.prompteval - DEBUG - add_spaces completed in 0.000240 seconds
2025-07-07 21:49:16,568 - reviewer.prompteval - DEBUG - Entering: add_spaces
2025-07-07 21:49:16,568 - reviewer.prompteval - DEBUG - add_spaces completed in 0.000372 seconds
2025-07-07 21:49:16,568 - reviewer.prompteval - DEBUG - Entering: add_spaces
2025-07-07 21:49:16,568 - reviewer.prompteval - DEBUG - add_spaces completed in 0.000225 seconds
2025-07-07 21:49:16,568 - reviewer.prompteval - DEBUG - Entering: add_spaces
2025-07-07 21:49:16,569 - reviewer.prompteval - DEBUG - add_spaces completed in 0.000232 seconds
2025-07-07 21:49:16,569 - reviewer.prompteval - DEBUG - Entering: add_spaces
2025-07-07 21:49:16,569 - reviewer.prompteval - DEBUG - add_spaces completed in 0.000244 seconds
2025-07-07 21:49:16,569 - reviewer.prompteval - DEBUG - Entering: add_spaces
2025-07-07 21:49:16,570 - reviewer.prompteval - DEBUG - add_spaces completed in 0.000241 seconds
2025-07-07 21:49:16,570 - reviewer.prompteval - DEBUG - Entering: add_spaces
2025-07-07 21:49:16,570 - reviewer.prompteval - DEBUG - add_spaces completed in 0.000245 seconds
2025-07-07 21:49:16,570 - reviewer.prompteval - DEBUG - Entering: add_spaces
2025-07-07 21:49:16,570 - reviewer.prompteval - DEBUG - add_spaces completed in 0.000189 seconds
2025-07-07 21:49:16,571 - reviewer.prompteval - DEBUG - Entering: add_spaces
2025-07-07 21:49:16,571 - reviewer.prompteval - DEBUG - add_spaces completed in 0.000199 seconds
2025-07-07 21:49:16,571 - reviewer.prompteval - DEBUG - Entering: add_spaces
2025-07-07 21:49:16,571 - reviewer.prompteval - DEBUG - add_spaces completed in 0.000226 seconds
2025-07-07 21:49:16,571 - reviewer.prompteval - DEBUG - Entering: add_spaces
2025-07-07 21:49:16,572 - reviewer.prompteval - DEBUG - add_spaces completed in 0.000265 seconds
2025-07-07 21:49:16,572 - reviewer.prompteval - DEBUG - Entering: add_spaces
2025-07-07 21:49:16,572 - reviewer.prompteval - DEBUG - add_spaces completed in 0.000225 seconds
2025-07-07 21:49:16,572 - reviewer.prompteval - DEBUG - Entering: add_spaces
2025-07-07 21:49:16,572 - reviewer.prompteval - DEBUG - add_spaces completed in 0.000300 seconds
2025-07-07 21:49:16,573 - reviewer.prompteval - DEBUG - eval_has_vague_terms completed in 0.010068 seconds
2025-07-07 21:49:16,573 - reviewer.prompteval - DEBUG - Entering: convert_bool_to_ohe
2025-07-07 21:49:16,573 - reviewer.prompteval - DEBUG - convert_bool_to_ohe completed in 0.000258 seconds
2025-07-07 21:49:16,574 - reviewer.prompteval - DEBUG - Entering: eval_has_escape_clause
2025-07-07 21:49:16,574 - reviewer.prompteval - DEBUG - Entering: add_spaces
2025-07-07 21:49:16,575 - reviewer.prompteval - DEBUG - add_spaces completed in 0.000262 seconds
2025-07-07 21:49:16,575 - reviewer.prompteval - DEBUG - Entering: add_spaces
2025-07-07 21:49:16,575 - reviewer.prompteval - DEBUG - add_spaces completed in 0.000230 seconds
2025-07-07 21:49:16,575 - reviewer.prompteval - DEBUG - Entering: add_spaces
2025-07-07 21:49:16,576 - reviewer.prompteval - DEBUG - add_spaces completed in 0.000246 seconds
2025-07-07 21:49:16,576 - reviewer.prompteval - DEBUG - Entering: add_spaces
2025-07-07 21:49:16,576 - reviewer.prompteval - DEBUG - add_spaces completed in 0.000240 seconds
2025-07-07 21:49:16,576 - reviewer.prompteval - DEBUG - Entering: add_spaces
2025-07-07 21:49:16,577 - reviewer.prompteval - DEBUG - add_spaces completed in 0.000294 seconds
2025-07-07 21:49:16,577 - reviewer.prompteval - DEBUG - Entering: add_spaces
2025-07-07 21:49:16,577 - reviewer.prompteval - DEBUG - add_spaces completed in 0.000254 seconds
2025-07-07 21:49:16,577 - reviewer.prompteval - DEBUG - Entering: add_spaces
2025-07-07 21:49:16,579 - reviewer.prompteval - DEBUG - add_spaces completed in 0.000318 seconds
2025-07-07 21:49:16,579 - reviewer.prompteval - DEBUG - Entering: add_spaces
2025-07-07 21:49:16,579 - reviewer.prompteval - DEBUG - add_spaces completed in 0.000245 seconds
2025-07-07 21:49:16,579 - reviewer.prompteval - DEBUG - Entering: add_spaces
2025-07-07 21:49:16,579 - reviewer.prompteval - DEBUG - add_spaces completed in 0.000239 seconds
2025-07-07 21:49:16,580 - reviewer.prompteval - DEBUG - Entering: add_spaces
2025-07-07 21:49:16,580 - reviewer.prompteval - DEBUG - add_spaces completed in 0.000292 seconds
2025-07-07 21:49:16,580 - reviewer.prompteval - DEBUG - Entering: add_spaces
2025-07-07 21:49:16,580 - reviewer.prompteval - DEBUG - add_spaces completed in 0.000275 seconds
2025-07-07 21:49:16,581 - reviewer.prompteval - DEBUG - eval_has_escape_clause completed in 0.006156 seconds
2025-07-07 21:49:16,581 - reviewer.prompteval - DEBUG - Entering: convert_bool_to_ohe
2025-07-07 21:49:16,581 - reviewer.prompteval - DEBUG - convert_bool_to_ohe completed in 0.000256 seconds
2025-07-07 21:49:16,583 - reviewer.IncosePromptRunner - DEBUG - call_evals completed in 0.158925 seconds
2025-07-07 21:49:16,583 - reviewer.IncosePromptRunner - DEBUG - Entering: get_failed_evals
2025-07-07 21:49:16,586 - reviewer.IncosePromptRunner - DEBUG - get_failed_evals completed in 0.003513 seconds
2025-07-07 21:49:16,587 - reviewer - INFO - Evaluations completed for iter num 0 of run_eval_loop
2025-07-07 21:49:16,591 - reviewer - INFO - 3 Requirements still require evaluation
2025-07-07 21:49:16,591 - reviewer.IncosePromptRunner - DEBUG - Entering: assemble_eval_chain_list
2025-07-07 21:49:16,592 - reviewer.IncosePromptRunner - DEBUG - Entering: assemble_chain_from_template
2025-07-07 21:49:16,592 - reviewer.IncosePromptRunner - DEBUG - assemble_chain_from_template completed in 0.000743 seconds
2025-07-07 21:49:16,592 - reviewer.IncosePromptRunner - DEBUG - Entering: assemble_chain_from_template
2025-07-07 21:49:16,593 - reviewer.IncosePromptRunner - DEBUG - assemble_chain_from_template completed in 0.000392 seconds
2025-07-07 21:49:16,594 - reviewer.IncosePromptRunner - DEBUG - Entering: assemble_chain_from_template
2025-07-07 21:49:16,595 - reviewer.IncosePromptRunner - DEBUG - assemble_chain_from_template completed in 0.000403 seconds
2025-07-07 21:49:16,595 - reviewer.IncosePromptRunner - DEBUG - Entering: assemble_chain_from_template
2025-07-07 21:49:16,595 - reviewer.IncosePromptRunner - DEBUG - assemble_chain_from_template completed in 0.000366 seconds
2025-07-07 21:49:16,597 - reviewer.IncosePromptRunner - DEBUG - Entering: assemble_chain_from_template
2025-07-07 21:49:16,597 - reviewer.IncosePromptRunner - DEBUG - assemble_chain_from_template completed in 0.000419 seconds
2025-07-07 21:49:16,597 - reviewer.IncosePromptRunner - DEBUG - Entering: assemble_chain_from_template
2025-07-07 21:49:16,598 - reviewer.IncosePromptRunner - DEBUG - assemble_chain_from_template completed in 0.000409 seconds
2025-07-07 21:49:16,598 - reviewer.IncosePromptRunner - DEBUG - assemble_eval_chain_list completed in 0.006718 seconds
2025-07-07 21:49:16,598 - reviewer.PromptRunner - DEBUG - Entering: run_multiple_chains
2025-07-07 21:49:16,599 - reviewer.PromptRunner - DEBUG - run_multiple_chains completed in 0.000639 seconds
2025-07-07 21:49:16,603 - reviewer.PromptRunner - DEBUG - Entering: run_chain
2025-07-07 21:49:16,603 - reviewer.PromptRunner - DEBUG - run_chain completed in 0.000375 seconds
2025-07-07 21:49:16,605 - reviewer.PromptRunner - DEBUG - Entering: run_chain
2025-07-07 21:49:16,605 - reviewer.PromptRunner - DEBUG - run_chain completed in 0.000272 seconds
2025-07-07 21:49:16,605 - reviewer.PromptRunner - DEBUG - Entering: run_chain
2025-07-07 21:49:16,606 - reviewer.PromptRunner - DEBUG - run_chain completed in 0.000243 seconds
2025-07-07 21:49:16,606 - reviewer.PromptRunner - INFO - awaiting results...
2025-07-07 21:49:31,346 - reviewer.PromptRunner - INFO - results fetched...
2025-07-07 21:49:31,346 - reviewer.IncosePromptRunner - DEBUG - Entering: cast_results_to_frame
2025-07-07 21:49:31,349 - reviewer.IncosePromptRunner - DEBUG - cast_results_to_frame completed in 0.001485 seconds
2025-07-07 21:49:31,351 - reviewer - DEBUG - Entering: to_excel
2025-07-07 21:49:31,380 - reviewer - DEBUG - to_excel completed in 0.028013 seconds
2025-07-07 21:49:31,380 - reviewer - INFO - Exiting: iter num: 0 of run_eval_loop
2025-07-07 21:49:31,380 - reviewer - DEBUG - Entering: generate_revisions_df
2025-07-07 21:49:31,395 - reviewer - DEBUG - Entering: to_excel
2025-07-07 21:49:31,412 - reviewer - DEBUG - to_excel completed in 0.018157 seconds
2025-07-07 21:49:31,412 - reviewer - DEBUG - generate_revisions_df completed in 0.032225 seconds
2025-07-07 21:49:31,412 - reviewer - DEBUG - Entering: merge_revisions_df
2025-07-07 21:49:31,418 - reviewer - DEBUG - Entering: to_excel
2025-07-07 21:49:31,437 - reviewer - DEBUG - to_excel completed in 0.020450 seconds
2025-07-07 21:49:31,437 - reviewer - DEBUG - merge_revisions_df completed in 0.025819 seconds
