2025-07-14 16:57:58,163 - reviewer.PreprocessIncoseGuide - DEBUG - Entering: preprocess_rules_section_4
2025-07-14 16:57:58,163 - reviewer.Sectionalize - DEBUG - Entering: get_pdf_text
2025-07-14 16:57:58,642 - reviewer.Sectionalize - DEBUG - get_pdf_text completed in 0.477978 seconds
2025-07-14 16:57:58,643 - reviewer.Sectionalize - DEBUG - Entering: save_text
2025-07-14 16:57:58,644 - reviewer.Sectionalize - DEBUG - save_text completed in 0.001508 seconds
2025-07-14 16:57:58,644 - reviewer.TextPreprocessor - DEBUG - Entering: clean_text
2025-07-14 16:57:58,645 - reviewer.TextPreprocessor - DEBUG - Entering: replace
2025-07-14 16:57:58,645 - reviewer.TextPreprocessor - DEBUG - replace completed in 0.000866 seconds
2025-07-14 16:57:58,646 - reviewer.TextPreprocessor - DEBUG - Entering: remove_multi_whitespace
2025-07-14 16:57:58,652 - reviewer.TextPreprocessor - DEBUG - remove_multi_whitespace completed in 0.006264 seconds
2025-07-14 16:57:58,652 - reviewer.TextPreprocessor - DEBUG - clean_text completed in 0.007787 seconds
2025-07-14 16:57:58,653 - reviewer.Sectionalize - DEBUG - Entering: save_text
2025-07-14 16:57:58,654 - reviewer.Sectionalize - DEBUG - save_text completed in 0.001431 seconds
2025-07-14 16:57:58,654 - reviewer.Sectionalize - DEBUG - Entering: get_sections_df
2025-07-14 16:57:58,656 - reviewer.Sectionalize - DEBUG - get_sections_df completed in 0.001781 seconds
2025-07-14 16:57:58,656 - reviewer.Sectionalize - DEBUG - Entering: add_section_text
2025-07-14 16:57:58,673 - reviewer.Sectionalize - DEBUG - add_section_text completed in 0.016257 seconds
2025-07-14 16:57:58,673 - reviewer.PreprocessIncoseGuide - DEBUG - Entering: get_incose_definition
2025-07-14 16:57:58,679 - reviewer.PreprocessIncoseGuide - DEBUG - get_incose_definition completed in 0.005917 seconds
2025-07-14 16:57:58,679 - reviewer.PreprocessIncoseGuide - DEBUG - Entering: get_incose_elaboration
2025-07-14 16:57:58,685 - reviewer.PreprocessIncoseGuide - DEBUG - get_incose_elaboration completed in 0.005086 seconds
2025-07-14 16:57:58,685 - reviewer.PreprocessIncoseGuide - DEBUG - Entering: get_incose_examples
2025-07-14 16:57:58,686 - reviewer.PreprocessIncoseGuide - DEBUG - get_incose_examples completed in 0.001030 seconds
2025-07-14 16:57:58,686 - reviewer.PreprocessIncoseGuide - DEBUG - Entering: remove_bracketed_text
2025-07-14 16:57:58,688 - reviewer.PreprocessIncoseGuide - DEBUG - remove_bracketed_text completed in 0.001452 seconds
2025-07-14 16:57:58,688 - reviewer.PreprocessIncoseGuide - DEBUG - Entering: clean_incose_examples
2025-07-14 16:57:58,689 - reviewer.PreprocessIncoseGuide - DEBUG - clean_incose_examples completed in 0.001192 seconds
2025-07-14 16:57:58,689 - reviewer.PreprocessIncoseGuide - DEBUG - preprocess_rules_section_4 completed in 0.525527 seconds
2025-07-14 16:57:58,689 - reviewer.BuildTemplates - DEBUG - Entering: add_message_col_to_frame
2025-07-14 16:57:58,690 - reviewer.BuildTemplates - DEBUG - add_message_col_to_frame completed in 0.000488 seconds
2025-07-14 16:57:58,690 - reviewer.BuildTemplates - DEBUG - Entering: add_message_col_to_frame
2025-07-14 16:57:58,690 - reviewer.BuildTemplates - DEBUG - add_message_col_to_frame completed in 0.000361 seconds
2025-07-14 16:57:58,690 - reviewer.BuildTemplates - DEBUG - Entering: replace_prompt_variable_from_frame
2025-07-14 16:57:58,693 - reviewer.BuildTemplates - DEBUG - replace_prompt_variable_from_frame completed in 0.002464 seconds
2025-07-14 16:57:58,693 - reviewer.BuildTemplates - DEBUG - Entering: replace_prompt_variable_from_frame
2025-07-14 16:57:58,695 - reviewer.BuildTemplates - DEBUG - replace_prompt_variable_from_frame completed in 0.001822 seconds
2025-07-14 16:57:58,695 - reviewer.BuildTemplates - DEBUG - Entering: assemble_templates_from_df
2025-07-14 16:57:58,704 - reviewer.BuildTemplates - DEBUG - Entering: get_template_from_messages
2025-07-14 16:57:58,706 - reviewer.BuildTemplates - DEBUG - get_template_from_messages completed in 0.001338 seconds
2025-07-14 16:57:58,707 - reviewer.BuildTemplates - DEBUG - Entering: get_template_from_messages
2025-07-14 16:57:58,707 - reviewer.BuildTemplates - DEBUG - get_template_from_messages completed in 0.000369 seconds
2025-07-14 16:57:58,707 - reviewer.BuildTemplates - DEBUG - Entering: get_template_from_messages
2025-07-14 16:57:58,708 - reviewer.BuildTemplates - DEBUG - get_template_from_messages completed in 0.000281 seconds
2025-07-14 16:57:58,708 - reviewer.BuildTemplates - DEBUG - Entering: get_template_from_messages
2025-07-14 16:57:58,708 - reviewer.BuildTemplates - DEBUG - get_template_from_messages completed in 0.000250 seconds
2025-07-14 16:57:58,708 - reviewer.BuildTemplates - DEBUG - Entering: get_template_from_messages
2025-07-14 16:57:58,709 - reviewer.BuildTemplates - DEBUG - get_template_from_messages completed in 0.000539 seconds
2025-07-14 16:57:58,709 - reviewer.BuildTemplates - DEBUG - Entering: get_template_from_messages
2025-07-14 16:57:58,709 - reviewer.BuildTemplates - DEBUG - get_template_from_messages completed in 0.000255 seconds
2025-07-14 16:57:58,709 - reviewer.BuildTemplates - DEBUG - Entering: get_template_from_messages
2025-07-14 16:57:58,710 - reviewer.BuildTemplates - DEBUG - get_template_from_messages completed in 0.000225 seconds
2025-07-14 16:57:58,710 - reviewer.BuildTemplates - DEBUG - Entering: get_template_from_messages
2025-07-14 16:57:58,710 - reviewer.BuildTemplates - DEBUG - get_template_from_messages completed in 0.000252 seconds
2025-07-14 16:57:58,710 - reviewer.BuildTemplates - DEBUG - Entering: get_template_from_messages
2025-07-14 16:57:58,710 - reviewer.BuildTemplates - DEBUG - get_template_from_messages completed in 0.000273 seconds
2025-07-14 16:57:58,712 - reviewer.BuildTemplates - DEBUG - Entering: get_template_from_messages
2025-07-14 16:57:58,712 - reviewer.BuildTemplates - DEBUG - get_template_from_messages completed in 0.000283 seconds
2025-07-14 16:57:58,712 - reviewer.BuildTemplates - DEBUG - Entering: get_template_from_messages
2025-07-14 16:57:58,712 - reviewer.BuildTemplates - DEBUG - get_template_from_messages completed in 0.000276 seconds
2025-07-14 16:57:58,713 - reviewer.BuildTemplates - DEBUG - Entering: get_template_from_messages
2025-07-14 16:57:58,713 - reviewer.BuildTemplates - DEBUG - get_template_from_messages completed in 0.000238 seconds
2025-07-14 16:57:58,713 - reviewer.BuildTemplates - DEBUG - Entering: get_template_from_messages
2025-07-14 16:57:58,714 - reviewer.BuildTemplates - DEBUG - get_template_from_messages completed in 0.000305 seconds
2025-07-14 16:57:58,714 - reviewer.BuildTemplates - DEBUG - Entering: get_template_from_messages
2025-07-14 16:57:58,714 - reviewer.BuildTemplates - DEBUG - get_template_from_messages completed in 0.000327 seconds
2025-07-14 16:57:58,714 - reviewer.BuildTemplates - DEBUG - Entering: get_template_from_messages
2025-07-14 16:57:58,715 - reviewer.BuildTemplates - DEBUG - get_template_from_messages completed in 0.000264 seconds
2025-07-14 16:57:58,715 - reviewer.BuildTemplates - DEBUG - Entering: get_template_from_messages
2025-07-14 16:57:58,715 - reviewer.BuildTemplates - DEBUG - get_template_from_messages completed in 0.000235 seconds
2025-07-14 16:57:58,715 - reviewer.BuildTemplates - DEBUG - Entering: get_template_from_messages
2025-07-14 16:57:58,716 - reviewer.BuildTemplates - DEBUG - get_template_from_messages completed in 0.000277 seconds
2025-07-14 16:57:58,716 - reviewer.BuildTemplates - DEBUG - Entering: get_template_from_messages
2025-07-14 16:57:58,716 - reviewer.BuildTemplates - DEBUG - get_template_from_messages completed in 0.000243 seconds
2025-07-14 16:57:58,716 - reviewer.BuildTemplates - DEBUG - Entering: get_template_from_messages
2025-07-14 16:57:58,716 - reviewer.BuildTemplates - DEBUG - get_template_from_messages completed in 0.000291 seconds
2025-07-14 16:57:58,717 - reviewer.BuildTemplates - DEBUG - Entering: get_template_from_messages
2025-07-14 16:57:58,717 - reviewer.BuildTemplates - DEBUG - get_template_from_messages completed in 0.000337 seconds
2025-07-14 16:57:58,717 - reviewer.BuildTemplates - DEBUG - Entering: get_template_from_messages
2025-07-14 16:57:58,717 - reviewer.BuildTemplates - DEBUG - get_template_from_messages completed in 0.000337 seconds
2025-07-14 16:57:58,718 - reviewer.BuildTemplates - DEBUG - Entering: get_template_from_messages
2025-07-14 16:57:58,718 - reviewer.BuildTemplates - DEBUG - get_template_from_messages completed in 0.000293 seconds
2025-07-14 16:57:58,718 - reviewer.BuildTemplates - DEBUG - Entering: get_template_from_messages
2025-07-14 16:57:58,718 - reviewer.BuildTemplates - DEBUG - get_template_from_messages completed in 0.000248 seconds
2025-07-14 16:57:58,718 - reviewer.BuildTemplates - DEBUG - Entering: get_template_from_messages
2025-07-14 16:57:58,720 - reviewer.BuildTemplates - DEBUG - get_template_from_messages completed in 0.000271 seconds
2025-07-14 16:57:58,720 - reviewer.BuildTemplates - DEBUG - Entering: get_template_from_messages
2025-07-14 16:57:58,722 - reviewer.BuildTemplates - DEBUG - get_template_from_messages completed in 0.002993 seconds
2025-07-14 16:57:58,723 - reviewer.BuildTemplates - DEBUG - Entering: get_template_from_messages
2025-07-14 16:57:58,723 - reviewer.BuildTemplates - DEBUG - get_template_from_messages completed in 0.000356 seconds
2025-07-14 16:57:58,723 - reviewer.BuildTemplates - DEBUG - Entering: get_template_from_messages
2025-07-14 16:57:58,725 - reviewer.BuildTemplates - DEBUG - get_template_from_messages completed in 0.000320 seconds
2025-07-14 16:57:58,725 - reviewer.BuildTemplates - DEBUG - Entering: get_template_from_messages
2025-07-14 16:57:58,725 - reviewer.BuildTemplates - DEBUG - get_template_from_messages completed in 0.000278 seconds
2025-07-14 16:57:58,725 - reviewer.BuildTemplates - DEBUG - Entering: get_template_from_messages
2025-07-14 16:57:58,726 - reviewer.BuildTemplates - DEBUG - get_template_from_messages completed in 0.000277 seconds
2025-07-14 16:57:58,726 - reviewer.BuildTemplates - DEBUG - Entering: get_template_from_messages
2025-07-14 16:57:58,726 - reviewer.BuildTemplates - DEBUG - get_template_from_messages completed in 0.000250 seconds
2025-07-14 16:57:58,726 - reviewer.BuildTemplates - DEBUG - Entering: get_template_from_messages
2025-07-14 16:57:58,727 - reviewer.BuildTemplates - DEBUG - get_template_from_messages completed in 0.000317 seconds
2025-07-14 16:57:58,727 - reviewer.BuildTemplates - DEBUG - Entering: get_template_from_messages
2025-07-14 16:57:58,727 - reviewer.BuildTemplates - DEBUG - get_template_from_messages completed in 0.000261 seconds
2025-07-14 16:57:58,727 - reviewer.BuildTemplates - DEBUG - Entering: get_template_from_messages
2025-07-14 16:57:58,728 - reviewer.BuildTemplates - DEBUG - get_template_from_messages completed in 0.000255 seconds
2025-07-14 16:57:58,728 - reviewer.BuildTemplates - DEBUG - Entering: get_template_from_messages
2025-07-14 16:57:58,728 - reviewer.BuildTemplates - DEBUG - get_template_from_messages completed in 0.000280 seconds
2025-07-14 16:57:58,728 - reviewer.BuildTemplates - DEBUG - Entering: get_template_from_messages
2025-07-14 16:57:58,728 - reviewer.BuildTemplates - DEBUG - get_template_from_messages completed in 0.000291 seconds
2025-07-14 16:57:58,729 - reviewer.BuildTemplates - DEBUG - Entering: get_template_from_messages
2025-07-14 16:57:58,729 - reviewer.BuildTemplates - DEBUG - get_template_from_messages completed in 0.000302 seconds
2025-07-14 16:57:58,729 - reviewer.BuildTemplates - DEBUG - Entering: get_template_from_messages
2025-07-14 16:57:58,729 - reviewer.BuildTemplates - DEBUG - get_template_from_messages completed in 0.000304 seconds
2025-07-14 16:57:58,729 - reviewer.BuildTemplates - DEBUG - Entering: get_template_from_messages
2025-07-14 16:57:58,730 - reviewer.BuildTemplates - DEBUG - get_template_from_messages completed in 0.000307 seconds
2025-07-14 16:57:58,730 - reviewer.BuildTemplates - DEBUG - Entering: get_template_from_messages
2025-07-14 16:57:58,730 - reviewer.BuildTemplates - DEBUG - get_template_from_messages completed in 0.000272 seconds
2025-07-14 16:57:58,732 - reviewer.BuildTemplates - DEBUG - Entering: get_template_from_messages
2025-07-14 16:57:58,732 - reviewer.BuildTemplates - DEBUG - get_template_from_messages completed in 0.000570 seconds
2025-07-14 16:57:58,732 - reviewer.BuildTemplates - DEBUG - Entering: get_template_from_messages
2025-07-14 16:57:58,732 - reviewer.BuildTemplates - DEBUG - get_template_from_messages completed in 0.000318 seconds
2025-07-14 16:57:58,733 - reviewer.BuildTemplates - DEBUG - Entering: get_template_from_messages
2025-07-14 16:57:58,733 - reviewer.BuildTemplates - DEBUG - get_template_from_messages completed in 0.000269 seconds
2025-07-14 16:57:58,733 - reviewer.BuildTemplates - DEBUG - assemble_templates_from_df completed in 0.038372 seconds
2025-07-14 16:57:58,734 - reviewer - DEBUG - Entering: load_evals_config
2025-07-14 16:57:58,734 - reviewer - DEBUG - load_evals_config completed in 0.000262 seconds
2025-07-14 16:57:58,737 - reviewer - DEBUG - Entering: write_text
2025-07-14 16:57:58,738 - reviewer - DEBUG - write_text completed in 0.001938 seconds
2025-07-14 16:57:58,739 - reviewer - DEBUG - Entering: to_excel
2025-07-14 16:57:58,839 - reviewer - DEBUG - to_excel completed in 0.099337 seconds
2025-07-14 16:57:59,499 - reviewer.IncosePromptRunner - DEBUG - Entering: call_evals
2025-07-14 16:57:59,506 - reviewer.IncosePromptRunner - DEBUG - call_evals completed in 0.007741 seconds
2025-07-14 16:57:59,507 - reviewer.IncosePromptRunner - DEBUG - Entering: get_failed_evals
2025-07-14 16:57:59,508 - reviewer.IncosePromptRunner - DEBUG - get_failed_evals completed in 0.001313 seconds
2025-07-14 16:57:59,510 - reviewer - INFO - Entering: iter num 0 of run_eval_loop
2025-07-14 16:57:59,511 - reviewer - INFO - Calling evaluations for iter num 0 of run_eval_loop
2025-07-14 16:57:59,511 - reviewer.IncosePromptRunner - DEBUG - Entering: call_evals
2025-07-14 16:57:59,519 - reviewer.IncosePromptRunner - DEBUG - call_evals completed in 0.008424 seconds
2025-07-14 16:57:59,520 - reviewer.IncosePromptRunner - DEBUG - Entering: get_failed_evals
2025-07-14 16:57:59,521 - reviewer.IncosePromptRunner - DEBUG - get_failed_evals completed in 0.001290 seconds
2025-07-14 16:57:59,521 - reviewer - INFO - Evaluations completed for iter num 0 of run_eval_loop
2025-07-14 16:57:59,525 - reviewer - INFO - 5 Requirements still require evaluation
2025-07-14 16:57:59,525 - reviewer.IncosePromptRunner - DEBUG - Entering: assemble_eval_chain_list
2025-07-14 16:57:59,526 - reviewer.IncosePromptRunner - DEBUG - Entering: assemble_chain_from_template
2025-07-14 16:57:59,526 - reviewer.IncosePromptRunner - DEBUG - assemble_chain_from_template completed in 0.000528 seconds
2025-07-14 16:57:59,526 - reviewer.IncosePromptRunner - DEBUG - Entering: assemble_chain_from_template
2025-07-14 16:57:59,526 - reviewer.IncosePromptRunner - DEBUG - assemble_chain_from_template completed in 0.000229 seconds
2025-07-14 16:57:59,527 - reviewer.IncosePromptRunner - DEBUG - Entering: assemble_chain_from_template
2025-07-14 16:57:59,527 - reviewer.IncosePromptRunner - DEBUG - assemble_chain_from_template completed in 0.000215 seconds
2025-07-14 16:57:59,527 - reviewer.IncosePromptRunner - DEBUG - Entering: assemble_chain_from_template
2025-07-14 16:57:59,527 - reviewer.IncosePromptRunner - DEBUG - assemble_chain_from_template completed in 0.000205 seconds
2025-07-14 16:57:59,528 - reviewer.IncosePromptRunner - DEBUG - Entering: assemble_chain_from_template
2025-07-14 16:57:59,528 - reviewer.IncosePromptRunner - DEBUG - assemble_chain_from_template completed in 0.000198 seconds
2025-07-14 16:57:59,528 - reviewer.IncosePromptRunner - DEBUG - Entering: assemble_chain_from_template
2025-07-14 16:57:59,528 - reviewer.IncosePromptRunner - DEBUG - assemble_chain_from_template completed in 0.000209 seconds
2025-07-14 16:57:59,528 - reviewer.IncosePromptRunner - DEBUG - Entering: assemble_chain_from_template
2025-07-14 16:57:59,528 - reviewer.IncosePromptRunner - DEBUG - assemble_chain_from_template completed in 0.000208 seconds
2025-07-14 16:57:59,529 - reviewer.IncosePromptRunner - DEBUG - Entering: assemble_chain_from_template
2025-07-14 16:57:59,529 - reviewer.IncosePromptRunner - DEBUG - assemble_chain_from_template completed in 0.000270 seconds
2025-07-14 16:57:59,529 - reviewer.IncosePromptRunner - DEBUG - Entering: assemble_chain_from_template
2025-07-14 16:57:59,529 - reviewer.IncosePromptRunner - DEBUG - assemble_chain_from_template completed in 0.000201 seconds
2025-07-14 16:57:59,530 - reviewer.IncosePromptRunner - DEBUG - assemble_eval_chain_list completed in 0.004360 seconds
2025-07-14 16:57:59,530 - reviewer.PromptRunner - DEBUG - Entering: run_multiple_chains
2025-07-14 16:57:59,530 - reviewer.PromptRunner - DEBUG - run_multiple_chains completed in 0.000164 seconds
2025-07-14 16:57:59,534 - reviewer.PromptRunner - DEBUG - Entering: run_chain
2025-07-14 16:57:59,534 - reviewer.PromptRunner - DEBUG - run_chain completed in 0.000290 seconds
2025-07-14 16:57:59,535 - reviewer.PromptRunner - DEBUG - Entering: run_chain
2025-07-14 16:57:59,535 - reviewer.PromptRunner - DEBUG - run_chain completed in 0.000178 seconds
2025-07-14 16:57:59,535 - reviewer.PromptRunner - DEBUG - Entering: run_chain
2025-07-14 16:57:59,535 - reviewer.PromptRunner - DEBUG - run_chain completed in 0.000186 seconds
2025-07-14 16:57:59,535 - reviewer.PromptRunner - DEBUG - Entering: run_chain
2025-07-14 16:57:59,535 - reviewer.PromptRunner - DEBUG - run_chain completed in 0.000170 seconds
2025-07-14 16:57:59,535 - reviewer.PromptRunner - DEBUG - Entering: run_chain
2025-07-14 16:57:59,536 - reviewer.PromptRunner - DEBUG - run_chain completed in 0.000157 seconds
2025-07-14 16:57:59,536 - reviewer.PromptRunner - INFO - awaiting results...
2025-07-14 16:58:02,227 - reviewer.PromptRunner - INFO - results fetched...
2025-07-14 16:58:02,228 - reviewer.IncosePromptRunner - DEBUG - Entering: cast_results_to_frame
2025-07-14 16:58:02,229 - reviewer.IncosePromptRunner - DEBUG - cast_results_to_frame completed in 0.001085 seconds
2025-07-14 16:58:02,234 - reviewer - DEBUG - Entering: to_excel
2025-07-14 16:58:02,250 - reviewer - DEBUG - to_excel completed in 0.015519 seconds
2025-07-14 16:58:02,250 - reviewer - INFO - Exiting: iter num: 0 of run_eval_loop
2025-07-14 16:58:02,250 - reviewer - INFO - Entering: iter num 1 of run_eval_loop
2025-07-14 16:58:02,258 - reviewer - INFO - Calling evaluations for iter num 1 of run_eval_loop
2025-07-14 16:58:02,258 - reviewer.IncosePromptRunner - DEBUG - Entering: call_evals
2025-07-14 16:58:02,264 - reviewer.IncosePromptRunner - DEBUG - call_evals completed in 0.005805 seconds
2025-07-14 16:58:02,265 - reviewer.IncosePromptRunner - DEBUG - Entering: get_failed_evals
2025-07-14 16:58:02,266 - reviewer.IncosePromptRunner - DEBUG - get_failed_evals completed in 0.001228 seconds
2025-07-14 16:58:02,266 - reviewer - INFO - Evaluations completed for iter num 1 of run_eval_loop
2025-07-14 16:58:02,268 - reviewer - INFO - 1/5 Requirements passed all criteria during iter num 1 of run_eval_loop
2025-07-14 16:58:02,269 - reviewer - INFO - 4 Requirements still require evaluation
2025-07-14 16:58:02,269 - reviewer.IncosePromptRunner - DEBUG - Entering: assemble_eval_chain_list
2025-07-14 16:58:02,269 - reviewer.IncosePromptRunner - DEBUG - Entering: assemble_chain_from_template
2025-07-14 16:58:02,269 - reviewer.IncosePromptRunner - DEBUG - assemble_chain_from_template completed in 0.000252 seconds
2025-07-14 16:58:02,269 - reviewer.IncosePromptRunner - DEBUG - Entering: assemble_chain_from_template
2025-07-14 16:58:02,270 - reviewer.IncosePromptRunner - DEBUG - assemble_chain_from_template completed in 0.000194 seconds
2025-07-14 16:58:02,270 - reviewer.IncosePromptRunner - DEBUG - Entering: assemble_chain_from_template
2025-07-14 16:58:02,270 - reviewer.IncosePromptRunner - DEBUG - assemble_chain_from_template completed in 0.000236 seconds
2025-07-14 16:58:02,270 - reviewer.IncosePromptRunner - DEBUG - Entering: assemble_chain_from_template
2025-07-14 16:58:02,271 - reviewer.IncosePromptRunner - DEBUG - assemble_chain_from_template completed in 0.000195 seconds
2025-07-14 16:58:02,271 - reviewer.IncosePromptRunner - DEBUG - Entering: assemble_chain_from_template
2025-07-14 16:58:02,271 - reviewer.IncosePromptRunner - DEBUG - assemble_chain_from_template completed in 0.000185 seconds
2025-07-14 16:58:02,271 - reviewer.IncosePromptRunner - DEBUG - Entering: assemble_chain_from_template
2025-07-14 16:58:02,271 - reviewer.IncosePromptRunner - DEBUG - assemble_chain_from_template completed in 0.000181 seconds
2025-07-14 16:58:02,271 - reviewer.IncosePromptRunner - DEBUG - assemble_eval_chain_list completed in 0.002502 seconds
2025-07-14 16:58:02,272 - reviewer.PromptRunner - DEBUG - Entering: run_multiple_chains
2025-07-14 16:58:02,272 - reviewer.PromptRunner - DEBUG - run_multiple_chains completed in 0.000126 seconds
2025-07-14 16:58:02,273 - reviewer.PromptRunner - DEBUG - Entering: run_chain
2025-07-14 16:58:02,273 - reviewer.PromptRunner - DEBUG - run_chain completed in 0.000141 seconds
2025-07-14 16:58:02,273 - reviewer.PromptRunner - DEBUG - Entering: run_chain
2025-07-14 16:58:02,273 - reviewer.PromptRunner - DEBUG - run_chain completed in 0.000133 seconds
2025-07-14 16:58:02,273 - reviewer.PromptRunner - DEBUG - Entering: run_chain
2025-07-14 16:58:02,273 - reviewer.PromptRunner - DEBUG - run_chain completed in 0.000127 seconds
2025-07-14 16:58:02,274 - reviewer.PromptRunner - DEBUG - Entering: run_chain
2025-07-14 16:58:02,274 - reviewer.PromptRunner - DEBUG - run_chain completed in 0.000116 seconds
2025-07-14 16:58:02,274 - reviewer.PromptRunner - INFO - awaiting results...
2025-07-14 16:58:04,579 - reviewer.PromptRunner - INFO - results fetched...
2025-07-14 16:58:04,580 - reviewer.IncosePromptRunner - DEBUG - Entering: cast_results_to_frame
2025-07-14 16:58:04,581 - reviewer.IncosePromptRunner - DEBUG - cast_results_to_frame completed in 0.000597 seconds
2025-07-14 16:58:04,586 - reviewer - DEBUG - Entering: to_excel
2025-07-14 16:58:04,602 - reviewer - DEBUG - to_excel completed in 0.016135 seconds
2025-07-14 16:58:04,603 - reviewer - INFO - Exiting: iter num: 1 of run_eval_loop
2025-07-14 16:58:04,603 - reviewer - DEBUG - Entering: generate_revisions_df
2025-07-14 16:58:04,617 - reviewer - DEBUG - Entering: to_excel
2025-07-14 16:58:04,633 - reviewer - DEBUG - to_excel completed in 0.015725 seconds
2025-07-14 16:58:04,633 - reviewer - DEBUG - generate_revisions_df completed in 0.030200 seconds
2025-07-14 16:58:04,634 - reviewer - DEBUG - Entering: merge_revisions_df
2025-07-14 16:58:04,642 - reviewer - DEBUG - merge_revisions_df completed in 0.009139 seconds
2025-07-14 16:58:04,642 - reviewer.IncosePromptRunner - DEBUG - Entering: call_evals
2025-07-14 16:58:04,649 - reviewer.IncosePromptRunner - DEBUG - call_evals completed in 0.007092 seconds
2025-07-14 16:58:04,650 - reviewer.IncosePromptRunner - DEBUG - Entering: get_failed_evals
2025-07-14 16:58:04,651 - reviewer.IncosePromptRunner - DEBUG - get_failed_evals completed in 0.001506 seconds
2025-07-14 16:58:04,653 - reviewer - DEBUG - Entering: to_excel
2025-07-14 16:58:04,671 - reviewer - DEBUG - to_excel completed in 0.017520 seconds
2025-07-14 16:58:04,672 - reviewer - DEBUG - Entering: to_excel
2025-07-14 16:58:04,690 - reviewer - DEBUG - to_excel completed in 0.015970 seconds
