2025-07-13 17:29:23,379 - reviewer.PreprocessIncoseGuide - DEBUG - Entering: preprocess_rules_section_4
2025-07-13 17:29:23,381 - reviewer.Sectionalize - DEBUG - Entering: get_pdf_text
2025-07-13 17:29:23,843 - reviewer.Sectionalize - DEBUG - get_pdf_text completed in 0.466587 seconds
2025-07-13 17:29:23,843 - reviewer.Sectionalize - DEBUG - Entering: save_text
2025-07-13 17:29:23,843 - reviewer.Sectionalize - DEBUG - save_text completed in 0.001459 seconds
2025-07-13 17:29:23,843 - reviewer.TextPreprocessor - DEBUG - Entering: clean_text
2025-07-13 17:29:23,843 - reviewer.TextPreprocessor - DEBUG - Entering: replace
2025-07-13 17:29:23,851 - reviewer.TextPreprocessor - DEBUG - replace completed in 0.001525 seconds
2025-07-13 17:29:23,851 - reviewer.TextPreprocessor - DEBUG - Entering: remove_multi_whitespace
2025-07-13 17:29:23,860 - reviewer.TextPreprocessor - DEBUG - remove_multi_whitespace completed in 0.008866 seconds
2025-07-13 17:29:23,860 - reviewer.TextPreprocessor - DEBUG - clean_text completed in 0.011525 seconds
2025-07-13 17:29:23,860 - reviewer.Sectionalize - DEBUG - Entering: save_text
2025-07-13 17:29:23,863 - reviewer.Sectionalize - DEBUG - save_text completed in 0.001415 seconds
2025-07-13 17:29:23,863 - reviewer.Sectionalize - DEBUG - Entering: get_sections_df
2025-07-13 17:29:23,865 - reviewer.Sectionalize - DEBUG - get_sections_df completed in 0.003731 seconds
2025-07-13 17:29:23,865 - reviewer.Sectionalize - DEBUG - Entering: add_section_text
2025-07-13 17:29:23,892 - reviewer.Sectionalize - DEBUG - add_section_text completed in 0.024658 seconds
2025-07-13 17:29:23,892 - reviewer.PreprocessIncoseGuide - DEBUG - Entering: get_incose_definition
2025-07-13 17:29:23,899 - reviewer.PreprocessIncoseGuide - DEBUG - get_incose_definition completed in 0.006985 seconds
2025-07-13 17:29:23,900 - reviewer.PreprocessIncoseGuide - DEBUG - Entering: get_incose_elaboration
2025-07-13 17:29:23,905 - reviewer.PreprocessIncoseGuide - DEBUG - get_incose_elaboration completed in 0.005707 seconds
2025-07-13 17:29:23,905 - reviewer.PreprocessIncoseGuide - DEBUG - Entering: get_incose_examples
2025-07-13 17:29:23,907 - reviewer.PreprocessIncoseGuide - DEBUG - get_incose_examples completed in 0.001265 seconds
2025-07-13 17:29:23,907 - reviewer.PreprocessIncoseGuide - DEBUG - Entering: remove_bracketed_text
2025-07-13 17:29:23,907 - reviewer.PreprocessIncoseGuide - DEBUG - remove_bracketed_text completed in 0.001540 seconds
2025-07-13 17:29:23,909 - reviewer.PreprocessIncoseGuide - DEBUG - Entering: clean_incose_examples
2025-07-13 17:29:23,910 - reviewer.PreprocessIncoseGuide - DEBUG - clean_incose_examples completed in 0.001181 seconds
2025-07-13 17:29:23,910 - reviewer.PreprocessIncoseGuide - DEBUG - preprocess_rules_section_4 completed in 0.530447 seconds
2025-07-13 17:29:23,910 - reviewer.BuildTemplates - DEBUG - Entering: add_message_col_to_frame
2025-07-13 17:29:23,911 - reviewer.BuildTemplates - DEBUG - add_message_col_to_frame completed in 0.000565 seconds
2025-07-13 17:29:23,912 - reviewer.BuildTemplates - DEBUG - Entering: add_message_col_to_frame
2025-07-13 17:29:23,912 - reviewer.BuildTemplates - DEBUG - add_message_col_to_frame completed in 0.000648 seconds
2025-07-13 17:29:23,912 - reviewer.BuildTemplates - DEBUG - Entering: replace_prompt_variable_from_frame
2025-07-13 17:29:23,917 - reviewer.BuildTemplates - DEBUG - replace_prompt_variable_from_frame completed in 0.005138 seconds
2025-07-13 17:29:23,917 - reviewer.BuildTemplates - DEBUG - Entering: replace_prompt_variable_from_frame
2025-07-13 17:29:23,920 - reviewer.BuildTemplates - DEBUG - replace_prompt_variable_from_frame completed in 0.002895 seconds
2025-07-13 17:29:23,920 - reviewer.BuildTemplates - DEBUG - Entering: assemble_templates_from_df
2025-07-13 17:29:23,933 - reviewer.BuildTemplates - DEBUG - Entering: get_template_from_messages
2025-07-13 17:29:23,935 - reviewer.BuildTemplates - DEBUG - get_template_from_messages completed in 0.002287 seconds
2025-07-13 17:29:23,936 - reviewer.BuildTemplates - DEBUG - Entering: get_template_from_messages
2025-07-13 17:29:23,936 - reviewer.BuildTemplates - DEBUG - get_template_from_messages completed in 0.000436 seconds
2025-07-13 17:29:23,936 - reviewer.BuildTemplates - DEBUG - Entering: get_template_from_messages
2025-07-13 17:29:23,936 - reviewer.BuildTemplates - DEBUG - get_template_from_messages completed in 0.000377 seconds
2025-07-13 17:29:23,938 - reviewer.BuildTemplates - DEBUG - Entering: get_template_from_messages
2025-07-13 17:29:23,938 - reviewer.BuildTemplates - DEBUG - get_template_from_messages completed in 0.000373 seconds
2025-07-13 17:29:23,938 - reviewer.BuildTemplates - DEBUG - Entering: get_template_from_messages
2025-07-13 17:29:23,939 - reviewer.BuildTemplates - DEBUG - get_template_from_messages completed in 0.000513 seconds
2025-07-13 17:29:23,939 - reviewer.BuildTemplates - DEBUG - Entering: get_template_from_messages
2025-07-13 17:29:23,939 - reviewer.BuildTemplates - DEBUG - get_template_from_messages completed in 0.000342 seconds
2025-07-13 17:29:23,939 - reviewer.BuildTemplates - DEBUG - Entering: get_template_from_messages
2025-07-13 17:29:23,939 - reviewer.BuildTemplates - DEBUG - get_template_from_messages completed in 0.000387 seconds
2025-07-13 17:29:23,939 - reviewer.BuildTemplates - DEBUG - Entering: get_template_from_messages
2025-07-13 17:29:23,939 - reviewer.BuildTemplates - DEBUG - get_template_from_messages completed in 0.000317 seconds
2025-07-13 17:29:23,941 - reviewer.BuildTemplates - DEBUG - Entering: get_template_from_messages
2025-07-13 17:29:23,941 - reviewer.BuildTemplates - DEBUG - get_template_from_messages completed in 0.000335 seconds
2025-07-13 17:29:23,941 - reviewer.BuildTemplates - DEBUG - Entering: get_template_from_messages
2025-07-13 17:29:23,941 - reviewer.BuildTemplates - DEBUG - get_template_from_messages completed in 0.000287 seconds
2025-07-13 17:29:23,941 - reviewer.BuildTemplates - DEBUG - Entering: get_template_from_messages
2025-07-13 17:29:23,941 - reviewer.BuildTemplates - DEBUG - get_template_from_messages completed in 0.000335 seconds
2025-07-13 17:29:23,941 - reviewer.BuildTemplates - DEBUG - Entering: get_template_from_messages
2025-07-13 17:29:23,941 - reviewer.BuildTemplates - DEBUG - get_template_from_messages completed in 0.000318 seconds
2025-07-13 17:29:23,941 - reviewer.BuildTemplates - DEBUG - Entering: get_template_from_messages
2025-07-13 17:29:23,941 - reviewer.BuildTemplates - DEBUG - get_template_from_messages completed in 0.000344 seconds
2025-07-13 17:29:23,945 - reviewer.BuildTemplates - DEBUG - Entering: get_template_from_messages
2025-07-13 17:29:23,945 - reviewer.BuildTemplates - DEBUG - get_template_from_messages completed in 0.000316 seconds
2025-07-13 17:29:23,945 - reviewer.BuildTemplates - DEBUG - Entering: get_template_from_messages
2025-07-13 17:29:23,945 - reviewer.BuildTemplates - DEBUG - get_template_from_messages completed in 0.000332 seconds
2025-07-13 17:29:23,945 - reviewer.BuildTemplates - DEBUG - Entering: get_template_from_messages
2025-07-13 17:29:23,945 - reviewer.BuildTemplates - DEBUG - get_template_from_messages completed in 0.000363 seconds
2025-07-13 17:29:23,945 - reviewer.BuildTemplates - DEBUG - Entering: get_template_from_messages
2025-07-13 17:29:23,947 - reviewer.BuildTemplates - DEBUG - get_template_from_messages completed in 0.000353 seconds
2025-07-13 17:29:23,947 - reviewer.BuildTemplates - DEBUG - Entering: get_template_from_messages
2025-07-13 17:29:23,947 - reviewer.BuildTemplates - DEBUG - get_template_from_messages completed in 0.000424 seconds
2025-07-13 17:29:23,948 - reviewer.BuildTemplates - DEBUG - Entering: get_template_from_messages
2025-07-13 17:29:23,948 - reviewer.BuildTemplates - DEBUG - get_template_from_messages completed in 0.000274 seconds
2025-07-13 17:29:23,948 - reviewer.BuildTemplates - DEBUG - Entering: get_template_from_messages
2025-07-13 17:29:23,948 - reviewer.BuildTemplates - DEBUG - get_template_from_messages completed in 0.000335 seconds
2025-07-13 17:29:23,948 - reviewer.BuildTemplates - DEBUG - Entering: get_template_from_messages
2025-07-13 17:29:23,948 - reviewer.BuildTemplates - DEBUG - get_template_from_messages completed in 0.000352 seconds
2025-07-13 17:29:23,948 - reviewer.BuildTemplates - DEBUG - Entering: get_template_from_messages
2025-07-13 17:29:23,948 - reviewer.BuildTemplates - DEBUG - get_template_from_messages completed in 0.000362 seconds
2025-07-13 17:29:23,951 - reviewer.BuildTemplates - DEBUG - Entering: get_template_from_messages
2025-07-13 17:29:23,951 - reviewer.BuildTemplates - DEBUG - get_template_from_messages completed in 0.000356 seconds
2025-07-13 17:29:23,951 - reviewer.BuildTemplates - DEBUG - Entering: get_template_from_messages
2025-07-13 17:29:23,952 - reviewer.BuildTemplates - DEBUG - get_template_from_messages completed in 0.000302 seconds
2025-07-13 17:29:23,952 - reviewer.BuildTemplates - DEBUG - Entering: get_template_from_messages
2025-07-13 17:29:23,952 - reviewer.BuildTemplates - DEBUG - get_template_from_messages completed in 0.000435 seconds
2025-07-13 17:29:23,952 - reviewer.BuildTemplates - DEBUG - Entering: get_template_from_messages
2025-07-13 17:29:23,952 - reviewer.BuildTemplates - DEBUG - get_template_from_messages completed in 0.000291 seconds
2025-07-13 17:29:23,952 - reviewer.BuildTemplates - DEBUG - Entering: get_template_from_messages
2025-07-13 17:29:23,952 - reviewer.BuildTemplates - DEBUG - get_template_from_messages completed in 0.000293 seconds
2025-07-13 17:29:23,952 - reviewer.BuildTemplates - DEBUG - Entering: get_template_from_messages
2025-07-13 17:29:23,952 - reviewer.BuildTemplates - DEBUG - get_template_from_messages completed in 0.000298 seconds
2025-07-13 17:29:23,952 - reviewer.BuildTemplates - DEBUG - Entering: get_template_from_messages
2025-07-13 17:29:23,952 - reviewer.BuildTemplates - DEBUG - get_template_from_messages completed in 0.000329 seconds
2025-07-13 17:29:23,952 - reviewer.BuildTemplates - DEBUG - Entering: get_template_from_messages
2025-07-13 17:29:23,952 - reviewer.BuildTemplates - DEBUG - get_template_from_messages completed in 0.000354 seconds
2025-07-13 17:29:23,952 - reviewer.BuildTemplates - DEBUG - Entering: get_template_from_messages
2025-07-13 17:29:23,952 - reviewer.BuildTemplates - DEBUG - get_template_from_messages completed in 0.000288 seconds
2025-07-13 17:29:23,957 - reviewer.BuildTemplates - DEBUG - Entering: get_template_from_messages
2025-07-13 17:29:23,957 - reviewer.BuildTemplates - DEBUG - get_template_from_messages completed in 0.000386 seconds
2025-07-13 17:29:23,957 - reviewer.BuildTemplates - DEBUG - Entering: get_template_from_messages
2025-07-13 17:29:23,957 - reviewer.BuildTemplates - DEBUG - get_template_from_messages completed in 0.000325 seconds
2025-07-13 17:29:23,957 - reviewer.BuildTemplates - DEBUG - Entering: get_template_from_messages
2025-07-13 17:29:23,957 - reviewer.BuildTemplates - DEBUG - get_template_from_messages completed in 0.000351 seconds
2025-07-13 17:29:23,959 - reviewer.BuildTemplates - DEBUG - Entering: get_template_from_messages
2025-07-13 17:29:23,959 - reviewer.BuildTemplates - DEBUG - get_template_from_messages completed in 0.000281 seconds
2025-07-13 17:29:23,959 - reviewer.BuildTemplates - DEBUG - Entering: get_template_from_messages
2025-07-13 17:29:23,959 - reviewer.BuildTemplates - DEBUG - get_template_from_messages completed in 0.000254 seconds
2025-07-13 17:29:23,959 - reviewer.BuildTemplates - DEBUG - Entering: get_template_from_messages
2025-07-13 17:29:23,959 - reviewer.BuildTemplates - DEBUG - get_template_from_messages completed in 0.000231 seconds
2025-07-13 17:29:23,959 - reviewer.BuildTemplates - DEBUG - Entering: get_template_from_messages
2025-07-13 17:29:23,961 - reviewer.BuildTemplates - DEBUG - get_template_from_messages completed in 0.000242 seconds
2025-07-13 17:29:23,961 - reviewer.BuildTemplates - DEBUG - Entering: get_template_from_messages
2025-07-13 17:29:23,961 - reviewer.BuildTemplates - DEBUG - get_template_from_messages completed in 0.000312 seconds
2025-07-13 17:29:23,961 - reviewer.BuildTemplates - DEBUG - Entering: get_template_from_messages
2025-07-13 17:29:23,961 - reviewer.BuildTemplates - DEBUG - get_template_from_messages completed in 0.000259 seconds
2025-07-13 17:29:23,962 - reviewer.BuildTemplates - DEBUG - Entering: get_template_from_messages
2025-07-13 17:29:23,962 - reviewer.BuildTemplates - DEBUG - get_template_from_messages completed in 0.000292 seconds
2025-07-13 17:29:23,962 - reviewer.BuildTemplates - DEBUG - Entering: get_template_from_messages
2025-07-13 17:29:23,962 - reviewer.BuildTemplates - DEBUG - get_template_from_messages completed in 0.000377 seconds
2025-07-13 17:29:23,962 - reviewer.BuildTemplates - DEBUG - assemble_templates_from_df completed in 0.042240 seconds
2025-07-13 17:29:23,962 - reviewer - DEBUG - Entering: load_evals_config
2025-07-13 17:29:23,962 - reviewer - DEBUG - load_evals_config completed in 0.000176 seconds
2025-07-13 17:29:23,965 - reviewer - DEBUG - Entering: write_text
2025-07-13 17:29:23,967 - reviewer - DEBUG - write_text completed in 0.002158 seconds
2025-07-13 17:29:23,967 - reviewer - DEBUG - Entering: to_excel
2025-07-13 17:29:24,019 - reviewer - DEBUG - to_excel completed in 0.051042 seconds
2025-07-13 17:29:25,450 - reviewer.IncosePromptRunner - DEBUG - Entering: call_evals
2025-07-13 17:29:26,057 - reviewer.IncosePromptRunner - DEBUG - call_evals completed in 0.600071 seconds
2025-07-13 17:29:26,057 - reviewer.IncosePromptRunner - DEBUG - Entering: get_failed_evals
2025-07-13 17:29:26,061 - reviewer.IncosePromptRunner - DEBUG - get_failed_evals completed in 0.002885 seconds
2025-07-13 17:29:26,067 - reviewer - INFO - Entering: iter num 0 of run_eval_loop
2025-07-13 17:29:26,067 - reviewer - INFO - Calling evaluations for iter num 0 of run_eval_loop
2025-07-13 17:29:26,070 - reviewer.IncosePromptRunner - DEBUG - Entering: call_evals
2025-07-13 17:29:26,092 - reviewer.IncosePromptRunner - DEBUG - call_evals completed in 0.022366 seconds
2025-07-13 17:29:26,092 - reviewer.IncosePromptRunner - DEBUG - Entering: get_failed_evals
2025-07-13 17:29:26,095 - reviewer.IncosePromptRunner - DEBUG - get_failed_evals completed in 0.004149 seconds
2025-07-13 17:29:26,097 - reviewer - INFO - Evaluations completed for iter num 0 of run_eval_loop
2025-07-13 17:29:26,110 - reviewer - INFO - 5 Requirements still require evaluation
2025-07-13 17:29:26,110 - reviewer.IncosePromptRunner - DEBUG - Entering: assemble_eval_chain_list
2025-07-13 17:29:26,110 - reviewer.IncosePromptRunner - DEBUG - Entering: assemble_chain_from_template
2025-07-13 17:29:26,110 - reviewer.IncosePromptRunner - DEBUG - assemble_chain_from_template completed in 0.001001 seconds
2025-07-13 17:29:26,110 - reviewer.IncosePromptRunner - DEBUG - Entering: assemble_chain_from_template
2025-07-13 17:29:26,114 - reviewer.IncosePromptRunner - DEBUG - assemble_chain_from_template completed in 0.000591 seconds
2025-07-13 17:29:26,114 - reviewer.IncosePromptRunner - DEBUG - Entering: assemble_chain_from_template
2025-07-13 17:29:26,114 - reviewer.IncosePromptRunner - DEBUG - assemble_chain_from_template completed in 0.000725 seconds
2025-07-13 17:29:26,114 - reviewer.IncosePromptRunner - DEBUG - Entering: assemble_chain_from_template
2025-07-13 17:29:26,114 - reviewer.IncosePromptRunner - DEBUG - assemble_chain_from_template completed in 0.000420 seconds
2025-07-13 17:29:26,114 - reviewer.IncosePromptRunner - DEBUG - Entering: assemble_chain_from_template
2025-07-13 17:29:26,114 - reviewer.IncosePromptRunner - DEBUG - assemble_chain_from_template completed in 0.000400 seconds
2025-07-13 17:29:26,114 - reviewer.IncosePromptRunner - DEBUG - Entering: assemble_chain_from_template
2025-07-13 17:29:26,114 - reviewer.IncosePromptRunner - DEBUG - assemble_chain_from_template completed in 0.000347 seconds
2025-07-13 17:29:26,118 - reviewer.IncosePromptRunner - DEBUG - Entering: assemble_chain_from_template
2025-07-13 17:29:26,118 - reviewer.IncosePromptRunner - DEBUG - assemble_chain_from_template completed in 0.000398 seconds
2025-07-13 17:29:26,118 - reviewer.IncosePromptRunner - DEBUG - Entering: assemble_chain_from_template
2025-07-13 17:29:26,120 - reviewer.IncosePromptRunner - DEBUG - assemble_chain_from_template completed in 0.000599 seconds
2025-07-13 17:29:26,120 - reviewer.IncosePromptRunner - DEBUG - Entering: assemble_chain_from_template
2025-07-13 17:29:26,120 - reviewer.IncosePromptRunner - DEBUG - assemble_chain_from_template completed in 0.000373 seconds
2025-07-13 17:29:26,121 - reviewer.IncosePromptRunner - DEBUG - assemble_eval_chain_list completed in 0.009671 seconds
2025-07-13 17:29:26,121 - reviewer.PromptRunner - DEBUG - Entering: run_multiple_chains
2025-07-13 17:29:26,122 - reviewer.PromptRunner - DEBUG - run_multiple_chains completed in 0.000404 seconds
2025-07-13 17:29:26,126 - reviewer.PromptRunner - DEBUG - Entering: run_chain
2025-07-13 17:29:26,126 - reviewer.PromptRunner - DEBUG - run_chain completed in 0.000338 seconds
2025-07-13 17:29:26,126 - reviewer.PromptRunner - DEBUG - Entering: run_chain
2025-07-13 17:29:26,126 - reviewer.PromptRunner - DEBUG - run_chain completed in 0.000310 seconds
2025-07-13 17:29:26,129 - reviewer.PromptRunner - DEBUG - Entering: run_chain
2025-07-13 17:29:26,129 - reviewer.PromptRunner - DEBUG - run_chain completed in 0.000289 seconds
2025-07-13 17:29:26,129 - reviewer.PromptRunner - DEBUG - Entering: run_chain
2025-07-13 17:29:26,130 - reviewer.PromptRunner - DEBUG - run_chain completed in 0.000270 seconds
2025-07-13 17:29:26,131 - reviewer.PromptRunner - DEBUG - Entering: run_chain
2025-07-13 17:29:26,131 - reviewer.PromptRunner - DEBUG - run_chain completed in 0.000319 seconds
2025-07-13 17:29:26,131 - reviewer.PromptRunner - INFO - awaiting results...
2025-07-13 17:29:28,927 - reviewer.PromptRunner - INFO - results fetched...
2025-07-13 17:29:28,927 - reviewer.IncosePromptRunner - DEBUG - Entering: cast_results_to_frame
2025-07-13 17:29:28,927 - reviewer.IncosePromptRunner - DEBUG - cast_results_to_frame completed in 0.000900 seconds
2025-07-13 17:29:28,937 - reviewer - DEBUG - Entering: to_excel
2025-07-13 17:29:28,969 - reviewer - DEBUG - to_excel completed in 0.032174 seconds
2025-07-13 17:29:28,972 - reviewer - INFO - Exiting: iter num: 0 of run_eval_loop
2025-07-13 17:29:28,972 - reviewer - INFO - Entering: iter num 1 of run_eval_loop
2025-07-13 17:29:28,993 - reviewer - INFO - Calling evaluations for iter num 1 of run_eval_loop
2025-07-13 17:29:28,993 - reviewer.IncosePromptRunner - DEBUG - Entering: call_evals
2025-07-13 17:29:29,011 - reviewer.IncosePromptRunner - DEBUG - call_evals completed in 0.019114 seconds
2025-07-13 17:29:29,013 - reviewer.IncosePromptRunner - DEBUG - Entering: get_failed_evals
2025-07-13 17:29:29,014 - reviewer.IncosePromptRunner - DEBUG - get_failed_evals completed in 0.002206 seconds
2025-07-13 17:29:29,014 - reviewer - INFO - Evaluations completed for iter num 1 of run_eval_loop
2025-07-13 17:29:29,018 - reviewer - INFO - 2/5 Requirements passed all criteria during iter num 1 of run_eval_loop
2025-07-13 17:29:29,019 - reviewer - INFO - 3 Requirements still require evaluation
2025-07-13 17:29:29,021 - reviewer.IncosePromptRunner - DEBUG - Entering: assemble_eval_chain_list
2025-07-13 17:29:29,023 - reviewer.IncosePromptRunner - DEBUG - Entering: assemble_chain_from_template
2025-07-13 17:29:29,023 - reviewer.IncosePromptRunner - DEBUG - assemble_chain_from_template completed in 0.000763 seconds
2025-07-13 17:29:29,023 - reviewer.IncosePromptRunner - DEBUG - Entering: assemble_chain_from_template
2025-07-13 17:29:29,023 - reviewer.IncosePromptRunner - DEBUG - assemble_chain_from_template completed in 0.000620 seconds
2025-07-13 17:29:29,023 - reviewer.IncosePromptRunner - DEBUG - Entering: assemble_chain_from_template
2025-07-13 17:29:29,023 - reviewer.IncosePromptRunner - DEBUG - assemble_chain_from_template completed in 0.000407 seconds
2025-07-13 17:29:29,026 - reviewer.IncosePromptRunner - DEBUG - assemble_eval_chain_list completed in 0.004810 seconds
2025-07-13 17:29:29,026 - reviewer.PromptRunner - DEBUG - Entering: run_multiple_chains
2025-07-13 17:29:29,026 - reviewer.PromptRunner - DEBUG - run_multiple_chains completed in 0.000278 seconds
2025-07-13 17:29:29,027 - reviewer.PromptRunner - DEBUG - Entering: run_chain
2025-07-13 17:29:29,027 - reviewer.PromptRunner - DEBUG - run_chain completed in 0.000248 seconds
2025-07-13 17:29:29,027 - reviewer.PromptRunner - DEBUG - Entering: run_chain
2025-07-13 17:29:29,027 - reviewer.PromptRunner - DEBUG - run_chain completed in 0.000277 seconds
2025-07-13 17:29:29,027 - reviewer.PromptRunner - DEBUG - Entering: run_chain
2025-07-13 17:29:29,027 - reviewer.PromptRunner - DEBUG - run_chain completed in 0.000264 seconds
2025-07-13 17:29:29,027 - reviewer.PromptRunner - INFO - awaiting results...
2025-07-13 17:29:32,009 - reviewer.PromptRunner - INFO - results fetched...
2025-07-13 17:29:32,011 - reviewer.IncosePromptRunner - DEBUG - Entering: cast_results_to_frame
2025-07-13 17:29:32,013 - reviewer.IncosePromptRunner - DEBUG - cast_results_to_frame completed in 0.001134 seconds
2025-07-13 17:29:32,021 - reviewer - DEBUG - Entering: to_excel
2025-07-13 17:29:32,053 - reviewer - DEBUG - to_excel completed in 0.031383 seconds
2025-07-13 17:29:32,053 - reviewer - INFO - Exiting: iter num: 1 of run_eval_loop
2025-07-13 17:29:32,054 - reviewer - INFO - Entering: iter num 2 of run_eval_loop
2025-07-13 17:29:32,067 - reviewer - INFO - Calling evaluations for iter num 2 of run_eval_loop
2025-07-13 17:29:32,068 - reviewer.IncosePromptRunner - DEBUG - Entering: call_evals
2025-07-13 17:29:32,079 - reviewer.IncosePromptRunner - DEBUG - call_evals completed in 0.011154 seconds
2025-07-13 17:29:32,080 - reviewer.IncosePromptRunner - DEBUG - Entering: get_failed_evals
2025-07-13 17:29:32,082 - reviewer.IncosePromptRunner - DEBUG - get_failed_evals completed in 0.001893 seconds
2025-07-13 17:29:32,083 - reviewer - INFO - Evaluations completed for iter num 2 of run_eval_loop
2025-07-13 17:29:32,085 - reviewer - INFO - 1/3 Requirements passed all criteria during iter num 2 of run_eval_loop
2025-07-13 17:29:32,086 - reviewer - INFO - 2 Requirements still require evaluation
2025-07-13 17:29:32,086 - reviewer.IncosePromptRunner - DEBUG - Entering: assemble_eval_chain_list
2025-07-13 17:29:32,087 - reviewer.IncosePromptRunner - DEBUG - Entering: assemble_chain_from_template
2025-07-13 17:29:32,087 - reviewer.IncosePromptRunner - DEBUG - assemble_chain_from_template completed in 0.000504 seconds
2025-07-13 17:29:32,087 - reviewer.IncosePromptRunner - DEBUG - Entering: assemble_chain_from_template
2025-07-13 17:29:32,087 - reviewer.IncosePromptRunner - DEBUG - assemble_chain_from_template completed in 0.000525 seconds
2025-07-13 17:29:32,089 - reviewer.IncosePromptRunner - DEBUG - Entering: assemble_chain_from_template
2025-07-13 17:29:32,089 - reviewer.IncosePromptRunner - DEBUG - assemble_chain_from_template completed in 0.000751 seconds
2025-07-13 17:29:32,089 - reviewer.IncosePromptRunner - DEBUG - assemble_eval_chain_list completed in 0.003968 seconds
2025-07-13 17:29:32,091 - reviewer.PromptRunner - DEBUG - Entering: run_multiple_chains
2025-07-13 17:29:32,091 - reviewer.PromptRunner - DEBUG - run_multiple_chains completed in 0.000243 seconds
2025-07-13 17:29:32,092 - reviewer.PromptRunner - DEBUG - Entering: run_chain
2025-07-13 17:29:32,092 - reviewer.PromptRunner - DEBUG - run_chain completed in 0.000262 seconds
2025-07-13 17:29:32,092 - reviewer.PromptRunner - DEBUG - Entering: run_chain
2025-07-13 17:29:32,093 - reviewer.PromptRunner - DEBUG - run_chain completed in 0.000253 seconds
2025-07-13 17:29:32,093 - reviewer.PromptRunner - INFO - awaiting results...
2025-07-13 17:29:35,896 - reviewer.PromptRunner - INFO - results fetched...
2025-07-13 17:29:35,898 - reviewer.IncosePromptRunner - DEBUG - Entering: cast_results_to_frame
2025-07-13 17:29:35,899 - reviewer.IncosePromptRunner - DEBUG - cast_results_to_frame completed in 0.001030 seconds
2025-07-13 17:29:35,905 - reviewer - DEBUG - Entering: to_excel
2025-07-13 17:29:35,936 - reviewer - DEBUG - to_excel completed in 0.031076 seconds
2025-07-13 17:29:35,939 - reviewer - INFO - Exiting: iter num: 2 of run_eval_loop
2025-07-13 17:29:35,940 - reviewer - DEBUG - Entering: generate_revisions_df
2025-07-13 17:29:35,988 - reviewer - DEBUG - Entering: to_excel
2025-07-13 17:29:36,015 - reviewer - DEBUG - to_excel completed in 0.027046 seconds
2025-07-13 17:29:36,016 - reviewer - DEBUG - generate_revisions_df completed in 0.076170 seconds
2025-07-13 17:29:36,016 - reviewer - DEBUG - Entering: merge_revisions_df
2025-07-13 17:29:36,030 - reviewer - DEBUG - merge_revisions_df completed in 0.013456 seconds
2025-07-13 17:29:36,030 - reviewer.IncosePromptRunner - DEBUG - Entering: call_evals
2025-07-13 17:29:36,044 - reviewer.IncosePromptRunner - DEBUG - call_evals completed in 0.014456 seconds
2025-07-13 17:29:36,044 - reviewer.IncosePromptRunner - DEBUG - Entering: get_failed_evals
2025-07-13 17:29:36,048 - reviewer.IncosePromptRunner - DEBUG - get_failed_evals completed in 0.002916 seconds
2025-07-13 17:29:36,051 - reviewer - DEBUG - Entering: to_excel
2025-07-13 17:29:36,084 - reviewer - DEBUG - to_excel completed in 0.032269 seconds
