2025-07-11 11:33:00,354 - reviewer.PreprocessIncoseGuide - DEBUG - Entering: preprocess_rules_section_4
2025-07-11 11:33:00,354 - reviewer.Sectionalize - DEBUG - Entering: get_pdf_text
2025-07-11 11:33:00,773 - reviewer.Sectionalize - DEBUG - get_pdf_text completed in 0.418267 seconds
2025-07-11 11:33:00,773 - reviewer.Sectionalize - DEBUG - Entering: save_text
2025-07-11 11:33:00,775 - reviewer.Sectionalize - DEBUG - save_text completed in 0.001351 seconds
2025-07-11 11:33:00,775 - reviewer.TextPreprocessor - DEBUG - Entering: clean_text
2025-07-11 11:33:00,775 - reviewer.TextPreprocessor - DEBUG - Entering: replace
2025-07-11 11:33:00,776 - reviewer.TextPreprocessor - DEBUG - replace completed in 0.000801 seconds
2025-07-11 11:33:00,776 - reviewer.TextPreprocessor - DEBUG - Entering: remove_multi_whitespace
2025-07-11 11:33:00,782 - reviewer.TextPreprocessor - DEBUG - remove_multi_whitespace completed in 0.006091 seconds
2025-07-11 11:33:00,783 - reviewer.TextPreprocessor - DEBUG - clean_text completed in 0.007750 seconds
2025-07-11 11:33:00,783 - reviewer.Sectionalize - DEBUG - Entering: save_text
2025-07-11 11:33:00,784 - reviewer.Sectionalize - DEBUG - save_text completed in 0.001393 seconds
2025-07-11 11:33:00,785 - reviewer.Sectionalize - DEBUG - Entering: get_sections_df
2025-07-11 11:33:00,788 - reviewer.Sectionalize - DEBUG - get_sections_df completed in 0.003037 seconds
2025-07-11 11:33:00,788 - reviewer.Sectionalize - DEBUG - Entering: add_section_text
2025-07-11 11:33:00,797 - reviewer.Sectionalize - DEBUG - add_section_text completed in 0.009680 seconds
2025-07-11 11:33:00,797 - reviewer.PreprocessIncoseGuide - DEBUG - Entering: get_incose_definition
2025-07-11 11:33:00,803 - reviewer.PreprocessIncoseGuide - DEBUG - get_incose_definition completed in 0.005326 seconds
2025-07-11 11:33:00,803 - reviewer.PreprocessIncoseGuide - DEBUG - Entering: get_incose_elaboration
2025-07-11 11:33:00,808 - reviewer.PreprocessIncoseGuide - DEBUG - get_incose_elaboration completed in 0.004224 seconds
2025-07-11 11:33:00,808 - reviewer.PreprocessIncoseGuide - DEBUG - Entering: get_incose_examples
2025-07-11 11:33:00,809 - reviewer.PreprocessIncoseGuide - DEBUG - get_incose_examples completed in 0.000801 seconds
2025-07-11 11:33:00,809 - reviewer.PreprocessIncoseGuide - DEBUG - Entering: remove_bracketed_text
2025-07-11 11:33:00,810 - reviewer.PreprocessIncoseGuide - DEBUG - remove_bracketed_text completed in 0.001165 seconds
2025-07-11 11:33:00,811 - reviewer.PreprocessIncoseGuide - DEBUG - Entering: clean_incose_examples
2025-07-11 11:33:00,811 - reviewer.PreprocessIncoseGuide - DEBUG - clean_incose_examples completed in 0.000862 seconds
2025-07-11 11:33:00,811 - reviewer.PreprocessIncoseGuide - DEBUG - preprocess_rules_section_4 completed in 0.457303 seconds
2025-07-11 11:33:00,812 - reviewer.BuildTemplates - DEBUG - Entering: add_message_col_to_frame
2025-07-11 11:33:00,812 - reviewer.BuildTemplates - DEBUG - add_message_col_to_frame completed in 0.000342 seconds
2025-07-11 11:33:00,812 - reviewer.BuildTemplates - DEBUG - Entering: add_message_col_to_frame
2025-07-11 11:33:00,812 - reviewer.BuildTemplates - DEBUG - add_message_col_to_frame completed in 0.000317 seconds
2025-07-11 11:33:00,812 - reviewer.BuildTemplates - DEBUG - Entering: replace_prompt_variable_from_frame
2025-07-11 11:33:00,815 - reviewer.BuildTemplates - DEBUG - replace_prompt_variable_from_frame completed in 0.002230 seconds
2025-07-11 11:33:00,815 - reviewer.BuildTemplates - DEBUG - Entering: replace_prompt_variable_from_frame
2025-07-11 11:33:00,817 - reviewer.BuildTemplates - DEBUG - replace_prompt_variable_from_frame completed in 0.001774 seconds
2025-07-11 11:33:00,817 - reviewer.BuildTemplates - DEBUG - Entering: assemble_templates_from_df
2025-07-11 11:33:00,825 - reviewer.BuildTemplates - DEBUG - Entering: get_template_from_messages
2025-07-11 11:33:00,826 - reviewer.BuildTemplates - DEBUG - get_template_from_messages completed in 0.001089 seconds
2025-07-11 11:33:00,826 - reviewer.BuildTemplates - DEBUG - Entering: get_template_from_messages
2025-07-11 11:33:00,828 - reviewer.BuildTemplates - DEBUG - get_template_from_messages completed in 0.000328 seconds
2025-07-11 11:33:00,828 - reviewer.BuildTemplates - DEBUG - Entering: get_template_from_messages
2025-07-11 11:33:00,828 - reviewer.BuildTemplates - DEBUG - get_template_from_messages completed in 0.000269 seconds
2025-07-11 11:33:00,828 - reviewer.BuildTemplates - DEBUG - Entering: get_template_from_messages
2025-07-11 11:33:00,829 - reviewer.BuildTemplates - DEBUG - get_template_from_messages completed in 0.000213 seconds
2025-07-11 11:33:00,829 - reviewer.BuildTemplates - DEBUG - Entering: get_template_from_messages
2025-07-11 11:33:00,829 - reviewer.BuildTemplates - DEBUG - get_template_from_messages completed in 0.000221 seconds
2025-07-11 11:33:00,829 - reviewer.BuildTemplates - DEBUG - Entering: get_template_from_messages
2025-07-11 11:33:00,829 - reviewer.BuildTemplates - DEBUG - get_template_from_messages completed in 0.000224 seconds
2025-07-11 11:33:00,830 - reviewer.BuildTemplates - DEBUG - Entering: get_template_from_messages
2025-07-11 11:33:00,830 - reviewer.BuildTemplates - DEBUG - get_template_from_messages completed in 0.000214 seconds
2025-07-11 11:33:00,830 - reviewer.BuildTemplates - DEBUG - Entering: get_template_from_messages
2025-07-11 11:33:00,830 - reviewer.BuildTemplates - DEBUG - get_template_from_messages completed in 0.000220 seconds
2025-07-11 11:33:00,830 - reviewer.BuildTemplates - DEBUG - Entering: get_template_from_messages
2025-07-11 11:33:00,831 - reviewer.BuildTemplates - DEBUG - get_template_from_messages completed in 0.000235 seconds
2025-07-11 11:33:00,831 - reviewer.BuildTemplates - DEBUG - Entering: get_template_from_messages
2025-07-11 11:33:00,831 - reviewer.BuildTemplates - DEBUG - get_template_from_messages completed in 0.000220 seconds
2025-07-11 11:33:00,831 - reviewer.BuildTemplates - DEBUG - Entering: get_template_from_messages
2025-07-11 11:33:00,831 - reviewer.BuildTemplates - DEBUG - get_template_from_messages completed in 0.000273 seconds
2025-07-11 11:33:00,832 - reviewer.BuildTemplates - DEBUG - Entering: get_template_from_messages
2025-07-11 11:33:00,832 - reviewer.BuildTemplates - DEBUG - get_template_from_messages completed in 0.000224 seconds
2025-07-11 11:33:00,832 - reviewer.BuildTemplates - DEBUG - Entering: get_template_from_messages
2025-07-11 11:33:00,832 - reviewer.BuildTemplates - DEBUG - get_template_from_messages completed in 0.000233 seconds
2025-07-11 11:33:00,833 - reviewer.BuildTemplates - DEBUG - Entering: get_template_from_messages
2025-07-11 11:33:00,833 - reviewer.BuildTemplates - DEBUG - get_template_from_messages completed in 0.000217 seconds
2025-07-11 11:33:00,833 - reviewer.BuildTemplates - DEBUG - Entering: get_template_from_messages
2025-07-11 11:33:00,833 - reviewer.BuildTemplates - DEBUG - get_template_from_messages completed in 0.000207 seconds
2025-07-11 11:33:00,833 - reviewer.BuildTemplates - DEBUG - Entering: get_template_from_messages
2025-07-11 11:33:00,834 - reviewer.BuildTemplates - DEBUG - get_template_from_messages completed in 0.000243 seconds
2025-07-11 11:33:00,834 - reviewer.BuildTemplates - DEBUG - Entering: get_template_from_messages
2025-07-11 11:33:00,835 - reviewer.BuildTemplates - DEBUG - get_template_from_messages completed in 0.000301 seconds
2025-07-11 11:33:00,835 - reviewer.BuildTemplates - DEBUG - Entering: get_template_from_messages
2025-07-11 11:33:00,835 - reviewer.BuildTemplates - DEBUG - get_template_from_messages completed in 0.000388 seconds
2025-07-11 11:33:00,835 - reviewer.BuildTemplates - DEBUG - Entering: get_template_from_messages
2025-07-11 11:33:00,836 - reviewer.BuildTemplates - DEBUG - get_template_from_messages completed in 0.000375 seconds
2025-07-11 11:33:00,836 - reviewer.BuildTemplates - DEBUG - Entering: get_template_from_messages
2025-07-11 11:33:00,837 - reviewer.BuildTemplates - DEBUG - get_template_from_messages completed in 0.000338 seconds
2025-07-11 11:33:00,837 - reviewer.BuildTemplates - DEBUG - Entering: get_template_from_messages
2025-07-11 11:33:00,837 - reviewer.BuildTemplates - DEBUG - get_template_from_messages completed in 0.000397 seconds
2025-07-11 11:33:00,837 - reviewer.BuildTemplates - DEBUG - Entering: get_template_from_messages
2025-07-11 11:33:00,838 - reviewer.BuildTemplates - DEBUG - get_template_from_messages completed in 0.000366 seconds
2025-07-11 11:33:00,838 - reviewer.BuildTemplates - DEBUG - Entering: get_template_from_messages
2025-07-11 11:33:00,838 - reviewer.BuildTemplates - DEBUG - get_template_from_messages completed in 0.000388 seconds
2025-07-11 11:33:00,838 - reviewer.BuildTemplates - DEBUG - Entering: get_template_from_messages
2025-07-11 11:33:00,840 - reviewer.BuildTemplates - DEBUG - get_template_from_messages completed in 0.000268 seconds
2025-07-11 11:33:00,840 - reviewer.BuildTemplates - DEBUG - Entering: get_template_from_messages
2025-07-11 11:33:00,840 - reviewer.BuildTemplates - DEBUG - get_template_from_messages completed in 0.000264 seconds
2025-07-11 11:33:00,840 - reviewer.BuildTemplates - DEBUG - Entering: get_template_from_messages
2025-07-11 11:33:00,841 - reviewer.BuildTemplates - DEBUG - get_template_from_messages completed in 0.000263 seconds
2025-07-11 11:33:00,841 - reviewer.BuildTemplates - DEBUG - Entering: get_template_from_messages
2025-07-11 11:33:00,841 - reviewer.BuildTemplates - DEBUG - get_template_from_messages completed in 0.000251 seconds
2025-07-11 11:33:00,841 - reviewer.BuildTemplates - DEBUG - Entering: get_template_from_messages
2025-07-11 11:33:00,842 - reviewer.BuildTemplates - DEBUG - get_template_from_messages completed in 0.000287 seconds
2025-07-11 11:33:00,842 - reviewer.BuildTemplates - DEBUG - Entering: get_template_from_messages
2025-07-11 11:33:00,842 - reviewer.BuildTemplates - DEBUG - get_template_from_messages completed in 0.000289 seconds
2025-07-11 11:33:00,842 - reviewer.BuildTemplates - DEBUG - Entering: get_template_from_messages
2025-07-11 11:33:00,842 - reviewer.BuildTemplates - DEBUG - get_template_from_messages completed in 0.000270 seconds
2025-07-11 11:33:00,844 - reviewer.BuildTemplates - DEBUG - Entering: get_template_from_messages
2025-07-11 11:33:00,844 - reviewer.BuildTemplates - DEBUG - get_template_from_messages completed in 0.000296 seconds
2025-07-11 11:33:00,844 - reviewer.BuildTemplates - DEBUG - Entering: get_template_from_messages
2025-07-11 11:33:00,844 - reviewer.BuildTemplates - DEBUG - get_template_from_messages completed in 0.000274 seconds
2025-07-11 11:33:00,844 - reviewer.BuildTemplates - DEBUG - Entering: get_template_from_messages
2025-07-11 11:33:00,844 - reviewer.BuildTemplates - DEBUG - get_template_from_messages completed in 0.000269 seconds
2025-07-11 11:33:00,844 - reviewer.BuildTemplates - DEBUG - Entering: get_template_from_messages
2025-07-11 11:33:00,844 - reviewer.BuildTemplates - DEBUG - get_template_from_messages completed in 0.000285 seconds
2025-07-11 11:33:00,844 - reviewer.BuildTemplates - DEBUG - Entering: get_template_from_messages
2025-07-11 11:33:00,844 - reviewer.BuildTemplates - DEBUG - get_template_from_messages completed in 0.000260 seconds
2025-07-11 11:33:00,847 - reviewer.BuildTemplates - DEBUG - Entering: get_template_from_messages
2025-07-11 11:33:00,847 - reviewer.BuildTemplates - DEBUG - get_template_from_messages completed in 0.000260 seconds
2025-07-11 11:33:00,847 - reviewer.BuildTemplates - DEBUG - Entering: get_template_from_messages
2025-07-11 11:33:00,847 - reviewer.BuildTemplates - DEBUG - get_template_from_messages completed in 0.000230 seconds
2025-07-11 11:33:00,847 - reviewer.BuildTemplates - DEBUG - Entering: get_template_from_messages
2025-07-11 11:33:00,848 - reviewer.BuildTemplates - DEBUG - get_template_from_messages completed in 0.000243 seconds
2025-07-11 11:33:00,848 - reviewer.BuildTemplates - DEBUG - Entering: get_template_from_messages
2025-07-11 11:33:00,848 - reviewer.BuildTemplates - DEBUG - get_template_from_messages completed in 0.000241 seconds
2025-07-11 11:33:00,848 - reviewer.BuildTemplates - DEBUG - Entering: get_template_from_messages
2025-07-11 11:33:00,849 - reviewer.BuildTemplates - DEBUG - get_template_from_messages completed in 0.000293 seconds
2025-07-11 11:33:00,849 - reviewer.BuildTemplates - DEBUG - Entering: get_template_from_messages
2025-07-11 11:33:00,849 - reviewer.BuildTemplates - DEBUG - get_template_from_messages completed in 0.000259 seconds
2025-07-11 11:33:00,849 - reviewer.BuildTemplates - DEBUG - Entering: get_template_from_messages
2025-07-11 11:33:00,850 - reviewer.BuildTemplates - DEBUG - get_template_from_messages completed in 0.000236 seconds
2025-07-11 11:33:00,850 - reviewer.BuildTemplates - DEBUG - assemble_templates_from_df completed in 0.033373 seconds
2025-07-11 11:33:00,850 - reviewer - DEBUG - Entering: load_evals_config
2025-07-11 11:33:00,850 - reviewer - DEBUG - load_evals_config completed in 0.000172 seconds
2025-07-11 11:33:00,853 - reviewer - DEBUG - Entering: write_text
2025-07-11 11:33:00,856 - reviewer - DEBUG - write_text completed in 0.002401 seconds
2025-07-11 11:33:00,856 - reviewer - DEBUG - Entering: to_excel
2025-07-11 11:33:00,942 - reviewer - DEBUG - to_excel completed in 0.085590 seconds
2025-07-11 11:33:01,687 - reviewer - INFO - Entering: iter num 0 of run_eval_loop
2025-07-11 11:33:01,687 - reviewer - INFO - Calling evaluations for iter num 0 of run_eval_loop
2025-07-11 11:33:01,687 - reviewer.IncosePromptRunner - DEBUG - Entering: call_evals
2025-07-11 11:33:01,687 - reviewer.prompteval - DEBUG - Entering: eval_is_in_passive_voice
2025-07-11 11:33:01,687 - reviewer.prompteval - DEBUG - eval_is_in_passive_voice completed in 0.000147 seconds
2025-07-11 11:33:01,687 - reviewer.prompteval - DEBUG - Entering: convert_bool_to_ohe
2025-07-11 11:33:01,701 - reviewer.prompteval - DEBUG - convert_bool_to_ohe completed in 0.000204 seconds
2025-07-11 11:33:01,702 - reviewer.prompteval - DEBUG - Entering: eval_if_vague_verb
2025-07-11 11:33:01,702 - reviewer.prompteval - DEBUG - Entering: add_spaces
2025-07-11 11:33:01,702 - reviewer.prompteval - DEBUG - add_spaces completed in 0.000141 seconds
2025-07-11 11:33:01,702 - reviewer.prompteval - DEBUG - Entering: add_spaces
2025-07-11 11:33:01,702 - reviewer.prompteval - DEBUG - add_spaces completed in 0.000129 seconds
2025-07-11 11:33:01,702 - reviewer.prompteval - DEBUG - eval_if_vague_verb completed in 0.000783 seconds
2025-07-11 11:33:01,702 - reviewer.prompteval - DEBUG - Entering: convert_bool_to_ohe
2025-07-11 11:33:01,702 - reviewer.prompteval - DEBUG - convert_bool_to_ohe completed in 0.000156 seconds
2025-07-11 11:33:01,705 - reviewer.prompteval - DEBUG - Entering: eval_has_vague_terms
2025-07-11 11:33:01,705 - reviewer.prompteval - DEBUG - Entering: add_spaces
2025-07-11 11:33:01,706 - reviewer.prompteval - DEBUG - add_spaces completed in 0.000164 seconds
2025-07-11 11:33:01,706 - reviewer.prompteval - DEBUG - Entering: add_spaces
2025-07-11 11:33:01,706 - reviewer.prompteval - DEBUG - add_spaces completed in 0.000162 seconds
2025-07-11 11:33:01,706 - reviewer.prompteval - DEBUG - eval_has_vague_terms completed in 0.000876 seconds
2025-07-11 11:33:01,706 - reviewer.prompteval - DEBUG - Entering: convert_bool_to_ohe
2025-07-11 11:33:01,706 - reviewer.prompteval - DEBUG - convert_bool_to_ohe completed in 0.000157 seconds
2025-07-11 11:33:01,707 - reviewer.prompteval - DEBUG - Entering: eval_has_escape_clause
2025-07-11 11:33:01,707 - reviewer.prompteval - DEBUG - Entering: add_spaces
2025-07-11 11:33:01,707 - reviewer.prompteval - DEBUG - add_spaces completed in 0.000151 seconds
2025-07-11 11:33:01,707 - reviewer.prompteval - DEBUG - Entering: add_spaces
2025-07-11 11:33:01,708 - reviewer.prompteval - DEBUG - add_spaces completed in 0.000121 seconds
2025-07-11 11:33:01,708 - reviewer.prompteval - DEBUG - Entering: add_spaces
2025-07-11 11:33:01,708 - reviewer.prompteval - DEBUG - add_spaces completed in 0.000150 seconds
2025-07-11 11:33:01,708 - reviewer.prompteval - DEBUG - Entering: add_spaces
2025-07-11 11:33:01,708 - reviewer.prompteval - DEBUG - add_spaces completed in 0.000133 seconds
2025-07-11 11:33:01,708 - reviewer.prompteval - DEBUG - Entering: add_spaces
2025-07-11 11:33:01,708 - reviewer.prompteval - DEBUG - add_spaces completed in 0.000125 seconds
2025-07-11 11:33:01,709 - reviewer.prompteval - DEBUG - Entering: add_spaces
2025-07-11 11:33:01,709 - reviewer.prompteval - DEBUG - add_spaces completed in 0.000178 seconds
2025-07-11 11:33:01,709 - reviewer.prompteval - DEBUG - Entering: add_spaces
2025-07-11 11:33:01,709 - reviewer.prompteval - DEBUG - add_spaces completed in 0.000174 seconds
2025-07-11 11:33:01,709 - reviewer.prompteval - DEBUG - Entering: add_spaces
2025-07-11 11:33:01,709 - reviewer.prompteval - DEBUG - add_spaces completed in 0.000136 seconds
2025-07-11 11:33:01,709 - reviewer.prompteval - DEBUG - Entering: add_spaces
2025-07-11 11:33:01,709 - reviewer.prompteval - DEBUG - add_spaces completed in 0.000139 seconds
2025-07-11 11:33:01,709 - reviewer.prompteval - DEBUG - Entering: add_spaces
2025-07-11 11:33:01,709 - reviewer.prompteval - DEBUG - add_spaces completed in 0.000136 seconds
2025-07-11 11:33:01,709 - reviewer.prompteval - DEBUG - Entering: add_spaces
2025-07-11 11:33:01,709 - reviewer.prompteval - DEBUG - add_spaces completed in 0.000124 seconds
2025-07-11 11:33:01,709 - reviewer.prompteval - DEBUG - eval_has_escape_clause completed in 0.003338 seconds
2025-07-11 11:33:01,711 - reviewer.prompteval - DEBUG - Entering: convert_bool_to_ohe
2025-07-11 11:33:01,711 - reviewer.prompteval - DEBUG - convert_bool_to_ohe completed in 0.000164 seconds
2025-07-11 11:33:01,711 - reviewer.prompteval - DEBUG - Entering: eval_has_open_end_clause
2025-07-11 11:33:01,712 - reviewer.prompteval - DEBUG - Entering: add_spaces
2025-07-11 11:33:01,712 - reviewer.prompteval - DEBUG - add_spaces completed in 0.000149 seconds
2025-07-11 11:33:01,712 - reviewer.prompteval - DEBUG - Entering: add_spaces
2025-07-11 11:33:01,712 - reviewer.prompteval - DEBUG - add_spaces completed in 0.000155 seconds
2025-07-11 11:33:01,712 - reviewer.prompteval - DEBUG - Entering: add_spaces
2025-07-11 11:33:01,712 - reviewer.prompteval - DEBUG - add_spaces completed in 0.000143 seconds
2025-07-11 11:33:01,712 - reviewer.prompteval - DEBUG - eval_has_open_end_clause completed in 0.001066 seconds
2025-07-11 11:33:01,712 - reviewer.prompteval - DEBUG - Entering: convert_bool_to_ohe
2025-07-11 11:33:01,712 - reviewer.prompteval - DEBUG - convert_bool_to_ohe completed in 0.000133 seconds
2025-07-11 11:33:01,713 - reviewer.prompteval - DEBUG - Entering: eval_has_superfl_inf
2025-07-11 11:33:01,713 - reviewer.prompteval - DEBUG - Entering: add_spaces
2025-07-11 11:33:01,713 - reviewer.prompteval - DEBUG - add_spaces completed in 0.000164 seconds
2025-07-11 11:33:01,713 - reviewer.prompteval - DEBUG - Entering: add_spaces
2025-07-11 11:33:01,713 - reviewer.prompteval - DEBUG - add_spaces completed in 0.000180 seconds
2025-07-11 11:33:01,714 - reviewer.prompteval - DEBUG - Entering: add_spaces
2025-07-11 11:33:01,714 - reviewer.prompteval - DEBUG - add_spaces completed in 0.000169 seconds
2025-07-11 11:33:01,714 - reviewer.prompteval - DEBUG - Entering: add_spaces
2025-07-11 11:33:01,714 - reviewer.prompteval - DEBUG - add_spaces completed in 0.000150 seconds
2025-07-11 11:33:01,714 - reviewer.prompteval - DEBUG - Entering: add_spaces
2025-07-11 11:33:01,714 - reviewer.prompteval - DEBUG - add_spaces completed in 0.000143 seconds
2025-07-11 11:33:01,714 - reviewer.prompteval - DEBUG - eval_has_superfl_inf completed in 0.001716 seconds
2025-07-11 11:33:01,715 - reviewer.prompteval - DEBUG - Entering: convert_bool_to_ohe
2025-07-11 11:33:01,715 - reviewer.prompteval - DEBUG - convert_bool_to_ohe completed in 0.000117 seconds
2025-07-11 11:33:01,715 - reviewer.prompteval - DEBUG - Entering: eval_has_combinators
2025-07-11 11:33:01,716 - reviewer.prompteval - DEBUG - Entering: add_spaces
2025-07-11 11:33:01,716 - reviewer.prompteval - DEBUG - add_spaces completed in 0.000163 seconds
2025-07-11 11:33:01,716 - reviewer.prompteval - DEBUG - Entering: add_spaces
2025-07-11 11:33:01,716 - reviewer.prompteval - DEBUG - add_spaces completed in 0.000212 seconds
2025-07-11 11:33:01,716 - reviewer.prompteval - DEBUG - eval_has_combinators completed in 0.000883 seconds
2025-07-11 11:33:01,716 - reviewer.prompteval - DEBUG - Entering: convert_bool_to_ohe
2025-07-11 11:33:01,717 - reviewer.prompteval - DEBUG - convert_bool_to_ohe completed in 0.000147 seconds
2025-07-11 11:33:01,717 - reviewer.prompteval - DEBUG - Entering: eval_is_in_passive_voice
2025-07-11 11:33:01,717 - reviewer.prompteval - DEBUG - eval_is_in_passive_voice completed in 0.000188 seconds
2025-07-11 11:33:01,719 - reviewer.prompteval - DEBUG - Entering: convert_bool_to_ohe
2025-07-11 11:33:01,719 - reviewer.prompteval - DEBUG - convert_bool_to_ohe completed in 0.000179 seconds
2025-07-11 11:33:01,719 - reviewer.prompteval - DEBUG - Entering: eval_if_vague_verb
2025-07-11 11:33:01,719 - reviewer.prompteval - DEBUG - Entering: add_spaces
2025-07-11 11:33:01,719 - reviewer.prompteval - DEBUG - add_spaces completed in 0.000187 seconds
2025-07-11 11:33:01,719 - reviewer.prompteval - DEBUG - eval_if_vague_verb completed in 0.000524 seconds
2025-07-11 11:33:01,720 - reviewer.prompteval - DEBUG - Entering: convert_bool_to_ohe
2025-07-11 11:33:01,720 - reviewer.prompteval - DEBUG - convert_bool_to_ohe completed in 0.000170 seconds
2025-07-11 11:33:01,721 - reviewer.prompteval - DEBUG - Entering: eval_has_vague_terms
2025-07-11 11:33:01,721 - reviewer.prompteval - DEBUG - Entering: add_spaces
2025-07-11 11:33:01,721 - reviewer.prompteval - DEBUG - add_spaces completed in 0.000195 seconds
2025-07-11 11:33:01,721 - reviewer.prompteval - DEBUG - Entering: add_spaces
2025-07-11 11:33:01,721 - reviewer.prompteval - DEBUG - add_spaces completed in 0.000171 seconds
2025-07-11 11:33:01,721 - reviewer.prompteval - DEBUG - eval_has_vague_terms completed in 0.000907 seconds
2025-07-11 11:33:01,721 - reviewer.prompteval - DEBUG - Entering: convert_bool_to_ohe
2025-07-11 11:33:01,721 - reviewer.prompteval - DEBUG - convert_bool_to_ohe completed in 0.000184 seconds
2025-07-11 11:33:01,722 - reviewer.prompteval - DEBUG - Entering: eval_has_escape_clause
2025-07-11 11:33:01,722 - reviewer.prompteval - DEBUG - Entering: add_spaces
2025-07-11 11:33:01,722 - reviewer.prompteval - DEBUG - add_spaces completed in 0.000157 seconds
2025-07-11 11:33:01,722 - reviewer.prompteval - DEBUG - Entering: add_spaces
2025-07-11 11:33:01,723 - reviewer.prompteval - DEBUG - add_spaces completed in 0.000151 seconds
2025-07-11 11:33:01,723 - reviewer.prompteval - DEBUG - Entering: add_spaces
2025-07-11 11:33:01,723 - reviewer.prompteval - DEBUG - add_spaces completed in 0.000120 seconds
2025-07-11 11:33:01,723 - reviewer.prompteval - DEBUG - Entering: add_spaces
2025-07-11 11:33:01,723 - reviewer.prompteval - DEBUG - add_spaces completed in 0.000156 seconds
2025-07-11 11:33:01,724 - reviewer.prompteval - DEBUG - Entering: add_spaces
2025-07-11 11:33:01,724 - reviewer.prompteval - DEBUG - add_spaces completed in 0.000187 seconds
2025-07-11 11:33:01,724 - reviewer.prompteval - DEBUG - Entering: add_spaces
2025-07-11 11:33:01,724 - reviewer.prompteval - DEBUG - add_spaces completed in 0.000162 seconds
2025-07-11 11:33:01,724 - reviewer.prompteval - DEBUG - Entering: add_spaces
2025-07-11 11:33:01,724 - reviewer.prompteval - DEBUG - add_spaces completed in 0.000143 seconds
2025-07-11 11:33:01,724 - reviewer.prompteval - DEBUG - Entering: add_spaces
2025-07-11 11:33:01,724 - reviewer.prompteval - DEBUG - add_spaces completed in 0.000154 seconds
2025-07-11 11:33:01,724 - reviewer.prompteval - DEBUG - Entering: add_spaces
2025-07-11 11:33:01,724 - reviewer.prompteval - DEBUG - add_spaces completed in 0.000138 seconds
2025-07-11 11:33:01,725 - reviewer.prompteval - DEBUG - Entering: add_spaces
2025-07-11 11:33:01,725 - reviewer.prompteval - DEBUG - add_spaces completed in 0.000126 seconds
2025-07-11 11:33:01,725 - reviewer.prompteval - DEBUG - Entering: add_spaces
2025-07-11 11:33:01,725 - reviewer.prompteval - DEBUG - add_spaces completed in 0.000182 seconds
2025-07-11 11:33:01,725 - reviewer.prompteval - DEBUG - eval_has_escape_clause completed in 0.003572 seconds
2025-07-11 11:33:01,725 - reviewer.prompteval - DEBUG - Entering: convert_bool_to_ohe
2025-07-11 11:33:01,725 - reviewer.prompteval - DEBUG - convert_bool_to_ohe completed in 0.000165 seconds
2025-07-11 11:33:01,725 - reviewer.prompteval - DEBUG - Entering: eval_has_open_end_clause
2025-07-11 11:33:01,725 - reviewer.prompteval - DEBUG - Entering: add_spaces
2025-07-11 11:33:01,725 - reviewer.prompteval - DEBUG - add_spaces completed in 0.000143 seconds
2025-07-11 11:33:01,725 - reviewer.prompteval - DEBUG - Entering: add_spaces
2025-07-11 11:33:01,725 - reviewer.prompteval - DEBUG - add_spaces completed in 0.000135 seconds
2025-07-11 11:33:01,725 - reviewer.prompteval - DEBUG - Entering: add_spaces
2025-07-11 11:33:01,725 - reviewer.prompteval - DEBUG - add_spaces completed in 0.000126 seconds
2025-07-11 11:33:01,725 - reviewer.prompteval - DEBUG - eval_has_open_end_clause completed in 0.000976 seconds
2025-07-11 11:33:01,725 - reviewer.prompteval - DEBUG - Entering: convert_bool_to_ohe
2025-07-11 11:33:01,725 - reviewer.prompteval - DEBUG - convert_bool_to_ohe completed in 0.000120 seconds
2025-07-11 11:33:01,725 - reviewer.prompteval - DEBUG - Entering: eval_has_superfl_inf
2025-07-11 11:33:01,725 - reviewer.prompteval - DEBUG - Entering: add_spaces
2025-07-11 11:33:01,725 - reviewer.prompteval - DEBUG - add_spaces completed in 0.000143 seconds
2025-07-11 11:33:01,725 - reviewer.prompteval - DEBUG - Entering: add_spaces
2025-07-11 11:33:01,725 - reviewer.prompteval - DEBUG - add_spaces completed in 0.000146 seconds
2025-07-11 11:33:01,725 - reviewer.prompteval - DEBUG - Entering: add_spaces
2025-07-11 11:33:01,729 - reviewer.prompteval - DEBUG - add_spaces completed in 0.000147 seconds
2025-07-11 11:33:01,729 - reviewer.prompteval - DEBUG - Entering: add_spaces
2025-07-11 11:33:01,729 - reviewer.prompteval - DEBUG - add_spaces completed in 0.000177 seconds
2025-07-11 11:33:01,729 - reviewer.prompteval - DEBUG - Entering: add_spaces
2025-07-11 11:33:01,729 - reviewer.prompteval - DEBUG - add_spaces completed in 0.000168 seconds
2025-07-11 11:33:01,729 - reviewer.prompteval - DEBUG - eval_has_superfl_inf completed in 0.001752 seconds
2025-07-11 11:33:01,731 - reviewer.prompteval - DEBUG - Entering: convert_bool_to_ohe
2025-07-11 11:33:01,731 - reviewer.prompteval - DEBUG - convert_bool_to_ohe completed in 0.000132 seconds
2025-07-11 11:33:01,731 - reviewer.prompteval - DEBUG - Entering: eval_has_combinators
2025-07-11 11:33:01,731 - reviewer.prompteval - DEBUG - Entering: add_spaces
2025-07-11 11:33:01,731 - reviewer.prompteval - DEBUG - add_spaces completed in 0.000142 seconds
2025-07-11 11:33:01,731 - reviewer.prompteval - DEBUG - Entering: add_spaces
2025-07-11 11:33:01,732 - reviewer.prompteval - DEBUG - add_spaces completed in 0.000143 seconds
2025-07-11 11:33:01,732 - reviewer.prompteval - DEBUG - eval_has_combinators completed in 0.000759 seconds
2025-07-11 11:33:01,732 - reviewer.prompteval - DEBUG - Entering: convert_bool_to_ohe
2025-07-11 11:33:01,732 - reviewer.prompteval - DEBUG - convert_bool_to_ohe completed in 0.000115 seconds
2025-07-11 11:33:01,732 - reviewer.prompteval - DEBUG - Entering: eval_is_in_passive_voice
2025-07-11 11:33:01,733 - reviewer.prompteval - DEBUG - eval_is_in_passive_voice completed in 0.000156 seconds
2025-07-11 11:33:01,733 - reviewer.prompteval - DEBUG - Entering: convert_bool_to_ohe
2025-07-11 11:33:01,733 - reviewer.prompteval - DEBUG - convert_bool_to_ohe completed in 0.000185 seconds
2025-07-11 11:33:01,733 - reviewer.prompteval - DEBUG - Entering: eval_if_vague_verb
2025-07-11 11:33:01,733 - reviewer.prompteval - DEBUG - Entering: add_spaces
2025-07-11 11:33:01,733 - reviewer.prompteval - DEBUG - add_spaces completed in 0.000155 seconds
2025-07-11 11:33:01,734 - reviewer.prompteval - DEBUG - Entering: add_spaces
2025-07-11 11:33:01,734 - reviewer.prompteval - DEBUG - add_spaces completed in 0.000182 seconds
2025-07-11 11:33:01,734 - reviewer.prompteval - DEBUG - eval_if_vague_verb completed in 0.000842 seconds
2025-07-11 11:33:01,734 - reviewer.prompteval - DEBUG - Entering: convert_bool_to_ohe
2025-07-11 11:33:01,734 - reviewer.prompteval - DEBUG - convert_bool_to_ohe completed in 0.000167 seconds
2025-07-11 11:33:01,735 - reviewer.prompteval - DEBUG - Entering: eval_has_vague_terms
2025-07-11 11:33:01,735 - reviewer.prompteval - DEBUG - Entering: add_spaces
2025-07-11 11:33:01,735 - reviewer.prompteval - DEBUG - add_spaces completed in 0.000176 seconds
2025-07-11 11:33:01,735 - reviewer.prompteval - DEBUG - Entering: add_spaces
2025-07-11 11:33:01,735 - reviewer.prompteval - DEBUG - add_spaces completed in 0.000143 seconds
2025-07-11 11:33:01,736 - reviewer.prompteval - DEBUG - Entering: add_spaces
2025-07-11 11:33:01,736 - reviewer.prompteval - DEBUG - add_spaces completed in 0.000173 seconds
2025-07-11 11:33:01,736 - reviewer.prompteval - DEBUG - Entering: add_spaces
2025-07-11 11:33:01,736 - reviewer.prompteval - DEBUG - add_spaces completed in 0.000172 seconds
2025-07-11 11:33:01,736 - reviewer.prompteval - DEBUG - Entering: add_spaces
2025-07-11 11:33:01,736 - reviewer.prompteval - DEBUG - add_spaces completed in 0.000171 seconds
2025-07-11 11:33:01,737 - reviewer.prompteval - DEBUG - Entering: add_spaces
2025-07-11 11:33:01,737 - reviewer.prompteval - DEBUG - add_spaces completed in 0.000159 seconds
2025-07-11 11:33:01,737 - reviewer.prompteval - DEBUG - Entering: add_spaces
2025-07-11 11:33:01,737 - reviewer.prompteval - DEBUG - add_spaces completed in 0.000201 seconds
2025-07-11 11:33:01,737 - reviewer.prompteval - DEBUG - Entering: add_spaces
2025-07-11 11:33:01,737 - reviewer.prompteval - DEBUG - add_spaces completed in 0.000176 seconds
2025-07-11 11:33:01,737 - reviewer.prompteval - DEBUG - Entering: add_spaces
2025-07-11 11:33:01,737 - reviewer.prompteval - DEBUG - add_spaces completed in 0.000180 seconds
2025-07-11 11:33:01,737 - reviewer.prompteval - DEBUG - Entering: add_spaces
2025-07-11 11:33:01,737 - reviewer.prompteval - DEBUG - add_spaces completed in 0.000162 seconds
2025-07-11 11:33:01,737 - reviewer.prompteval - DEBUG - Entering: add_spaces
2025-07-11 11:33:01,739 - reviewer.prompteval - DEBUG - add_spaces completed in 0.000173 seconds
2025-07-11 11:33:01,739 - reviewer.prompteval - DEBUG - Entering: add_spaces
2025-07-11 11:33:01,739 - reviewer.prompteval - DEBUG - add_spaces completed in 0.000151 seconds
2025-07-11 11:33:01,739 - reviewer.prompteval - DEBUG - Entering: add_spaces
2025-07-11 11:33:01,739 - reviewer.prompteval - DEBUG - add_spaces completed in 0.000159 seconds
2025-07-11 11:33:01,739 - reviewer.prompteval - DEBUG - Entering: add_spaces
2025-07-11 11:33:01,739 - reviewer.prompteval - DEBUG - add_spaces completed in 0.000160 seconds
2025-07-11 11:33:01,739 - reviewer.prompteval - DEBUG - Entering: add_spaces
2025-07-11 11:33:01,739 - reviewer.prompteval - DEBUG - add_spaces completed in 0.000149 seconds
2025-07-11 11:33:01,740 - reviewer.prompteval - DEBUG - Entering: add_spaces
2025-07-11 11:33:01,740 - reviewer.prompteval - DEBUG - add_spaces completed in 0.000122 seconds
2025-07-11 11:33:01,740 - reviewer.prompteval - DEBUG - Entering: add_spaces
2025-07-11 11:33:01,740 - reviewer.prompteval - DEBUG - add_spaces completed in 0.000136 seconds
2025-07-11 11:33:01,740 - reviewer.prompteval - DEBUG - Entering: add_spaces
2025-07-11 11:33:01,740 - reviewer.prompteval - DEBUG - add_spaces completed in 0.000161 seconds
2025-07-11 11:33:01,741 - reviewer.prompteval - DEBUG - Entering: add_spaces
2025-07-11 11:33:01,741 - reviewer.prompteval - DEBUG - add_spaces completed in 0.000154 seconds
2025-07-11 11:33:01,741 - reviewer.prompteval - DEBUG - eval_has_vague_terms completed in 0.006667 seconds
2025-07-11 11:33:01,741 - reviewer.prompteval - DEBUG - Entering: convert_bool_to_ohe
2025-07-11 11:33:01,741 - reviewer.prompteval - DEBUG - convert_bool_to_ohe completed in 0.000137 seconds
2025-07-11 11:33:01,742 - reviewer.prompteval - DEBUG - Entering: eval_has_escape_clause
2025-07-11 11:33:01,742 - reviewer.prompteval - DEBUG - Entering: add_spaces
2025-07-11 11:33:01,742 - reviewer.prompteval - DEBUG - add_spaces completed in 0.000148 seconds
2025-07-11 11:33:01,742 - reviewer.prompteval - DEBUG - Entering: add_spaces
2025-07-11 11:33:01,742 - reviewer.prompteval - DEBUG - add_spaces completed in 0.000171 seconds
2025-07-11 11:33:01,742 - reviewer.prompteval - DEBUG - Entering: add_spaces
2025-07-11 11:33:01,743 - reviewer.prompteval - DEBUG - add_spaces completed in 0.000152 seconds
2025-07-11 11:33:01,743 - reviewer.prompteval - DEBUG - Entering: add_spaces
2025-07-11 11:33:01,744 - reviewer.prompteval - DEBUG - add_spaces completed in 0.000166 seconds
2025-07-11 11:33:01,744 - reviewer.prompteval - DEBUG - Entering: add_spaces
2025-07-11 11:33:01,744 - reviewer.prompteval - DEBUG - add_spaces completed in 0.000160 seconds
2025-07-11 11:33:01,744 - reviewer.prompteval - DEBUG - Entering: add_spaces
2025-07-11 11:33:01,744 - reviewer.prompteval - DEBUG - add_spaces completed in 0.000164 seconds
2025-07-11 11:33:01,744 - reviewer.prompteval - DEBUG - Entering: add_spaces
2025-07-11 11:33:01,744 - reviewer.prompteval - DEBUG - add_spaces completed in 0.000148 seconds
2025-07-11 11:33:01,744 - reviewer.prompteval - DEBUG - Entering: add_spaces
2025-07-11 11:33:01,744 - reviewer.prompteval - DEBUG - add_spaces completed in 0.000141 seconds
2025-07-11 11:33:01,745 - reviewer.prompteval - DEBUG - Entering: add_spaces
2025-07-11 11:33:01,745 - reviewer.prompteval - DEBUG - add_spaces completed in 0.000157 seconds
2025-07-11 11:33:01,745 - reviewer.prompteval - DEBUG - Entering: add_spaces
2025-07-11 11:33:01,745 - reviewer.prompteval - DEBUG - add_spaces completed in 0.000157 seconds
2025-07-11 11:33:01,745 - reviewer.prompteval - DEBUG - Entering: add_spaces
2025-07-11 11:33:01,745 - reviewer.prompteval - DEBUG - add_spaces completed in 0.000143 seconds
2025-07-11 11:33:01,745 - reviewer.prompteval - DEBUG - eval_has_escape_clause completed in 0.003704 seconds
2025-07-11 11:33:01,745 - reviewer.prompteval - DEBUG - Entering: convert_bool_to_ohe
2025-07-11 11:33:01,745 - reviewer.prompteval - DEBUG - convert_bool_to_ohe completed in 0.000137 seconds
2025-07-11 11:33:01,745 - reviewer.prompteval - DEBUG - Entering: eval_has_open_end_clause
2025-07-11 11:33:01,745 - reviewer.prompteval - DEBUG - Entering: add_spaces
2025-07-11 11:33:01,745 - reviewer.prompteval - DEBUG - add_spaces completed in 0.000127 seconds
2025-07-11 11:33:01,745 - reviewer.prompteval - DEBUG - Entering: add_spaces
2025-07-11 11:33:01,745 - reviewer.prompteval - DEBUG - add_spaces completed in 0.000155 seconds
2025-07-11 11:33:01,745 - reviewer.prompteval - DEBUG - Entering: add_spaces
2025-07-11 11:33:01,745 - reviewer.prompteval - DEBUG - add_spaces completed in 0.000168 seconds
2025-07-11 11:33:01,745 - reviewer.prompteval - DEBUG - eval_has_open_end_clause completed in 0.001094 seconds
2025-07-11 11:33:01,745 - reviewer.prompteval - DEBUG - Entering: convert_bool_to_ohe
2025-07-11 11:33:01,745 - reviewer.prompteval - DEBUG - convert_bool_to_ohe completed in 0.000156 seconds
2025-07-11 11:33:01,745 - reviewer.prompteval - DEBUG - Entering: eval_has_superfl_inf
2025-07-11 11:33:01,745 - reviewer.prompteval - DEBUG - Entering: add_spaces
2025-07-11 11:33:01,745 - reviewer.prompteval - DEBUG - add_spaces completed in 0.000140 seconds
2025-07-11 11:33:01,749 - reviewer.prompteval - DEBUG - Entering: add_spaces
2025-07-11 11:33:01,749 - reviewer.prompteval - DEBUG - add_spaces completed in 0.000161 seconds
2025-07-11 11:33:01,749 - reviewer.prompteval - DEBUG - Entering: add_spaces
2025-07-11 11:33:01,749 - reviewer.prompteval - DEBUG - add_spaces completed in 0.000145 seconds
2025-07-11 11:33:01,749 - reviewer.prompteval - DEBUG - Entering: add_spaces
2025-07-11 11:33:01,749 - reviewer.prompteval - DEBUG - add_spaces completed in 0.000152 seconds
2025-07-11 11:33:01,749 - reviewer.prompteval - DEBUG - Entering: add_spaces
2025-07-11 11:33:01,749 - reviewer.prompteval - DEBUG - add_spaces completed in 0.000155 seconds
2025-07-11 11:33:01,751 - reviewer.prompteval - DEBUG - eval_has_superfl_inf completed in 0.001737 seconds
2025-07-11 11:33:01,751 - reviewer.prompteval - DEBUG - Entering: convert_bool_to_ohe
2025-07-11 11:33:01,751 - reviewer.prompteval - DEBUG - convert_bool_to_ohe completed in 0.000135 seconds
2025-07-11 11:33:01,751 - reviewer.prompteval - DEBUG - Entering: eval_has_combinators
2025-07-11 11:33:01,751 - reviewer.prompteval - DEBUG - Entering: add_spaces
2025-07-11 11:33:01,752 - reviewer.prompteval - DEBUG - add_spaces completed in 0.000225 seconds
2025-07-11 11:33:01,752 - reviewer.prompteval - DEBUG - eval_has_combinators completed in 0.000665 seconds
2025-07-11 11:33:01,752 - reviewer.prompteval - DEBUG - Entering: convert_bool_to_ohe
2025-07-11 11:33:01,752 - reviewer.prompteval - DEBUG - convert_bool_to_ohe completed in 0.000136 seconds
2025-07-11 11:33:01,753 - reviewer.prompteval - DEBUG - Entering: eval_is_in_passive_voice
2025-07-11 11:33:01,753 - reviewer.prompteval - DEBUG - eval_is_in_passive_voice completed in 0.000194 seconds
2025-07-11 11:33:01,753 - reviewer.prompteval - DEBUG - Entering: convert_bool_to_ohe
2025-07-11 11:33:01,753 - reviewer.prompteval - DEBUG - convert_bool_to_ohe completed in 0.000164 seconds
2025-07-11 11:33:01,754 - reviewer.prompteval - DEBUG - Entering: eval_if_vague_verb
2025-07-11 11:33:01,754 - reviewer.prompteval - DEBUG - Entering: add_spaces
2025-07-11 11:33:01,754 - reviewer.prompteval - DEBUG - add_spaces completed in 0.000225 seconds
2025-07-11 11:33:01,754 - reviewer.prompteval - DEBUG - Entering: add_spaces
2025-07-11 11:33:01,754 - reviewer.prompteval - DEBUG - add_spaces completed in 0.000222 seconds
2025-07-11 11:33:01,754 - reviewer.prompteval - DEBUG - Entering: add_spaces
2025-07-11 11:33:01,754 - reviewer.prompteval - DEBUG - add_spaces completed in 0.000183 seconds
2025-07-11 11:33:01,754 - reviewer.prompteval - DEBUG - Entering: add_spaces
2025-07-11 11:33:01,754 - reviewer.prompteval - DEBUG - add_spaces completed in 0.000205 seconds
2025-07-11 11:33:01,754 - reviewer.prompteval - DEBUG - Entering: add_spaces
2025-07-11 11:33:01,754 - reviewer.prompteval - DEBUG - add_spaces completed in 0.000201 seconds
2025-07-11 11:33:01,756 - reviewer.prompteval - DEBUG - Entering: add_spaces
2025-07-11 11:33:01,756 - reviewer.prompteval - DEBUG - add_spaces completed in 0.000185 seconds
2025-07-11 11:33:01,756 - reviewer.prompteval - DEBUG - eval_if_vague_verb completed in 0.002652 seconds
2025-07-11 11:33:01,756 - reviewer.prompteval - DEBUG - Entering: convert_bool_to_ohe
2025-07-11 11:33:01,756 - reviewer.prompteval - DEBUG - convert_bool_to_ohe completed in 0.000162 seconds
2025-07-11 11:33:01,757 - reviewer.prompteval - DEBUG - Entering: eval_has_vague_terms
2025-07-11 11:33:01,757 - reviewer.prompteval - DEBUG - Entering: add_spaces
2025-07-11 11:33:01,757 - reviewer.prompteval - DEBUG - add_spaces completed in 0.000181 seconds
2025-07-11 11:33:01,757 - reviewer.prompteval - DEBUG - Entering: add_spaces
2025-07-11 11:33:01,757 - reviewer.prompteval - DEBUG - add_spaces completed in 0.000162 seconds
2025-07-11 11:33:01,757 - reviewer.prompteval - DEBUG - Entering: add_spaces
2025-07-11 11:33:01,757 - reviewer.prompteval - DEBUG - add_spaces completed in 0.000134 seconds
2025-07-11 11:33:01,757 - reviewer.prompteval - DEBUG - Entering: add_spaces
2025-07-11 11:33:01,757 - reviewer.prompteval - DEBUG - add_spaces completed in 0.000164 seconds
2025-07-11 11:33:01,757 - reviewer.prompteval - DEBUG - Entering: add_spaces
2025-07-11 11:33:01,757 - reviewer.prompteval - DEBUG - add_spaces completed in 0.000168 seconds
2025-07-11 11:33:01,757 - reviewer.prompteval - DEBUG - Entering: add_spaces
2025-07-11 11:33:01,757 - reviewer.prompteval - DEBUG - add_spaces completed in 0.000158 seconds
2025-07-11 11:33:01,757 - reviewer.prompteval - DEBUG - Entering: add_spaces
2025-07-11 11:33:01,757 - reviewer.prompteval - DEBUG - add_spaces completed in 0.000187 seconds
2025-07-11 11:33:01,757 - reviewer.prompteval - DEBUG - Entering: add_spaces
2025-07-11 11:33:01,757 - reviewer.prompteval - DEBUG - add_spaces completed in 0.000212 seconds
2025-07-11 11:33:01,757 - reviewer.prompteval - DEBUG - Entering: add_spaces
2025-07-11 11:33:01,757 - reviewer.prompteval - DEBUG - add_spaces completed in 0.000175 seconds
2025-07-11 11:33:01,757 - reviewer.prompteval - DEBUG - Entering: add_spaces
2025-07-11 11:33:01,761 - reviewer.prompteval - DEBUG - add_spaces completed in 0.000180 seconds
2025-07-11 11:33:01,761 - reviewer.prompteval - DEBUG - Entering: add_spaces
2025-07-11 11:33:01,761 - reviewer.prompteval - DEBUG - add_spaces completed in 0.000159 seconds
2025-07-11 11:33:01,761 - reviewer.prompteval - DEBUG - Entering: add_spaces
2025-07-11 11:33:01,761 - reviewer.prompteval - DEBUG - add_spaces completed in 0.000180 seconds
2025-07-11 11:33:01,761 - reviewer.prompteval - DEBUG - Entering: add_spaces
2025-07-11 11:33:01,762 - reviewer.prompteval - DEBUG - add_spaces completed in 0.000178 seconds
2025-07-11 11:33:01,762 - reviewer.prompteval - DEBUG - Entering: add_spaces
2025-07-11 11:33:01,762 - reviewer.prompteval - DEBUG - add_spaces completed in 0.000167 seconds
2025-07-11 11:33:01,762 - reviewer.prompteval - DEBUG - Entering: add_spaces
2025-07-11 11:33:01,762 - reviewer.prompteval - DEBUG - add_spaces completed in 0.000151 seconds
2025-07-11 11:33:01,762 - reviewer.prompteval - DEBUG - Entering: add_spaces
2025-07-11 11:33:01,763 - reviewer.prompteval - DEBUG - add_spaces completed in 0.000141 seconds
2025-07-11 11:33:01,763 - reviewer.prompteval - DEBUG - Entering: add_spaces
2025-07-11 11:33:01,763 - reviewer.prompteval - DEBUG - add_spaces completed in 0.000154 seconds
2025-07-11 11:33:01,763 - reviewer.prompteval - DEBUG - Entering: add_spaces
2025-07-11 11:33:01,763 - reviewer.prompteval - DEBUG - add_spaces completed in 0.000160 seconds
2025-07-11 11:33:01,763 - reviewer.prompteval - DEBUG - Entering: add_spaces
2025-07-11 11:33:01,764 - reviewer.prompteval - DEBUG - add_spaces completed in 0.000167 seconds
2025-07-11 11:33:01,764 - reviewer.prompteval - DEBUG - Entering: add_spaces
2025-07-11 11:33:01,764 - reviewer.prompteval - DEBUG - add_spaces completed in 0.000175 seconds
2025-07-11 11:33:01,764 - reviewer.prompteval - DEBUG - Entering: add_spaces
2025-07-11 11:33:01,764 - reviewer.prompteval - DEBUG - add_spaces completed in 0.000178 seconds
2025-07-11 11:33:01,765 - reviewer.prompteval - DEBUG - Entering: add_spaces
2025-07-11 11:33:01,765 - reviewer.prompteval - DEBUG - add_spaces completed in 0.000212 seconds
2025-07-11 11:33:01,765 - reviewer.prompteval - DEBUG - Entering: add_spaces
2025-07-11 11:33:01,765 - reviewer.prompteval - DEBUG - add_spaces completed in 0.000196 seconds
2025-07-11 11:33:01,765 - reviewer.prompteval - DEBUG - Entering: add_spaces
2025-07-11 11:33:01,765 - reviewer.prompteval - DEBUG - add_spaces completed in 0.000161 seconds
2025-07-11 11:33:01,765 - reviewer.prompteval - DEBUG - Entering: add_spaces
2025-07-11 11:33:01,766 - reviewer.prompteval - DEBUG - add_spaces completed in 0.000154 seconds
2025-07-11 11:33:01,766 - reviewer.prompteval - DEBUG - Entering: add_spaces
2025-07-11 11:33:01,766 - reviewer.prompteval - DEBUG - add_spaces completed in 0.000157 seconds
2025-07-11 11:33:01,766 - reviewer.prompteval - DEBUG - Entering: add_spaces
2025-07-11 11:33:01,766 - reviewer.prompteval - DEBUG - add_spaces completed in 0.000198 seconds
2025-07-11 11:33:01,766 - reviewer.prompteval - DEBUG - Entering: add_spaces
2025-07-11 11:33:01,766 - reviewer.prompteval - DEBUG - add_spaces completed in 0.000164 seconds
2025-07-11 11:33:01,767 - reviewer.prompteval - DEBUG - Entering: add_spaces
2025-07-11 11:33:01,767 - reviewer.prompteval - DEBUG - add_spaces completed in 0.000166 seconds
2025-07-11 11:33:01,767 - reviewer.prompteval - DEBUG - Entering: add_spaces
2025-07-11 11:33:01,767 - reviewer.prompteval - DEBUG - add_spaces completed in 0.000151 seconds
2025-07-11 11:33:01,767 - reviewer.prompteval - DEBUG - Entering: add_spaces
2025-07-11 11:33:01,768 - reviewer.prompteval - DEBUG - add_spaces completed in 0.000285 seconds
2025-07-11 11:33:01,768 - reviewer.prompteval - DEBUG - Entering: add_spaces
2025-07-11 11:33:01,768 - reviewer.prompteval - DEBUG - add_spaces completed in 0.000197 seconds
2025-07-11 11:33:01,768 - reviewer.prompteval - DEBUG - Entering: add_spaces
2025-07-11 11:33:01,769 - reviewer.prompteval - DEBUG - add_spaces completed in 0.000211 seconds
2025-07-11 11:33:01,769 - reviewer.prompteval - DEBUG - Entering: add_spaces
2025-07-11 11:33:01,769 - reviewer.prompteval - DEBUG - add_spaces completed in 0.000188 seconds
2025-07-11 11:33:01,769 - reviewer.prompteval - DEBUG - Entering: add_spaces
2025-07-11 11:33:01,769 - reviewer.prompteval - DEBUG - add_spaces completed in 0.000172 seconds
2025-07-11 11:33:01,769 - reviewer.prompteval - DEBUG - eval_has_vague_terms completed in 0.012854 seconds
2025-07-11 11:33:01,770 - reviewer.prompteval - DEBUG - Entering: convert_bool_to_ohe
2025-07-11 11:33:01,770 - reviewer.prompteval - DEBUG - convert_bool_to_ohe completed in 0.000180 seconds
2025-07-11 11:33:01,771 - reviewer.prompteval - DEBUG - Entering: eval_has_escape_clause
2025-07-11 11:33:01,771 - reviewer.prompteval - DEBUG - Entering: add_spaces
2025-07-11 11:33:01,771 - reviewer.prompteval - DEBUG - add_spaces completed in 0.000222 seconds
2025-07-11 11:33:01,771 - reviewer.prompteval - DEBUG - Entering: add_spaces
2025-07-11 11:33:01,771 - reviewer.prompteval - DEBUG - add_spaces completed in 0.000217 seconds
2025-07-11 11:33:01,771 - reviewer.prompteval - DEBUG - Entering: add_spaces
2025-07-11 11:33:01,773 - reviewer.prompteval - DEBUG - add_spaces completed in 0.000238 seconds
2025-07-11 11:33:01,773 - reviewer.prompteval - DEBUG - Entering: add_spaces
2025-07-11 11:33:01,773 - reviewer.prompteval - DEBUG - add_spaces completed in 0.000153 seconds
2025-07-11 11:33:01,773 - reviewer.prompteval - DEBUG - Entering: add_spaces
2025-07-11 11:33:01,773 - reviewer.prompteval - DEBUG - add_spaces completed in 0.000144 seconds
2025-07-11 11:33:01,773 - reviewer.prompteval - DEBUG - Entering: add_spaces
2025-07-11 11:33:01,774 - reviewer.prompteval - DEBUG - add_spaces completed in 0.000163 seconds
2025-07-11 11:33:01,774 - reviewer.prompteval - DEBUG - Entering: add_spaces
2025-07-11 11:33:01,774 - reviewer.prompteval - DEBUG - add_spaces completed in 0.000186 seconds
2025-07-11 11:33:01,774 - reviewer.prompteval - DEBUG - Entering: add_spaces
2025-07-11 11:33:01,774 - reviewer.prompteval - DEBUG - add_spaces completed in 0.000189 seconds
2025-07-11 11:33:01,774 - reviewer.prompteval - DEBUG - Entering: add_spaces
2025-07-11 11:33:01,774 - reviewer.prompteval - DEBUG - add_spaces completed in 0.000188 seconds
2025-07-11 11:33:01,774 - reviewer.prompteval - DEBUG - Entering: add_spaces
2025-07-11 11:33:01,774 - reviewer.prompteval - DEBUG - add_spaces completed in 0.000158 seconds
2025-07-11 11:33:01,775 - reviewer.prompteval - DEBUG - Entering: add_spaces
2025-07-11 11:33:01,775 - reviewer.prompteval - DEBUG - add_spaces completed in 0.000169 seconds
2025-07-11 11:33:01,775 - reviewer.prompteval - DEBUG - eval_has_escape_clause completed in 0.004366 seconds
2025-07-11 11:33:01,775 - reviewer.prompteval - DEBUG - Entering: convert_bool_to_ohe
2025-07-11 11:33:01,775 - reviewer.prompteval - DEBUG - convert_bool_to_ohe completed in 0.000156 seconds
2025-07-11 11:33:01,775 - reviewer.prompteval - DEBUG - Entering: eval_has_open_end_clause
2025-07-11 11:33:01,777 - reviewer.prompteval - DEBUG - Entering: add_spaces
2025-07-11 11:33:01,777 - reviewer.prompteval - DEBUG - add_spaces completed in 0.000172 seconds
2025-07-11 11:33:01,777 - reviewer.prompteval - DEBUG - Entering: add_spaces
2025-07-11 11:33:01,777 - reviewer.prompteval - DEBUG - add_spaces completed in 0.000203 seconds
2025-07-11 11:33:01,777 - reviewer.prompteval - DEBUG - Entering: add_spaces
2025-07-11 11:33:01,777 - reviewer.prompteval - DEBUG - add_spaces completed in 0.000183 seconds
2025-07-11 11:33:01,777 - reviewer.prompteval - DEBUG - eval_has_open_end_clause completed in 0.001266 seconds
2025-07-11 11:33:01,777 - reviewer.prompteval - DEBUG - Entering: convert_bool_to_ohe
2025-07-11 11:33:01,778 - reviewer.prompteval - DEBUG - convert_bool_to_ohe completed in 0.000158 seconds
2025-07-11 11:33:01,778 - reviewer.prompteval - DEBUG - Entering: eval_has_superfl_inf
2025-07-11 11:33:01,778 - reviewer.prompteval - DEBUG - Entering: add_spaces
2025-07-11 11:33:01,778 - reviewer.prompteval - DEBUG - add_spaces completed in 0.000129 seconds
2025-07-11 11:33:01,778 - reviewer.prompteval - DEBUG - Entering: add_spaces
2025-07-11 11:33:01,778 - reviewer.prompteval - DEBUG - add_spaces completed in 0.000146 seconds
2025-07-11 11:33:01,779 - reviewer.prompteval - DEBUG - Entering: add_spaces
2025-07-11 11:33:01,779 - reviewer.prompteval - DEBUG - add_spaces completed in 0.000166 seconds
2025-07-11 11:33:01,779 - reviewer.prompteval - DEBUG - Entering: add_spaces
2025-07-11 11:33:01,780 - reviewer.prompteval - DEBUG - add_spaces completed in 0.000178 seconds
2025-07-11 11:33:01,780 - reviewer.prompteval - DEBUG - Entering: add_spaces
2025-07-11 11:33:01,780 - reviewer.prompteval - DEBUG - add_spaces completed in 0.000151 seconds
2025-07-11 11:33:01,780 - reviewer.prompteval - DEBUG - eval_has_superfl_inf completed in 0.001779 seconds
2025-07-11 11:33:01,780 - reviewer.prompteval - DEBUG - Entering: convert_bool_to_ohe
2025-07-11 11:33:01,780 - reviewer.prompteval - DEBUG - convert_bool_to_ohe completed in 0.000170 seconds
2025-07-11 11:33:01,781 - reviewer.prompteval - DEBUG - Entering: eval_has_combinators
2025-07-11 11:33:01,781 - reviewer.prompteval - DEBUG - Entering: add_spaces
2025-07-11 11:33:01,781 - reviewer.prompteval - DEBUG - add_spaces completed in 0.000140 seconds
2025-07-11 11:33:01,781 - reviewer.prompteval - DEBUG - Entering: add_spaces
2025-07-11 11:33:01,782 - reviewer.prompteval - DEBUG - add_spaces completed in 0.000138 seconds
2025-07-11 11:33:01,782 - reviewer.prompteval - DEBUG - Entering: add_spaces
2025-07-11 11:33:01,782 - reviewer.prompteval - DEBUG - add_spaces completed in 0.000151 seconds
2025-07-11 11:33:01,782 - reviewer.prompteval - DEBUG - Entering: add_spaces
2025-07-11 11:33:01,782 - reviewer.prompteval - DEBUG - add_spaces completed in 0.000132 seconds
2025-07-11 11:33:01,782 - reviewer.prompteval - DEBUG - Entering: add_spaces
2025-07-11 11:33:01,782 - reviewer.prompteval - DEBUG - add_spaces completed in 0.000157 seconds
2025-07-11 11:33:01,783 - reviewer.prompteval - DEBUG - Entering: add_spaces
2025-07-11 11:33:01,783 - reviewer.prompteval - DEBUG - add_spaces completed in 0.000149 seconds
2025-07-11 11:33:01,783 - reviewer.prompteval - DEBUG - Entering: add_spaces
2025-07-11 11:33:01,783 - reviewer.prompteval - DEBUG - add_spaces completed in 0.000146 seconds
2025-07-11 11:33:01,783 - reviewer.prompteval - DEBUG - Entering: add_spaces
2025-07-11 11:33:01,783 - reviewer.prompteval - DEBUG - add_spaces completed in 0.000131 seconds
2025-07-11 11:33:01,783 - reviewer.prompteval - DEBUG - Entering: add_spaces
2025-07-11 11:33:01,784 - reviewer.prompteval - DEBUG - add_spaces completed in 0.000235 seconds
2025-07-11 11:33:01,784 - reviewer.prompteval - DEBUG - Entering: add_spaces
2025-07-11 11:33:01,784 - reviewer.prompteval - DEBUG - add_spaces completed in 0.000220 seconds
2025-07-11 11:33:01,784 - reviewer.prompteval - DEBUG - Entering: add_spaces
2025-07-11 11:33:01,784 - reviewer.prompteval - DEBUG - add_spaces completed in 0.000174 seconds
2025-07-11 11:33:01,784 - reviewer.prompteval - DEBUG - Entering: add_spaces
2025-07-11 11:33:01,784 - reviewer.prompteval - DEBUG - add_spaces completed in 0.000183 seconds
2025-07-11 11:33:01,785 - reviewer.prompteval - DEBUG - Entering: add_spaces
2025-07-11 11:33:01,785 - reviewer.prompteval - DEBUG - add_spaces completed in 0.000201 seconds
2025-07-11 11:33:01,785 - reviewer.prompteval - DEBUG - eval_has_combinators completed in 0.004647 seconds
2025-07-11 11:33:01,785 - reviewer.prompteval - DEBUG - Entering: convert_bool_to_ohe
2025-07-11 11:33:01,785 - reviewer.prompteval - DEBUG - convert_bool_to_ohe completed in 0.000181 seconds
2025-07-11 11:33:01,787 - reviewer.IncosePromptRunner - DEBUG - call_evals completed in 0.086706 seconds
2025-07-11 11:33:01,787 - reviewer.IncosePromptRunner - DEBUG - Entering: get_failed_evals
2025-07-11 11:33:01,788 - reviewer.IncosePromptRunner - DEBUG - get_failed_evals completed in 0.002019 seconds
2025-07-11 11:33:01,788 - reviewer.IncosePromptRunner - DEBUG - Entering: map_failed_evals_to_rule_ids
2025-07-11 11:33:01,808 - reviewer - DEBUG - Entering: map_A_to_B
2025-07-11 11:33:01,808 - reviewer - DEBUG - map_A_to_B completed in 0.000256 seconds
2025-07-11 11:33:01,808 - reviewer - DEBUG - Entering: map_A_to_B
2025-07-11 11:33:01,809 - reviewer - DEBUG - map_A_to_B completed in 0.000207 seconds
2025-07-11 11:33:01,809 - reviewer - DEBUG - Entering: map_A_to_B
2025-07-11 11:33:01,809 - reviewer - DEBUG - map_A_to_B completed in 0.000154 seconds
2025-07-11 11:33:01,809 - reviewer - DEBUG - Entering: map_A_to_B
2025-07-11 11:33:01,809 - reviewer - DEBUG - map_A_to_B completed in 0.000172 seconds
2025-07-11 11:33:01,821 - reviewer.IncosePromptRunner - DEBUG - map_failed_evals_to_rule_ids completed in 0.032359 seconds
2025-07-11 11:33:01,822 - reviewer - INFO - Evaluations completed for iter num 0 of run_eval_loop
2025-07-11 11:33:01,823 - reviewer - INFO - 1/4 Requirements passed all criteria during iter num 0 of run_eval_loop
2025-07-11 11:33:01,824 - reviewer - INFO - 3 Requirements still require evaluation
2025-07-11 11:33:01,825 - reviewer.IncosePromptRunner - DEBUG - Entering: assemble_eval_chain_list
2025-07-11 11:33:01,825 - reviewer.IncosePromptRunner - DEBUG - Entering: assemble_chain_from_template
2025-07-11 11:33:01,826 - reviewer.IncosePromptRunner - DEBUG - assemble_chain_from_template completed in 0.000598 seconds
2025-07-11 11:33:01,826 - reviewer.IncosePromptRunner - DEBUG - Entering: assemble_chain_from_template
2025-07-11 11:33:01,826 - reviewer.IncosePromptRunner - DEBUG - assemble_chain_from_template completed in 0.000227 seconds
2025-07-11 11:33:01,827 - reviewer.IncosePromptRunner - DEBUG - Entering: assemble_chain_from_template
2025-07-11 11:33:01,827 - reviewer.IncosePromptRunner - DEBUG - assemble_chain_from_template completed in 0.000237 seconds
2025-07-11 11:33:01,827 - reviewer.IncosePromptRunner - DEBUG - Entering: assemble_chain_from_template
2025-07-11 11:33:01,827 - reviewer.IncosePromptRunner - DEBUG - assemble_chain_from_template completed in 0.000220 seconds
2025-07-11 11:33:01,827 - reviewer.IncosePromptRunner - DEBUG - Entering: assemble_chain_from_template
2025-07-11 11:33:01,827 - reviewer.IncosePromptRunner - DEBUG - assemble_chain_from_template completed in 0.000218 seconds
2025-07-11 11:33:01,827 - reviewer.IncosePromptRunner - DEBUG - Entering: assemble_chain_from_template
2025-07-11 11:33:01,827 - reviewer.IncosePromptRunner - DEBUG - assemble_chain_from_template completed in 0.000172 seconds
2025-07-11 11:33:01,827 - reviewer.IncosePromptRunner - DEBUG - Entering: assemble_chain_from_template
2025-07-11 11:33:01,829 - reviewer.IncosePromptRunner - DEBUG - assemble_chain_from_template completed in 0.000219 seconds
2025-07-11 11:33:01,829 - reviewer.IncosePromptRunner - DEBUG - Entering: assemble_chain_from_template
2025-07-11 11:33:01,829 - reviewer.IncosePromptRunner - DEBUG - assemble_chain_from_template completed in 0.000165 seconds
2025-07-11 11:33:01,829 - reviewer.IncosePromptRunner - DEBUG - Entering: assemble_chain_from_template
2025-07-11 11:33:01,829 - reviewer.IncosePromptRunner - DEBUG - assemble_chain_from_template completed in 0.000165 seconds
2025-07-11 11:33:01,829 - reviewer.IncosePromptRunner - DEBUG - assemble_eval_chain_list completed in 0.004037 seconds
2025-07-11 11:33:01,830 - reviewer.PromptRunner - DEBUG - Entering: run_multiple_chains
2025-07-11 11:33:01,830 - reviewer.PromptRunner - DEBUG - run_multiple_chains completed in 0.000140 seconds
2025-07-11 11:33:01,832 - reviewer.PromptRunner - DEBUG - Entering: run_chain
2025-07-11 11:33:01,832 - reviewer.PromptRunner - DEBUG - run_chain completed in 0.000181 seconds
2025-07-11 11:33:01,833 - reviewer.PromptRunner - DEBUG - Entering: run_chain
2025-07-11 11:33:01,833 - reviewer.PromptRunner - DEBUG - run_chain completed in 0.000187 seconds
2025-07-11 11:33:01,833 - reviewer.PromptRunner - DEBUG - Entering: run_chain
2025-07-11 11:33:01,833 - reviewer.PromptRunner - DEBUG - run_chain completed in 0.000161 seconds
2025-07-11 11:33:01,834 - reviewer.PromptRunner - INFO - awaiting results...
2025-07-11 11:33:07,487 - reviewer.PromptRunner - INFO - results fetched...
2025-07-11 11:33:07,488 - reviewer.IncosePromptRunner - DEBUG - Entering: cast_results_to_frame
2025-07-11 11:33:07,488 - reviewer.IncosePromptRunner - DEBUG - cast_results_to_frame completed in 0.000648 seconds
2025-07-11 11:33:07,488 - reviewer - INFO - The final iteration is being run. Perform a final evaluation.
2025-07-11 11:33:07,488 - reviewer.IncosePromptRunner - DEBUG - Entering: call_evals
2025-07-11 11:33:07,488 - reviewer.prompteval - DEBUG - Entering: eval_is_in_passive_voice
2025-07-11 11:33:07,488 - reviewer.prompteval - DEBUG - eval_is_in_passive_voice completed in 0.000121 seconds
2025-07-11 11:33:07,488 - reviewer.prompteval - DEBUG - Entering: convert_bool_to_ohe
2025-07-11 11:33:07,488 - reviewer.prompteval - DEBUG - convert_bool_to_ohe completed in 0.000134 seconds
2025-07-11 11:33:07,488 - reviewer.prompteval - DEBUG - Entering: eval_if_vague_verb
2025-07-11 11:33:07,488 - reviewer.prompteval - DEBUG - Entering: add_spaces
2025-07-11 11:33:07,488 - reviewer.prompteval - DEBUG - add_spaces completed in 0.000132 seconds
2025-07-11 11:33:07,488 - reviewer.prompteval - DEBUG - Entering: add_spaces
2025-07-11 11:33:07,488 - reviewer.prompteval - DEBUG - add_spaces completed in 0.000160 seconds
2025-07-11 11:33:07,488 - reviewer.prompteval - DEBUG - Entering: add_spaces
2025-07-11 11:33:07,493 - reviewer.prompteval - DEBUG - add_spaces completed in 0.000200 seconds
2025-07-11 11:33:07,493 - reviewer.prompteval - DEBUG - Entering: add_spaces
2025-07-11 11:33:07,493 - reviewer.prompteval - DEBUG - add_spaces completed in 0.000136 seconds
2025-07-11 11:33:07,493 - reviewer.prompteval - DEBUG - Entering: add_spaces
2025-07-11 11:33:07,493 - reviewer.prompteval - DEBUG - add_spaces completed in 0.000109 seconds
2025-07-11 11:33:07,493 - reviewer.prompteval - DEBUG - Entering: add_spaces
2025-07-11 11:33:07,493 - reviewer.prompteval - DEBUG - add_spaces completed in 0.000126 seconds
2025-07-11 11:33:07,493 - reviewer.prompteval - DEBUG - eval_if_vague_verb completed in 0.001831 seconds
2025-07-11 11:33:07,494 - reviewer.prompteval - DEBUG - Entering: convert_bool_to_ohe
2025-07-11 11:33:07,494 - reviewer.prompteval - DEBUG - convert_bool_to_ohe completed in 0.000107 seconds
2025-07-11 11:33:07,495 - reviewer.prompteval - DEBUG - Entering: eval_has_vague_terms
2025-07-11 11:33:07,496 - reviewer.prompteval - DEBUG - Entering: add_spaces
2025-07-11 11:33:07,496 - reviewer.prompteval - DEBUG - add_spaces completed in 0.000139 seconds
2025-07-11 11:33:07,496 - reviewer.prompteval - DEBUG - Entering: add_spaces
2025-07-11 11:33:07,496 - reviewer.prompteval - DEBUG - add_spaces completed in 0.000157 seconds
2025-07-11 11:33:07,496 - reviewer.prompteval - DEBUG - eval_has_vague_terms completed in 0.000791 seconds
2025-07-11 11:33:07,496 - reviewer.prompteval - DEBUG - Entering: convert_bool_to_ohe
2025-07-11 11:33:07,496 - reviewer.prompteval - DEBUG - convert_bool_to_ohe completed in 0.000111 seconds
2025-07-11 11:33:07,497 - reviewer.prompteval - DEBUG - Entering: eval_has_escape_clause
2025-07-11 11:33:07,497 - reviewer.prompteval - DEBUG - Entering: add_spaces
2025-07-11 11:33:07,497 - reviewer.prompteval - DEBUG - add_spaces completed in 0.000118 seconds
2025-07-11 11:33:07,497 - reviewer.prompteval - DEBUG - Entering: add_spaces
2025-07-11 11:33:07,497 - reviewer.prompteval - DEBUG - add_spaces completed in 0.000128 seconds
2025-07-11 11:33:07,498 - reviewer.prompteval - DEBUG - Entering: add_spaces
2025-07-11 11:33:07,498 - reviewer.prompteval - DEBUG - add_spaces completed in 0.000139 seconds
2025-07-11 11:33:07,498 - reviewer.prompteval - DEBUG - Entering: add_spaces
2025-07-11 11:33:07,498 - reviewer.prompteval - DEBUG - add_spaces completed in 0.000097 seconds
2025-07-11 11:33:07,498 - reviewer.prompteval - DEBUG - Entering: add_spaces
2025-07-11 11:33:07,498 - reviewer.prompteval - DEBUG - add_spaces completed in 0.000117 seconds
2025-07-11 11:33:07,498 - reviewer.prompteval - DEBUG - Entering: add_spaces
2025-07-11 11:33:07,498 - reviewer.prompteval - DEBUG - add_spaces completed in 0.000093 seconds
2025-07-11 11:33:07,498 - reviewer.prompteval - DEBUG - Entering: add_spaces
2025-07-11 11:33:07,498 - reviewer.prompteval - DEBUG - add_spaces completed in 0.000115 seconds
2025-07-11 11:33:07,498 - reviewer.prompteval - DEBUG - Entering: add_spaces
2025-07-11 11:33:07,498 - reviewer.prompteval - DEBUG - add_spaces completed in 0.000116 seconds
2025-07-11 11:33:07,498 - reviewer.prompteval - DEBUG - Entering: add_spaces
2025-07-11 11:33:07,498 - reviewer.prompteval - DEBUG - add_spaces completed in 0.000111 seconds
2025-07-11 11:33:07,498 - reviewer.prompteval - DEBUG - Entering: add_spaces
2025-07-11 11:33:07,500 - reviewer.prompteval - DEBUG - add_spaces completed in 0.000110 seconds
2025-07-11 11:33:07,500 - reviewer.prompteval - DEBUG - Entering: add_spaces
2025-07-11 11:33:07,500 - reviewer.prompteval - DEBUG - add_spaces completed in 0.000145 seconds
2025-07-11 11:33:07,500 - reviewer.prompteval - DEBUG - eval_has_escape_clause completed in 0.002735 seconds
2025-07-11 11:33:07,500 - reviewer.prompteval - DEBUG - Entering: convert_bool_to_ohe
2025-07-11 11:33:07,500 - reviewer.prompteval - DEBUG - convert_bool_to_ohe completed in 0.000131 seconds
2025-07-11 11:33:07,501 - reviewer.prompteval - DEBUG - Entering: eval_has_open_end_clause
2025-07-11 11:33:07,501 - reviewer.prompteval - DEBUG - Entering: add_spaces
2025-07-11 11:33:07,501 - reviewer.prompteval - DEBUG - add_spaces completed in 0.000143 seconds
2025-07-11 11:33:07,501 - reviewer.prompteval - DEBUG - Entering: add_spaces
2025-07-11 11:33:07,501 - reviewer.prompteval - DEBUG - add_spaces completed in 0.000159 seconds
2025-07-11 11:33:07,501 - reviewer.prompteval - DEBUG - Entering: add_spaces
2025-07-11 11:33:07,501 - reviewer.prompteval - DEBUG - add_spaces completed in 0.000129 seconds
2025-07-11 11:33:07,501 - reviewer.prompteval - DEBUG - eval_has_open_end_clause completed in 0.000965 seconds
2025-07-11 11:33:07,501 - reviewer.prompteval - DEBUG - Entering: convert_bool_to_ohe
2025-07-11 11:33:07,501 - reviewer.prompteval - DEBUG - convert_bool_to_ohe completed in 0.000174 seconds
2025-07-11 11:33:07,502 - reviewer.prompteval - DEBUG - Entering: eval_has_superfl_inf
2025-07-11 11:33:07,502 - reviewer.prompteval - DEBUG - Entering: add_spaces
2025-07-11 11:33:07,503 - reviewer.prompteval - DEBUG - add_spaces completed in 0.000159 seconds
2025-07-11 11:33:07,503 - reviewer.prompteval - DEBUG - Entering: add_spaces
2025-07-11 11:33:07,503 - reviewer.prompteval - DEBUG - add_spaces completed in 0.000264 seconds
2025-07-11 11:33:07,503 - reviewer.prompteval - DEBUG - Entering: add_spaces
2025-07-11 11:33:07,503 - reviewer.prompteval - DEBUG - add_spaces completed in 0.000192 seconds
2025-07-11 11:33:07,504 - reviewer.prompteval - DEBUG - Entering: add_spaces
2025-07-11 11:33:07,505 - reviewer.prompteval - DEBUG - add_spaces completed in 0.000203 seconds
2025-07-11 11:33:07,505 - reviewer.prompteval - DEBUG - Entering: add_spaces
2025-07-11 11:33:07,505 - reviewer.prompteval - DEBUG - add_spaces completed in 0.000183 seconds
2025-07-11 11:33:07,505 - reviewer.prompteval - DEBUG - eval_has_superfl_inf completed in 0.003284 seconds
2025-07-11 11:33:07,505 - reviewer.prompteval - DEBUG - Entering: convert_bool_to_ohe
2025-07-11 11:33:07,506 - reviewer.prompteval - DEBUG - convert_bool_to_ohe completed in 0.000180 seconds
2025-07-11 11:33:07,508 - reviewer.prompteval - DEBUG - Entering: eval_has_combinators
2025-07-11 11:33:07,508 - reviewer.prompteval - DEBUG - Entering: add_spaces
2025-07-11 11:33:07,508 - reviewer.prompteval - DEBUG - add_spaces completed in 0.000157 seconds
2025-07-11 11:33:07,508 - reviewer.prompteval - DEBUG - Entering: add_spaces
2025-07-11 11:33:07,508 - reviewer.prompteval - DEBUG - add_spaces completed in 0.000114 seconds
2025-07-11 11:33:07,508 - reviewer.prompteval - DEBUG - eval_has_combinators completed in 0.000704 seconds
2025-07-11 11:33:07,508 - reviewer.prompteval - DEBUG - Entering: convert_bool_to_ohe
2025-07-11 11:33:07,509 - reviewer.prompteval - DEBUG - convert_bool_to_ohe completed in 0.000123 seconds
2025-07-11 11:33:07,509 - reviewer.prompteval - DEBUG - Entering: eval_is_in_passive_voice
2025-07-11 11:33:07,509 - reviewer.prompteval - DEBUG - eval_is_in_passive_voice completed in 0.000143 seconds
2025-07-11 11:33:07,509 - reviewer.prompteval - DEBUG - Entering: convert_bool_to_ohe
2025-07-11 11:33:07,509 - reviewer.prompteval - DEBUG - convert_bool_to_ohe completed in 0.000123 seconds
2025-07-11 11:33:07,509 - reviewer.prompteval - DEBUG - Entering: eval_if_vague_verb
2025-07-11 11:33:07,509 - reviewer.prompteval - DEBUG - Entering: add_spaces
2025-07-11 11:33:07,509 - reviewer.prompteval - DEBUG - add_spaces completed in 0.000139 seconds
2025-07-11 11:33:07,511 - reviewer.prompteval - DEBUG - eval_if_vague_verb completed in 0.000410 seconds
2025-07-11 11:33:07,511 - reviewer.prompteval - DEBUG - Entering: convert_bool_to_ohe
2025-07-11 11:33:07,511 - reviewer.prompteval - DEBUG - convert_bool_to_ohe completed in 0.000102 seconds
2025-07-11 11:33:07,511 - reviewer.prompteval - DEBUG - Entering: eval_has_vague_terms
2025-07-11 11:33:07,511 - reviewer.prompteval - DEBUG - Entering: add_spaces
2025-07-11 11:33:07,511 - reviewer.prompteval - DEBUG - add_spaces completed in 0.000115 seconds
2025-07-11 11:33:07,511 - reviewer.prompteval - DEBUG - Entering: add_spaces
2025-07-11 11:33:07,511 - reviewer.prompteval - DEBUG - add_spaces completed in 0.000106 seconds
2025-07-11 11:33:07,511 - reviewer.prompteval - DEBUG - eval_has_vague_terms completed in 0.000561 seconds
2025-07-11 11:33:07,511 - reviewer.prompteval - DEBUG - Entering: convert_bool_to_ohe
2025-07-11 11:33:07,511 - reviewer.prompteval - DEBUG - convert_bool_to_ohe completed in 0.000108 seconds
2025-07-11 11:33:07,511 - reviewer.prompteval - DEBUG - Entering: eval_has_escape_clause
2025-07-11 11:33:07,511 - reviewer.prompteval - DEBUG - Entering: add_spaces
2025-07-11 11:33:07,511 - reviewer.prompteval - DEBUG - add_spaces completed in 0.000111 seconds
2025-07-11 11:33:07,511 - reviewer.prompteval - DEBUG - Entering: add_spaces
2025-07-11 11:33:07,511 - reviewer.prompteval - DEBUG - add_spaces completed in 0.000099 seconds
2025-07-11 11:33:07,511 - reviewer.prompteval - DEBUG - Entering: add_spaces
2025-07-11 11:33:07,511 - reviewer.prompteval - DEBUG - add_spaces completed in 0.000125 seconds
2025-07-11 11:33:07,511 - reviewer.prompteval - DEBUG - Entering: add_spaces
2025-07-11 11:33:07,511 - reviewer.prompteval - DEBUG - add_spaces completed in 0.000112 seconds
2025-07-11 11:33:07,511 - reviewer.prompteval - DEBUG - Entering: add_spaces
2025-07-11 11:33:07,511 - reviewer.prompteval - DEBUG - add_spaces completed in 0.000102 seconds
2025-07-11 11:33:07,511 - reviewer.prompteval - DEBUG - Entering: add_spaces
2025-07-11 11:33:07,511 - reviewer.prompteval - DEBUG - add_spaces completed in 0.000111 seconds
2025-07-11 11:33:07,514 - reviewer.prompteval - DEBUG - Entering: add_spaces
2025-07-11 11:33:07,514 - reviewer.prompteval - DEBUG - add_spaces completed in 0.000119 seconds
2025-07-11 11:33:07,514 - reviewer.prompteval - DEBUG - Entering: add_spaces
2025-07-11 11:33:07,514 - reviewer.prompteval - DEBUG - add_spaces completed in 0.000104 seconds
2025-07-11 11:33:07,514 - reviewer.prompteval - DEBUG - Entering: add_spaces
2025-07-11 11:33:07,514 - reviewer.prompteval - DEBUG - add_spaces completed in 0.000112 seconds
2025-07-11 11:33:07,514 - reviewer.prompteval - DEBUG - Entering: add_spaces
2025-07-11 11:33:07,514 - reviewer.prompteval - DEBUG - add_spaces completed in 0.000103 seconds
2025-07-11 11:33:07,514 - reviewer.prompteval - DEBUG - Entering: add_spaces
2025-07-11 11:33:07,514 - reviewer.prompteval - DEBUG - add_spaces completed in 0.000106 seconds
2025-07-11 11:33:07,514 - reviewer.prompteval - DEBUG - eval_has_escape_clause completed in 0.002624 seconds
2025-07-11 11:33:07,514 - reviewer.prompteval - DEBUG - Entering: convert_bool_to_ohe
2025-07-11 11:33:07,515 - reviewer.prompteval - DEBUG - convert_bool_to_ohe completed in 0.000138 seconds
2025-07-11 11:33:07,515 - reviewer.prompteval - DEBUG - Entering: eval_has_open_end_clause
2025-07-11 11:33:07,515 - reviewer.prompteval - DEBUG - Entering: add_spaces
2025-07-11 11:33:07,515 - reviewer.prompteval - DEBUG - add_spaces completed in 0.000117 seconds
2025-07-11 11:33:07,515 - reviewer.prompteval - DEBUG - Entering: add_spaces
2025-07-11 11:33:07,515 - reviewer.prompteval - DEBUG - add_spaces completed in 0.000109 seconds
2025-07-11 11:33:07,516 - reviewer.prompteval - DEBUG - Entering: add_spaces
2025-07-11 11:33:07,516 - reviewer.prompteval - DEBUG - add_spaces completed in 0.000107 seconds
2025-07-11 11:33:07,516 - reviewer.prompteval - DEBUG - eval_has_open_end_clause completed in 0.000792 seconds
2025-07-11 11:33:07,516 - reviewer.prompteval - DEBUG - Entering: convert_bool_to_ohe
2025-07-11 11:33:07,516 - reviewer.prompteval - DEBUG - convert_bool_to_ohe completed in 0.000123 seconds
2025-07-11 11:33:07,516 - reviewer.prompteval - DEBUG - Entering: eval_has_superfl_inf
2025-07-11 11:33:07,516 - reviewer.prompteval - DEBUG - Entering: add_spaces
2025-07-11 11:33:07,516 - reviewer.prompteval - DEBUG - add_spaces completed in 0.000100 seconds
2025-07-11 11:33:07,517 - reviewer.prompteval - DEBUG - Entering: add_spaces
2025-07-11 11:33:07,517 - reviewer.prompteval - DEBUG - add_spaces completed in 0.000111 seconds
2025-07-11 11:33:07,517 - reviewer.prompteval - DEBUG - Entering: add_spaces
2025-07-11 11:33:07,517 - reviewer.prompteval - DEBUG - add_spaces completed in 0.000094 seconds
2025-07-11 11:33:07,517 - reviewer.prompteval - DEBUG - Entering: add_spaces
2025-07-11 11:33:07,517 - reviewer.prompteval - DEBUG - add_spaces completed in 0.000111 seconds
2025-07-11 11:33:07,517 - reviewer.prompteval - DEBUG - Entering: add_spaces
2025-07-11 11:33:07,517 - reviewer.prompteval - DEBUG - add_spaces completed in 0.000113 seconds
2025-07-11 11:33:07,517 - reviewer.prompteval - DEBUG - eval_has_superfl_inf completed in 0.001218 seconds
2025-07-11 11:33:07,518 - reviewer.prompteval - DEBUG - Entering: convert_bool_to_ohe
2025-07-11 11:33:07,518 - reviewer.prompteval - DEBUG - convert_bool_to_ohe completed in 0.000149 seconds
2025-07-11 11:33:07,518 - reviewer.prompteval - DEBUG - Entering: eval_has_combinators
2025-07-11 11:33:07,518 - reviewer.prompteval - DEBUG - Entering: add_spaces
2025-07-11 11:33:07,518 - reviewer.prompteval - DEBUG - add_spaces completed in 0.000119 seconds
2025-07-11 11:33:07,519 - reviewer.prompteval - DEBUG - Entering: add_spaces
2025-07-11 11:33:07,519 - reviewer.prompteval - DEBUG - add_spaces completed in 0.000140 seconds
2025-07-11 11:33:07,519 - reviewer.prompteval - DEBUG - eval_has_combinators completed in 0.000709 seconds
2025-07-11 11:33:07,519 - reviewer.prompteval - DEBUG - Entering: convert_bool_to_ohe
2025-07-11 11:33:07,519 - reviewer.prompteval - DEBUG - convert_bool_to_ohe completed in 0.000172 seconds
2025-07-11 11:33:07,520 - reviewer.prompteval - DEBUG - Entering: eval_is_in_passive_voice
2025-07-11 11:33:07,521 - reviewer.prompteval - DEBUG - eval_is_in_passive_voice completed in 0.000168 seconds
2025-07-11 11:33:07,521 - reviewer.prompteval - DEBUG - Entering: convert_bool_to_ohe
2025-07-11 11:33:07,521 - reviewer.prompteval - DEBUG - convert_bool_to_ohe completed in 0.000162 seconds
2025-07-11 11:33:07,521 - reviewer.prompteval - DEBUG - Entering: eval_if_vague_verb
2025-07-11 11:33:07,521 - reviewer.prompteval - DEBUG - Entering: add_spaces
2025-07-11 11:33:07,521 - reviewer.prompteval - DEBUG - add_spaces completed in 0.000127 seconds
2025-07-11 11:33:07,521 - reviewer.prompteval - DEBUG - Entering: add_spaces
2025-07-11 11:33:07,521 - reviewer.prompteval - DEBUG - add_spaces completed in 0.000134 seconds
2025-07-11 11:33:07,521 - reviewer.prompteval - DEBUG - Entering: add_spaces
2025-07-11 11:33:07,522 - reviewer.prompteval - DEBUG - add_spaces completed in 0.000131 seconds
2025-07-11 11:33:07,522 - reviewer.prompteval - DEBUG - Entering: add_spaces
2025-07-11 11:33:07,522 - reviewer.prompteval - DEBUG - add_spaces completed in 0.000102 seconds
2025-07-11 11:33:07,522 - reviewer.prompteval - DEBUG - Entering: add_spaces
2025-07-11 11:33:07,522 - reviewer.prompteval - DEBUG - add_spaces completed in 0.000120 seconds
2025-07-11 11:33:07,522 - reviewer.prompteval - DEBUG - Entering: add_spaces
2025-07-11 11:33:07,522 - reviewer.prompteval - DEBUG - add_spaces completed in 0.000141 seconds
2025-07-11 11:33:07,522 - reviewer.prompteval - DEBUG - eval_if_vague_verb completed in 0.001690 seconds
2025-07-11 11:33:07,522 - reviewer.prompteval - DEBUG - Entering: convert_bool_to_ohe
2025-07-11 11:33:07,523 - reviewer.prompteval - DEBUG - convert_bool_to_ohe completed in 0.000121 seconds
2025-07-11 11:33:07,523 - reviewer.prompteval - DEBUG - Entering: eval_has_vague_terms
2025-07-11 11:33:07,524 - reviewer.prompteval - DEBUG - Entering: add_spaces
2025-07-11 11:33:07,524 - reviewer.prompteval - DEBUG - add_spaces completed in 0.000161 seconds
2025-07-11 11:33:07,524 - reviewer.prompteval - DEBUG - Entering: add_spaces
2025-07-11 11:33:07,524 - reviewer.prompteval - DEBUG - add_spaces completed in 0.000140 seconds
2025-07-11 11:33:07,524 - reviewer.prompteval - DEBUG - Entering: add_spaces
2025-07-11 11:33:07,524 - reviewer.prompteval - DEBUG - add_spaces completed in 0.000128 seconds
2025-07-11 11:33:07,524 - reviewer.prompteval - DEBUG - Entering: add_spaces
2025-07-11 11:33:07,524 - reviewer.prompteval - DEBUG - add_spaces completed in 0.000133 seconds
2025-07-11 11:33:07,524 - reviewer.prompteval - DEBUG - Entering: add_spaces
2025-07-11 11:33:07,524 - reviewer.prompteval - DEBUG - add_spaces completed in 0.000145 seconds
2025-07-11 11:33:07,524 - reviewer.prompteval - DEBUG - Entering: add_spaces
2025-07-11 11:33:07,525 - reviewer.prompteval - DEBUG - add_spaces completed in 0.000119 seconds
2025-07-11 11:33:07,525 - reviewer.prompteval - DEBUG - Entering: add_spaces
2025-07-11 11:33:07,525 - reviewer.prompteval - DEBUG - add_spaces completed in 0.000112 seconds
2025-07-11 11:33:07,525 - reviewer.prompteval - DEBUG - Entering: add_spaces
2025-07-11 11:33:07,525 - reviewer.prompteval - DEBUG - add_spaces completed in 0.000121 seconds
2025-07-11 11:33:07,525 - reviewer.prompteval - DEBUG - Entering: add_spaces
2025-07-11 11:33:07,525 - reviewer.prompteval - DEBUG - add_spaces completed in 0.000124 seconds
2025-07-11 11:33:07,525 - reviewer.prompteval - DEBUG - Entering: add_spaces
2025-07-11 11:33:07,525 - reviewer.prompteval - DEBUG - add_spaces completed in 0.000135 seconds
2025-07-11 11:33:07,525 - reviewer.prompteval - DEBUG - Entering: add_spaces
2025-07-11 11:33:07,525 - reviewer.prompteval - DEBUG - add_spaces completed in 0.000099 seconds
2025-07-11 11:33:07,525 - reviewer.prompteval - DEBUG - Entering: add_spaces
2025-07-11 11:33:07,525 - reviewer.prompteval - DEBUG - add_spaces completed in 0.000130 seconds
2025-07-11 11:33:07,525 - reviewer.prompteval - DEBUG - Entering: add_spaces
2025-07-11 11:33:07,525 - reviewer.prompteval - DEBUG - add_spaces completed in 0.000125 seconds
2025-07-11 11:33:07,525 - reviewer.prompteval - DEBUG - Entering: add_spaces
2025-07-11 11:33:07,525 - reviewer.prompteval - DEBUG - add_spaces completed in 0.000127 seconds
2025-07-11 11:33:07,527 - reviewer.prompteval - DEBUG - Entering: add_spaces
2025-07-11 11:33:07,527 - reviewer.prompteval - DEBUG - add_spaces completed in 0.000126 seconds
2025-07-11 11:33:07,527 - reviewer.prompteval - DEBUG - Entering: add_spaces
2025-07-11 11:33:07,527 - reviewer.prompteval - DEBUG - add_spaces completed in 0.000110 seconds
2025-07-11 11:33:07,527 - reviewer.prompteval - DEBUG - Entering: add_spaces
2025-07-11 11:33:07,527 - reviewer.prompteval - DEBUG - add_spaces completed in 0.000109 seconds
2025-07-11 11:33:07,527 - reviewer.prompteval - DEBUG - Entering: add_spaces
2025-07-11 11:33:07,527 - reviewer.prompteval - DEBUG - add_spaces completed in 0.000105 seconds
2025-07-11 11:33:07,527 - reviewer.prompteval - DEBUG - Entering: add_spaces
2025-07-11 11:33:07,527 - reviewer.prompteval - DEBUG - add_spaces completed in 0.000109 seconds
2025-07-11 11:33:07,527 - reviewer.prompteval - DEBUG - eval_has_vague_terms completed in 0.004901 seconds
2025-07-11 11:33:07,527 - reviewer.prompteval - DEBUG - Entering: convert_bool_to_ohe
2025-07-11 11:33:07,527 - reviewer.prompteval - DEBUG - convert_bool_to_ohe completed in 0.000160 seconds
2025-07-11 11:33:07,529 - reviewer.prompteval - DEBUG - Entering: eval_has_escape_clause
2025-07-11 11:33:07,529 - reviewer.prompteval - DEBUG - Entering: add_spaces
2025-07-11 11:33:07,529 - reviewer.prompteval - DEBUG - add_spaces completed in 0.000130 seconds
2025-07-11 11:33:07,529 - reviewer.prompteval - DEBUG - Entering: add_spaces
2025-07-11 11:33:07,529 - reviewer.prompteval - DEBUG - add_spaces completed in 0.000138 seconds
2025-07-11 11:33:07,529 - reviewer.prompteval - DEBUG - Entering: add_spaces
2025-07-11 11:33:07,530 - reviewer.prompteval - DEBUG - add_spaces completed in 0.000115 seconds
2025-07-11 11:33:07,530 - reviewer.prompteval - DEBUG - Entering: add_spaces
2025-07-11 11:33:07,530 - reviewer.prompteval - DEBUG - add_spaces completed in 0.000109 seconds
2025-07-11 11:33:07,530 - reviewer.prompteval - DEBUG - Entering: add_spaces
2025-07-11 11:33:07,530 - reviewer.prompteval - DEBUG - add_spaces completed in 0.000151 seconds
2025-07-11 11:33:07,530 - reviewer.prompteval - DEBUG - Entering: add_spaces
2025-07-11 11:33:07,530 - reviewer.prompteval - DEBUG - add_spaces completed in 0.000097 seconds
2025-07-11 11:33:07,530 - reviewer.prompteval - DEBUG - Entering: add_spaces
2025-07-11 11:33:07,530 - reviewer.prompteval - DEBUG - add_spaces completed in 0.000098 seconds
2025-07-11 11:33:07,531 - reviewer.prompteval - DEBUG - Entering: add_spaces
2025-07-11 11:33:07,531 - reviewer.prompteval - DEBUG - add_spaces completed in 0.000120 seconds
2025-07-11 11:33:07,531 - reviewer.prompteval - DEBUG - Entering: add_spaces
2025-07-11 11:33:07,531 - reviewer.prompteval - DEBUG - add_spaces completed in 0.000113 seconds
2025-07-11 11:33:07,531 - reviewer.prompteval - DEBUG - Entering: add_spaces
2025-07-11 11:33:07,531 - reviewer.prompteval - DEBUG - add_spaces completed in 0.000102 seconds
2025-07-11 11:33:07,531 - reviewer.prompteval - DEBUG - Entering: add_spaces
2025-07-11 11:33:07,531 - reviewer.prompteval - DEBUG - add_spaces completed in 0.000104 seconds
2025-07-11 11:33:07,531 - reviewer.prompteval - DEBUG - eval_has_escape_clause completed in 0.002706 seconds
2025-07-11 11:33:07,532 - reviewer.prompteval - DEBUG - Entering: convert_bool_to_ohe
2025-07-11 11:33:07,532 - reviewer.prompteval - DEBUG - convert_bool_to_ohe completed in 0.000107 seconds
2025-07-11 11:33:07,532 - reviewer.prompteval - DEBUG - Entering: eval_has_open_end_clause
2025-07-11 11:33:07,532 - reviewer.prompteval - DEBUG - Entering: add_spaces
2025-07-11 11:33:07,532 - reviewer.prompteval - DEBUG - add_spaces completed in 0.000103 seconds
2025-07-11 11:33:07,532 - reviewer.prompteval - DEBUG - Entering: add_spaces
2025-07-11 11:33:07,532 - reviewer.prompteval - DEBUG - add_spaces completed in 0.000121 seconds
2025-07-11 11:33:07,533 - reviewer.prompteval - DEBUG - Entering: add_spaces
2025-07-11 11:33:07,533 - reviewer.prompteval - DEBUG - add_spaces completed in 0.000126 seconds
2025-07-11 11:33:07,533 - reviewer.prompteval - DEBUG - eval_has_open_end_clause completed in 0.000834 seconds
2025-07-11 11:33:07,533 - reviewer.prompteval - DEBUG - Entering: convert_bool_to_ohe
2025-07-11 11:33:07,533 - reviewer.prompteval - DEBUG - convert_bool_to_ohe completed in 0.000098 seconds
2025-07-11 11:33:07,534 - reviewer.prompteval - DEBUG - Entering: eval_has_superfl_inf
2025-07-11 11:33:07,534 - reviewer.prompteval - DEBUG - Entering: add_spaces
2025-07-11 11:33:07,534 - reviewer.prompteval - DEBUG - add_spaces completed in 0.000121 seconds
2025-07-11 11:33:07,534 - reviewer.prompteval - DEBUG - Entering: add_spaces
2025-07-11 11:33:07,534 - reviewer.prompteval - DEBUG - add_spaces completed in 0.000144 seconds
2025-07-11 11:33:07,534 - reviewer.prompteval - DEBUG - Entering: add_spaces
2025-07-11 11:33:07,534 - reviewer.prompteval - DEBUG - add_spaces completed in 0.000149 seconds
2025-07-11 11:33:07,535 - reviewer.prompteval - DEBUG - Entering: add_spaces
2025-07-11 11:33:07,535 - reviewer.prompteval - DEBUG - add_spaces completed in 0.000161 seconds
2025-07-11 11:33:07,535 - reviewer.prompteval - DEBUG - Entering: add_spaces
2025-07-11 11:33:07,535 - reviewer.prompteval - DEBUG - add_spaces completed in 0.000117 seconds
2025-07-11 11:33:07,535 - reviewer.prompteval - DEBUG - eval_has_superfl_inf completed in 0.001502 seconds
2025-07-11 11:33:07,535 - reviewer.prompteval - DEBUG - Entering: convert_bool_to_ohe
2025-07-11 11:33:07,535 - reviewer.prompteval - DEBUG - convert_bool_to_ohe completed in 0.000160 seconds
2025-07-11 11:33:07,536 - reviewer.prompteval - DEBUG - Entering: eval_has_combinators
2025-07-11 11:33:07,536 - reviewer.prompteval - DEBUG - Entering: add_spaces
2025-07-11 11:33:07,537 - reviewer.prompteval - DEBUG - add_spaces completed in 0.000170 seconds
2025-07-11 11:33:07,537 - reviewer.prompteval - DEBUG - eval_has_combinators completed in 0.000481 seconds
2025-07-11 11:33:07,537 - reviewer.prompteval - DEBUG - Entering: convert_bool_to_ohe
2025-07-11 11:33:07,537 - reviewer.prompteval - DEBUG - convert_bool_to_ohe completed in 0.000148 seconds
2025-07-11 11:33:07,537 - reviewer.IncosePromptRunner - DEBUG - call_evals completed in 0.046368 seconds
2025-07-11 11:33:07,537 - reviewer.IncosePromptRunner - DEBUG - Entering: get_failed_evals
2025-07-11 11:33:07,537 - reviewer.IncosePromptRunner - DEBUG - get_failed_evals completed in 0.001231 seconds
2025-07-11 11:33:07,537 - reviewer.IncosePromptRunner - DEBUG - Entering: map_failed_evals_to_rule_ids
2025-07-11 11:33:07,548 - reviewer - DEBUG - Entering: map_A_to_B
2025-07-11 11:33:07,548 - reviewer - DEBUG - map_A_to_B completed in 0.000228 seconds
2025-07-11 11:33:07,548 - reviewer - DEBUG - Entering: map_A_to_B
2025-07-11 11:33:07,550 - reviewer - DEBUG - map_A_to_B completed in 0.000187 seconds
2025-07-11 11:33:07,550 - reviewer - DEBUG - Entering: map_A_to_B
2025-07-11 11:33:07,550 - reviewer - DEBUG - map_A_to_B completed in 0.000156 seconds
2025-07-11 11:33:07,560 - reviewer.IncosePromptRunner - DEBUG - map_failed_evals_to_rule_ids completed in 0.022431 seconds
2025-07-11 11:33:07,576 - reviewer - DEBUG - Entering: to_excel
2025-07-11 11:33:07,595 - reviewer - DEBUG - to_excel completed in 0.016037 seconds
2025-07-11 11:33:07,595 - reviewer - INFO - Exiting: iter num: 0 of run_eval_loop
2025-07-11 11:33:07,595 - reviewer - DEBUG - Entering: generate_revisions_df
2025-07-11 11:33:07,608 - reviewer - DEBUG - Entering: to_excel
2025-07-11 11:33:07,624 - reviewer - DEBUG - to_excel completed in 0.016519 seconds
2025-07-11 11:33:07,624 - reviewer - DEBUG - generate_revisions_df completed in 0.027391 seconds
2025-07-11 11:33:07,624 - reviewer - DEBUG - Entering: merge_revisions_df
2025-07-11 11:33:07,625 - reviewer - DEBUG - Entering: to_excel
2025-07-11 11:33:07,645 - reviewer - DEBUG - to_excel completed in 0.016456 seconds
2025-07-11 11:33:07,645 - reviewer - DEBUG - merge_revisions_df completed in 0.024792 seconds
