2025-07-13 00:10:46,966 - reviewer.PreprocessIncoseGuide - DEBUG - Entering: preprocess_rules_section_4
2025-07-13 00:10:46,967 - reviewer.Sectionalize - DEBUG - Entering: get_pdf_text
2025-07-13 00:10:47,330 - reviewer.Sectionalize - DEBUG - get_pdf_text completed in 0.363547 seconds
2025-07-13 00:10:47,331 - reviewer.Sectionalize - DEBUG - Entering: save_text
2025-07-13 00:10:47,333 - reviewer.Sectionalize - DEBUG - save_text completed in 0.001948 seconds
2025-07-13 00:10:47,333 - reviewer.TextPreprocessor - DEBUG - Entering: clean_text
2025-07-13 00:10:47,333 - reviewer.TextPreprocessor - DEBUG - Entering: replace
2025-07-13 00:10:47,334 - reviewer.TextPreprocessor - DEBUG - replace completed in 0.000586 seconds
2025-07-13 00:10:47,335 - reviewer.TextPreprocessor - DEBUG - Entering: remove_multi_whitespace
2025-07-13 00:10:47,342 - reviewer.TextPreprocessor - DEBUG - remove_multi_whitespace completed in 0.006846 seconds
2025-07-13 00:10:47,342 - reviewer.TextPreprocessor - DEBUG - clean_text completed in 0.008745 seconds
2025-07-13 00:10:47,342 - reviewer.Sectionalize - DEBUG - Entering: save_text
2025-07-13 00:10:47,343 - reviewer.Sectionalize - DEBUG - save_text completed in 0.001145 seconds
2025-07-13 00:10:47,344 - reviewer.Sectionalize - DEBUG - Entering: get_sections_df
2025-07-13 00:10:47,346 - reviewer.Sectionalize - DEBUG - get_sections_df completed in 0.002417 seconds
2025-07-13 00:10:47,346 - reviewer.Sectionalize - DEBUG - Entering: add_section_text
2025-07-13 00:10:47,357 - reviewer.Sectionalize - DEBUG - add_section_text completed in 0.010389 seconds
2025-07-13 00:10:47,357 - reviewer.PreprocessIncoseGuide - DEBUG - Entering: get_incose_definition
2025-07-13 00:10:47,362 - reviewer.PreprocessIncoseGuide - DEBUG - get_incose_definition completed in 0.006273 seconds
2025-07-13 00:10:47,364 - reviewer.PreprocessIncoseGuide - DEBUG - Entering: get_incose_elaboration
2025-07-13 00:10:47,370 - reviewer.PreprocessIncoseGuide - DEBUG - get_incose_elaboration completed in 0.006511 seconds
2025-07-13 00:10:47,370 - reviewer.PreprocessIncoseGuide - DEBUG - Entering: get_incose_examples
2025-07-13 00:10:47,371 - reviewer.PreprocessIncoseGuide - DEBUG - get_incose_examples completed in 0.001069 seconds
2025-07-13 00:10:47,371 - reviewer.PreprocessIncoseGuide - DEBUG - Entering: remove_bracketed_text
2025-07-13 00:10:47,372 - reviewer.PreprocessIncoseGuide - DEBUG - remove_bracketed_text completed in 0.001368 seconds
2025-07-13 00:10:47,372 - reviewer.PreprocessIncoseGuide - DEBUG - Entering: clean_incose_examples
2025-07-13 00:10:47,374 - reviewer.PreprocessIncoseGuide - DEBUG - clean_incose_examples completed in 0.000973 seconds
2025-07-13 00:10:47,374 - reviewer.PreprocessIncoseGuide - DEBUG - preprocess_rules_section_4 completed in 0.408197 seconds
2025-07-13 00:10:47,375 - reviewer.BuildTemplates - DEBUG - Entering: add_message_col_to_frame
2025-07-13 00:10:47,375 - reviewer.BuildTemplates - DEBUG - add_message_col_to_frame completed in 0.000461 seconds
2025-07-13 00:10:47,375 - reviewer.BuildTemplates - DEBUG - Entering: add_message_col_to_frame
2025-07-13 00:10:47,376 - reviewer.BuildTemplates - DEBUG - add_message_col_to_frame completed in 0.000407 seconds
2025-07-13 00:10:47,376 - reviewer.BuildTemplates - DEBUG - Entering: replace_prompt_variable_from_frame
2025-07-13 00:10:47,379 - reviewer.BuildTemplates - DEBUG - replace_prompt_variable_from_frame completed in 0.003408 seconds
2025-07-13 00:10:47,379 - reviewer.BuildTemplates - DEBUG - Entering: replace_prompt_variable_from_frame
2025-07-13 00:10:47,381 - reviewer.BuildTemplates - DEBUG - replace_prompt_variable_from_frame completed in 0.002622 seconds
2025-07-13 00:10:47,383 - reviewer.BuildTemplates - DEBUG - Entering: assemble_templates_from_df
2025-07-13 00:10:47,390 - reviewer.BuildTemplates - DEBUG - Entering: get_template_from_messages
2025-07-13 00:10:47,391 - reviewer.BuildTemplates - DEBUG - get_template_from_messages completed in 0.001021 seconds
2025-07-13 00:10:47,392 - reviewer.BuildTemplates - DEBUG - Entering: get_template_from_messages
2025-07-13 00:10:47,392 - reviewer.BuildTemplates - DEBUG - get_template_from_messages completed in 0.000369 seconds
2025-07-13 00:10:47,392 - reviewer.BuildTemplates - DEBUG - Entering: get_template_from_messages
2025-07-13 00:10:47,393 - reviewer.BuildTemplates - DEBUG - get_template_from_messages completed in 0.000349 seconds
2025-07-13 00:10:47,393 - reviewer.BuildTemplates - DEBUG - Entering: get_template_from_messages
2025-07-13 00:10:47,393 - reviewer.BuildTemplates - DEBUG - get_template_from_messages completed in 0.000260 seconds
2025-07-13 00:10:47,393 - reviewer.BuildTemplates - DEBUG - Entering: get_template_from_messages
2025-07-13 00:10:47,393 - reviewer.BuildTemplates - DEBUG - get_template_from_messages completed in 0.000289 seconds
2025-07-13 00:10:47,395 - reviewer.BuildTemplates - DEBUG - Entering: get_template_from_messages
2025-07-13 00:10:47,395 - reviewer.BuildTemplates - DEBUG - get_template_from_messages completed in 0.000326 seconds
2025-07-13 00:10:47,395 - reviewer.BuildTemplates - DEBUG - Entering: get_template_from_messages
2025-07-13 00:10:47,395 - reviewer.BuildTemplates - DEBUG - get_template_from_messages completed in 0.000275 seconds
2025-07-13 00:10:47,395 - reviewer.BuildTemplates - DEBUG - Entering: get_template_from_messages
2025-07-13 00:10:47,396 - reviewer.BuildTemplates - DEBUG - get_template_from_messages completed in 0.000243 seconds
2025-07-13 00:10:47,396 - reviewer.BuildTemplates - DEBUG - Entering: get_template_from_messages
2025-07-13 00:10:47,396 - reviewer.BuildTemplates - DEBUG - get_template_from_messages completed in 0.000262 seconds
2025-07-13 00:10:47,396 - reviewer.BuildTemplates - DEBUG - Entering: get_template_from_messages
2025-07-13 00:10:47,397 - reviewer.BuildTemplates - DEBUG - get_template_from_messages completed in 0.000364 seconds
2025-07-13 00:10:47,397 - reviewer.BuildTemplates - DEBUG - Entering: get_template_from_messages
2025-07-13 00:10:47,397 - reviewer.BuildTemplates - DEBUG - get_template_from_messages completed in 0.000282 seconds
2025-07-13 00:10:47,397 - reviewer.BuildTemplates - DEBUG - Entering: get_template_from_messages
2025-07-13 00:10:47,399 - reviewer.BuildTemplates - DEBUG - get_template_from_messages completed in 0.000300 seconds
2025-07-13 00:10:47,399 - reviewer.BuildTemplates - DEBUG - Entering: get_template_from_messages
2025-07-13 00:10:47,399 - reviewer.BuildTemplates - DEBUG - get_template_from_messages completed in 0.000295 seconds
2025-07-13 00:10:47,399 - reviewer.BuildTemplates - DEBUG - Entering: get_template_from_messages
2025-07-13 00:10:47,400 - reviewer.BuildTemplates - DEBUG - get_template_from_messages completed in 0.000368 seconds
2025-07-13 00:10:47,400 - reviewer.BuildTemplates - DEBUG - Entering: get_template_from_messages
2025-07-13 00:10:47,400 - reviewer.BuildTemplates - DEBUG - get_template_from_messages completed in 0.000268 seconds
2025-07-13 00:10:47,401 - reviewer.BuildTemplates - DEBUG - Entering: get_template_from_messages
2025-07-13 00:10:47,401 - reviewer.BuildTemplates - DEBUG - get_template_from_messages completed in 0.000328 seconds
2025-07-13 00:10:47,401 - reviewer.BuildTemplates - DEBUG - Entering: get_template_from_messages
2025-07-13 00:10:47,401 - reviewer.BuildTemplates - DEBUG - get_template_from_messages completed in 0.000256 seconds
2025-07-13 00:10:47,402 - reviewer.BuildTemplates - DEBUG - Entering: get_template_from_messages
2025-07-13 00:10:47,402 - reviewer.BuildTemplates - DEBUG - get_template_from_messages completed in 0.000253 seconds
2025-07-13 00:10:47,402 - reviewer.BuildTemplates - DEBUG - Entering: get_template_from_messages
2025-07-13 00:10:47,402 - reviewer.BuildTemplates - DEBUG - get_template_from_messages completed in 0.000280 seconds
2025-07-13 00:10:47,402 - reviewer.BuildTemplates - DEBUG - Entering: get_template_from_messages
2025-07-13 00:10:47,403 - reviewer.BuildTemplates - DEBUG - get_template_from_messages completed in 0.000263 seconds
2025-07-13 00:10:47,403 - reviewer.BuildTemplates - DEBUG - Entering: get_template_from_messages
2025-07-13 00:10:47,403 - reviewer.BuildTemplates - DEBUG - get_template_from_messages completed in 0.000307 seconds
2025-07-13 00:10:47,403 - reviewer.BuildTemplates - DEBUG - Entering: get_template_from_messages
2025-07-13 00:10:47,404 - reviewer.BuildTemplates - DEBUG - get_template_from_messages completed in 0.000313 seconds
2025-07-13 00:10:47,404 - reviewer.BuildTemplates - DEBUG - Entering: get_template_from_messages
2025-07-13 00:10:47,404 - reviewer.BuildTemplates - DEBUG - get_template_from_messages completed in 0.000234 seconds
2025-07-13 00:10:47,404 - reviewer.BuildTemplates - DEBUG - Entering: get_template_from_messages
2025-07-13 00:10:47,405 - reviewer.BuildTemplates - DEBUG - get_template_from_messages completed in 0.000234 seconds
2025-07-13 00:10:47,405 - reviewer.BuildTemplates - DEBUG - Entering: get_template_from_messages
2025-07-13 00:10:47,405 - reviewer.BuildTemplates - DEBUG - get_template_from_messages completed in 0.000236 seconds
2025-07-13 00:10:47,405 - reviewer.BuildTemplates - DEBUG - Entering: get_template_from_messages
2025-07-13 00:10:47,405 - reviewer.BuildTemplates - DEBUG - get_template_from_messages completed in 0.000229 seconds
2025-07-13 00:10:47,406 - reviewer.BuildTemplates - DEBUG - Entering: get_template_from_messages
2025-07-13 00:10:47,406 - reviewer.BuildTemplates - DEBUG - get_template_from_messages completed in 0.000220 seconds
2025-07-13 00:10:47,406 - reviewer.BuildTemplates - DEBUG - Entering: get_template_from_messages
2025-07-13 00:10:47,406 - reviewer.BuildTemplates - DEBUG - get_template_from_messages completed in 0.000275 seconds
2025-07-13 00:10:47,407 - reviewer.BuildTemplates - DEBUG - Entering: get_template_from_messages
2025-07-13 00:10:47,407 - reviewer.BuildTemplates - DEBUG - get_template_from_messages completed in 0.000263 seconds
2025-07-13 00:10:47,407 - reviewer.BuildTemplates - DEBUG - Entering: get_template_from_messages
2025-07-13 00:10:47,407 - reviewer.BuildTemplates - DEBUG - get_template_from_messages completed in 0.000223 seconds
2025-07-13 00:10:47,407 - reviewer.BuildTemplates - DEBUG - Entering: get_template_from_messages
2025-07-13 00:10:47,408 - reviewer.BuildTemplates - DEBUG - get_template_from_messages completed in 0.000251 seconds
2025-07-13 00:10:47,408 - reviewer.BuildTemplates - DEBUG - Entering: get_template_from_messages
2025-07-13 00:10:47,408 - reviewer.BuildTemplates - DEBUG - get_template_from_messages completed in 0.000249 seconds
2025-07-13 00:10:47,408 - reviewer.BuildTemplates - DEBUG - Entering: get_template_from_messages
2025-07-13 00:10:47,409 - reviewer.BuildTemplates - DEBUG - get_template_from_messages completed in 0.000251 seconds
2025-07-13 00:10:47,409 - reviewer.BuildTemplates - DEBUG - Entering: get_template_from_messages
2025-07-13 00:10:47,409 - reviewer.BuildTemplates - DEBUG - get_template_from_messages completed in 0.000275 seconds
2025-07-13 00:10:47,409 - reviewer.BuildTemplates - DEBUG - Entering: get_template_from_messages
2025-07-13 00:10:47,409 - reviewer.BuildTemplates - DEBUG - get_template_from_messages completed in 0.000306 seconds
2025-07-13 00:10:47,411 - reviewer.BuildTemplates - DEBUG - Entering: get_template_from_messages
2025-07-13 00:10:47,411 - reviewer.BuildTemplates - DEBUG - get_template_from_messages completed in 0.000339 seconds
2025-07-13 00:10:47,411 - reviewer.BuildTemplates - DEBUG - Entering: get_template_from_messages
2025-07-13 00:10:47,411 - reviewer.BuildTemplates - DEBUG - get_template_from_messages completed in 0.000310 seconds
2025-07-13 00:10:47,412 - reviewer.BuildTemplates - DEBUG - Entering: get_template_from_messages
2025-07-13 00:10:47,412 - reviewer.BuildTemplates - DEBUG - get_template_from_messages completed in 0.000290 seconds
2025-07-13 00:10:47,412 - reviewer.BuildTemplates - DEBUG - Entering: get_template_from_messages
2025-07-13 00:10:47,412 - reviewer.BuildTemplates - DEBUG - get_template_from_messages completed in 0.000256 seconds
2025-07-13 00:10:47,412 - reviewer.BuildTemplates - DEBUG - Entering: get_template_from_messages
2025-07-13 00:10:47,412 - reviewer.BuildTemplates - DEBUG - get_template_from_messages completed in 0.000242 seconds
2025-07-13 00:10:47,413 - reviewer.BuildTemplates - DEBUG - Entering: get_template_from_messages
2025-07-13 00:10:47,413 - reviewer.BuildTemplates - DEBUG - get_template_from_messages completed in 0.000291 seconds
2025-07-13 00:10:47,413 - reviewer.BuildTemplates - DEBUG - Entering: get_template_from_messages
2025-07-13 00:10:47,413 - reviewer.BuildTemplates - DEBUG - get_template_from_messages completed in 0.000265 seconds
2025-07-13 00:10:47,415 - reviewer.BuildTemplates - DEBUG - assemble_templates_from_df completed in 0.032288 seconds
2025-07-13 00:10:47,415 - reviewer - DEBUG - Entering: load_evals_config
2025-07-13 00:10:47,415 - reviewer - DEBUG - load_evals_config completed in 0.000136 seconds
2025-07-13 00:10:47,419 - reviewer - DEBUG - Entering: write_text
2025-07-13 00:10:47,420 - reviewer - DEBUG - write_text completed in 0.001552 seconds
2025-07-13 00:10:47,420 - reviewer - DEBUG - Entering: to_excel
2025-07-13 00:10:47,469 - reviewer - DEBUG - to_excel completed in 0.047836 seconds
2025-07-13 00:10:48,214 - reviewer - INFO - Entering: iter num 0 of run_eval_loop
2025-07-13 00:10:48,215 - reviewer - INFO - Calling evaluations for iter num 0 of run_eval_loop
2025-07-13 00:10:48,215 - reviewer.IncosePromptRunner - DEBUG - Entering: call_evals
2025-07-13 00:10:48,215 - reviewer.prompteval - DEBUG - Entering: eval_is_in_passive_voice
2025-07-13 00:10:48,215 - reviewer.prompteval - DEBUG - eval_is_in_passive_voice completed in 0.000165 seconds
2025-07-13 00:10:48,215 - reviewer.prompteval - DEBUG - Entering: convert_bool_to_ohe
2025-07-13 00:10:48,216 - reviewer.prompteval - DEBUG - convert_bool_to_ohe completed in 0.000158 seconds
2025-07-13 00:10:48,217 - reviewer.prompteval - DEBUG - Entering: eval_if_vague_verb
2025-07-13 00:10:48,217 - reviewer.prompteval - DEBUG - eval_if_vague_verb completed in 0.000209 seconds
2025-07-13 00:10:48,217 - reviewer.prompteval - DEBUG - Entering: convert_bool_to_ohe
2025-07-13 00:10:48,217 - reviewer.prompteval - DEBUG - convert_bool_to_ohe completed in 0.000141 seconds
2025-07-13 00:10:48,218 - reviewer.prompteval - DEBUG - Entering: eval_has_vague_terms
2025-07-13 00:10:48,218 - reviewer.prompteval - DEBUG - eval_has_vague_terms completed in 0.000164 seconds
2025-07-13 00:10:48,218 - reviewer.prompteval - DEBUG - Entering: convert_bool_to_ohe
2025-07-13 00:10:48,218 - reviewer.prompteval - DEBUG - convert_bool_to_ohe completed in 0.000170 seconds
2025-07-13 00:10:48,219 - reviewer.prompteval - DEBUG - Entering: eval_has_escape_clause
2025-07-13 00:10:48,219 - reviewer.prompteval - DEBUG - eval_has_escape_clause completed in 0.000146 seconds
2025-07-13 00:10:48,219 - reviewer.prompteval - DEBUG - Entering: convert_bool_to_ohe
2025-07-13 00:10:48,219 - reviewer.prompteval - DEBUG - convert_bool_to_ohe completed in 0.000132 seconds
2025-07-13 00:10:48,220 - reviewer.prompteval - DEBUG - Entering: eval_has_open_end_clause
2025-07-13 00:10:48,220 - reviewer.prompteval - DEBUG - eval_has_open_end_clause completed in 0.000187 seconds
2025-07-13 00:10:48,220 - reviewer.prompteval - DEBUG - Entering: convert_bool_to_ohe
2025-07-13 00:10:48,220 - reviewer.prompteval - DEBUG - convert_bool_to_ohe completed in 0.000140 seconds
2025-07-13 00:10:48,221 - reviewer.prompteval - DEBUG - Entering: eval_has_superfl_inf
2025-07-13 00:10:48,221 - reviewer.prompteval - DEBUG - eval_has_superfl_inf completed in 0.000151 seconds
2025-07-13 00:10:48,221 - reviewer.prompteval - DEBUG - Entering: convert_bool_to_ohe
2025-07-13 00:10:48,221 - reviewer.prompteval - DEBUG - convert_bool_to_ohe completed in 0.000142 seconds
2025-07-13 00:10:48,222 - reviewer.prompteval - DEBUG - Entering: eval_has_combinators
2025-07-13 00:10:48,222 - reviewer.prompteval - DEBUG - eval_has_combinators completed in 0.000175 seconds
2025-07-13 00:10:48,222 - reviewer.prompteval - DEBUG - Entering: convert_bool_to_ohe
2025-07-13 00:10:48,223 - reviewer.prompteval - DEBUG - convert_bool_to_ohe completed in 0.000230 seconds
2025-07-13 00:10:48,223 - reviewer.prompteval - DEBUG - Entering: eval_is_in_passive_voice
2025-07-13 00:10:48,223 - reviewer.prompteval - DEBUG - eval_is_in_passive_voice completed in 0.000157 seconds
2025-07-13 00:10:48,224 - reviewer.prompteval - DEBUG - Entering: convert_bool_to_ohe
2025-07-13 00:10:48,224 - reviewer.prompteval - DEBUG - convert_bool_to_ohe completed in 0.000163 seconds
2025-07-13 00:10:48,224 - reviewer.prompteval - DEBUG - Entering: eval_if_vague_verb
2025-07-13 00:10:48,224 - reviewer.prompteval - DEBUG - eval_if_vague_verb completed in 0.000152 seconds
2025-07-13 00:10:48,224 - reviewer.prompteval - DEBUG - Entering: convert_bool_to_ohe
2025-07-13 00:10:48,224 - reviewer.prompteval - DEBUG - convert_bool_to_ohe completed in 0.000154 seconds
2025-07-13 00:10:48,225 - reviewer.prompteval - DEBUG - Entering: eval_has_vague_terms
2025-07-13 00:10:48,225 - reviewer.prompteval - DEBUG - eval_has_vague_terms completed in 0.000204 seconds
2025-07-13 00:10:48,225 - reviewer.prompteval - DEBUG - Entering: convert_bool_to_ohe
2025-07-13 00:10:48,225 - reviewer.prompteval - DEBUG - convert_bool_to_ohe completed in 0.000232 seconds
2025-07-13 00:10:48,227 - reviewer.prompteval - DEBUG - Entering: eval_has_escape_clause
2025-07-13 00:10:48,227 - reviewer.prompteval - DEBUG - eval_has_escape_clause completed in 0.000338 seconds
2025-07-13 00:10:48,228 - reviewer.prompteval - DEBUG - Entering: convert_bool_to_ohe
2025-07-13 00:10:48,228 - reviewer.prompteval - DEBUG - convert_bool_to_ohe completed in 0.000184 seconds
2025-07-13 00:10:48,228 - reviewer.prompteval - DEBUG - Entering: eval_has_open_end_clause
2025-07-13 00:10:48,228 - reviewer.prompteval - DEBUG - eval_has_open_end_clause completed in 0.000168 seconds
2025-07-13 00:10:48,228 - reviewer.prompteval - DEBUG - Entering: convert_bool_to_ohe
2025-07-13 00:10:48,229 - reviewer.prompteval - DEBUG - convert_bool_to_ohe completed in 0.000156 seconds
2025-07-13 00:10:48,229 - reviewer.prompteval - DEBUG - Entering: eval_has_superfl_inf
2025-07-13 00:10:48,229 - reviewer.prompteval - DEBUG - eval_has_superfl_inf completed in 0.000161 seconds
2025-07-13 00:10:48,229 - reviewer.prompteval - DEBUG - Entering: convert_bool_to_ohe
2025-07-13 00:10:48,229 - reviewer.prompteval - DEBUG - convert_bool_to_ohe completed in 0.000179 seconds
2025-07-13 00:10:48,230 - reviewer.prompteval - DEBUG - Entering: eval_has_combinators
2025-07-13 00:10:48,230 - reviewer.prompteval - DEBUG - eval_has_combinators completed in 0.000195 seconds
2025-07-13 00:10:48,230 - reviewer.prompteval - DEBUG - Entering: convert_bool_to_ohe
2025-07-13 00:10:48,230 - reviewer.prompteval - DEBUG - convert_bool_to_ohe completed in 0.000151 seconds
2025-07-13 00:10:48,230 - reviewer.prompteval - DEBUG - Entering: eval_is_in_passive_voice
2025-07-13 00:10:48,230 - reviewer.prompteval - DEBUG - eval_is_in_passive_voice completed in 0.000161 seconds
2025-07-13 00:10:48,232 - reviewer.prompteval - DEBUG - Entering: convert_bool_to_ohe
2025-07-13 00:10:48,232 - reviewer.prompteval - DEBUG - convert_bool_to_ohe completed in 0.000146 seconds
2025-07-13 00:10:48,232 - reviewer.prompteval - DEBUG - Entering: eval_if_vague_verb
2025-07-13 00:10:48,232 - reviewer.prompteval - DEBUG - eval_if_vague_verb completed in 0.000161 seconds
2025-07-13 00:10:48,233 - reviewer.prompteval - DEBUG - Entering: convert_bool_to_ohe
2025-07-13 00:10:48,233 - reviewer.prompteval - DEBUG - convert_bool_to_ohe completed in 0.000145 seconds
2025-07-13 00:10:48,233 - reviewer.prompteval - DEBUG - Entering: eval_has_vague_terms
2025-07-13 00:10:48,233 - reviewer.prompteval - DEBUG - eval_has_vague_terms completed in 0.000235 seconds
2025-07-13 00:10:48,233 - reviewer.prompteval - DEBUG - Entering: convert_bool_to_ohe
2025-07-13 00:10:48,233 - reviewer.prompteval - DEBUG - convert_bool_to_ohe completed in 0.000206 seconds
2025-07-13 00:10:48,234 - reviewer.prompteval - DEBUG - Entering: eval_has_escape_clause
2025-07-13 00:10:48,234 - reviewer.prompteval - DEBUG - eval_has_escape_clause completed in 0.000192 seconds
2025-07-13 00:10:48,234 - reviewer.prompteval - DEBUG - Entering: convert_bool_to_ohe
2025-07-13 00:10:48,234 - reviewer.prompteval - DEBUG - convert_bool_to_ohe completed in 0.000157 seconds
2025-07-13 00:10:48,235 - reviewer.prompteval - DEBUG - Entering: eval_has_open_end_clause
2025-07-13 00:10:48,235 - reviewer.prompteval - DEBUG - eval_has_open_end_clause completed in 0.000169 seconds
2025-07-13 00:10:48,235 - reviewer.prompteval - DEBUG - Entering: convert_bool_to_ohe
2025-07-13 00:10:48,235 - reviewer.prompteval - DEBUG - convert_bool_to_ohe completed in 0.000164 seconds
2025-07-13 00:10:48,236 - reviewer.prompteval - DEBUG - Entering: eval_has_superfl_inf
2025-07-13 00:10:48,236 - reviewer.prompteval - DEBUG - eval_has_superfl_inf completed in 0.000162 seconds
2025-07-13 00:10:48,236 - reviewer.prompteval - DEBUG - Entering: convert_bool_to_ohe
2025-07-13 00:10:48,236 - reviewer.prompteval - DEBUG - convert_bool_to_ohe completed in 0.000135 seconds
2025-07-13 00:10:48,237 - reviewer.prompteval - DEBUG - Entering: eval_has_combinators
2025-07-13 00:10:48,237 - reviewer.prompteval - DEBUG - eval_has_combinators completed in 0.000164 seconds
2025-07-13 00:10:48,237 - reviewer.prompteval - DEBUG - Entering: convert_bool_to_ohe
2025-07-13 00:10:48,237 - reviewer.prompteval - DEBUG - convert_bool_to_ohe completed in 0.000134 seconds
2025-07-13 00:10:48,237 - reviewer.prompteval - DEBUG - Entering: eval_is_in_passive_voice
2025-07-13 00:10:48,238 - reviewer.prompteval - DEBUG - eval_is_in_passive_voice completed in 0.000168 seconds
2025-07-13 00:10:48,238 - reviewer.prompteval - DEBUG - Entering: convert_bool_to_ohe
2025-07-13 00:10:48,238 - reviewer.prompteval - DEBUG - convert_bool_to_ohe completed in 0.000161 seconds
2025-07-13 00:10:48,238 - reviewer.prompteval - DEBUG - Entering: eval_if_vague_verb
2025-07-13 00:10:48,238 - reviewer.prompteval - DEBUG - eval_if_vague_verb completed in 0.000155 seconds
2025-07-13 00:10:48,239 - reviewer.prompteval - DEBUG - Entering: convert_bool_to_ohe
2025-07-13 00:10:48,239 - reviewer.prompteval - DEBUG - convert_bool_to_ohe completed in 0.000146 seconds
2025-07-13 00:10:48,239 - reviewer.prompteval - DEBUG - Entering: eval_has_vague_terms
2025-07-13 00:10:48,239 - reviewer.prompteval - DEBUG - eval_has_vague_terms completed in 0.000200 seconds
2025-07-13 00:10:48,240 - reviewer.prompteval - DEBUG - Entering: convert_bool_to_ohe
2025-07-13 00:10:48,240 - reviewer.prompteval - DEBUG - convert_bool_to_ohe completed in 0.000233 seconds
2025-07-13 00:10:48,240 - reviewer.prompteval - DEBUG - Entering: eval_has_escape_clause
2025-07-13 00:10:48,241 - reviewer.prompteval - DEBUG - eval_has_escape_clause completed in 0.000188 seconds
2025-07-13 00:10:48,241 - reviewer.prompteval - DEBUG - Entering: convert_bool_to_ohe
2025-07-13 00:10:48,241 - reviewer.prompteval - DEBUG - convert_bool_to_ohe completed in 0.000192 seconds
2025-07-13 00:10:48,241 - reviewer.prompteval - DEBUG - Entering: eval_has_open_end_clause
2025-07-13 00:10:48,241 - reviewer.prompteval - DEBUG - eval_has_open_end_clause completed in 0.000156 seconds
2025-07-13 00:10:48,241 - reviewer.prompteval - DEBUG - Entering: convert_bool_to_ohe
2025-07-13 00:10:48,242 - reviewer.prompteval - DEBUG - convert_bool_to_ohe completed in 0.000839 seconds
2025-07-13 00:10:48,243 - reviewer.prompteval - DEBUG - Entering: eval_has_superfl_inf
2025-07-13 00:10:48,243 - reviewer.prompteval - DEBUG - eval_has_superfl_inf completed in 0.000187 seconds
2025-07-13 00:10:48,243 - reviewer.prompteval - DEBUG - Entering: convert_bool_to_ohe
2025-07-13 00:10:48,244 - reviewer.prompteval - DEBUG - convert_bool_to_ohe completed in 0.000221 seconds
2025-07-13 00:10:48,244 - reviewer.prompteval - DEBUG - Entering: eval_has_combinators
2025-07-13 00:10:48,244 - reviewer.prompteval - DEBUG - eval_has_combinators completed in 0.000197 seconds
2025-07-13 00:10:48,246 - reviewer.prompteval - DEBUG - Entering: convert_bool_to_ohe
2025-07-13 00:10:48,246 - reviewer.prompteval - DEBUG - convert_bool_to_ohe completed in 0.000274 seconds
2025-07-13 00:10:48,247 - reviewer.prompteval - DEBUG - Entering: eval_is_in_passive_voice
2025-07-13 00:10:48,247 - reviewer.prompteval - DEBUG - eval_is_in_passive_voice completed in 0.000183 seconds
2025-07-13 00:10:48,247 - reviewer.prompteval - DEBUG - Entering: convert_bool_to_ohe
2025-07-13 00:10:48,247 - reviewer.prompteval - DEBUG - convert_bool_to_ohe completed in 0.000165 seconds
2025-07-13 00:10:48,248 - reviewer.prompteval - DEBUG - Entering: eval_if_vague_verb
2025-07-13 00:10:48,248 - reviewer.prompteval - DEBUG - eval_if_vague_verb completed in 0.000192 seconds
2025-07-13 00:10:48,248 - reviewer.prompteval - DEBUG - Entering: convert_bool_to_ohe
2025-07-13 00:10:48,248 - reviewer.prompteval - DEBUG - convert_bool_to_ohe completed in 0.000158 seconds
2025-07-13 00:10:48,249 - reviewer.prompteval - DEBUG - Entering: eval_has_vague_terms
2025-07-13 00:10:48,249 - reviewer.prompteval - DEBUG - eval_has_vague_terms completed in 0.000223 seconds
2025-07-13 00:10:48,249 - reviewer.prompteval - DEBUG - Entering: convert_bool_to_ohe
2025-07-13 00:10:48,249 - reviewer.prompteval - DEBUG - convert_bool_to_ohe completed in 0.000172 seconds
2025-07-13 00:10:48,250 - reviewer.prompteval - DEBUG - Entering: eval_has_escape_clause
2025-07-13 00:10:48,250 - reviewer.prompteval - DEBUG - eval_has_escape_clause completed in 0.000219 seconds
2025-07-13 00:10:48,250 - reviewer.prompteval - DEBUG - Entering: convert_bool_to_ohe
2025-07-13 00:10:48,250 - reviewer.prompteval - DEBUG - convert_bool_to_ohe completed in 0.000330 seconds
2025-07-13 00:10:48,251 - reviewer.prompteval - DEBUG - Entering: eval_has_open_end_clause
2025-07-13 00:10:48,252 - reviewer.prompteval - DEBUG - eval_has_open_end_clause completed in 0.000242 seconds
2025-07-13 00:10:48,252 - reviewer.prompteval - DEBUG - Entering: convert_bool_to_ohe
2025-07-13 00:10:48,252 - reviewer.prompteval - DEBUG - convert_bool_to_ohe completed in 0.000403 seconds
2025-07-13 00:10:48,253 - reviewer.prompteval - DEBUG - Entering: eval_has_superfl_inf
2025-07-13 00:10:48,253 - reviewer.prompteval - DEBUG - eval_has_superfl_inf completed in 0.000190 seconds
2025-07-13 00:10:48,253 - reviewer.prompteval - DEBUG - Entering: convert_bool_to_ohe
2025-07-13 00:10:48,254 - reviewer.prompteval - DEBUG - convert_bool_to_ohe completed in 0.000173 seconds
2025-07-13 00:10:48,254 - reviewer.prompteval - DEBUG - Entering: eval_has_combinators
2025-07-13 00:10:48,254 - reviewer.prompteval - DEBUG - eval_has_combinators completed in 0.000179 seconds
2025-07-13 00:10:48,254 - reviewer.prompteval - DEBUG - Entering: convert_bool_to_ohe
2025-07-13 00:10:48,254 - reviewer.prompteval - DEBUG - convert_bool_to_ohe completed in 0.000157 seconds
2025-07-13 00:10:48,255 - reviewer.IncosePromptRunner - DEBUG - call_evals completed in 0.040334 seconds
2025-07-13 00:10:48,255 - reviewer.IncosePromptRunner - DEBUG - Entering: get_failed_evals
2025-07-13 00:10:48,256 - reviewer.IncosePromptRunner - DEBUG - get_failed_evals completed in 0.001430 seconds
2025-07-13 00:10:48,256 - reviewer.IncosePromptRunner - DEBUG - Entering: map_failed_evals_to_rule_ids
2025-07-13 00:10:48,281 - reviewer - DEBUG - Entering: map_A_to_B
2025-07-13 00:10:48,281 - reviewer - DEBUG - map_A_to_B completed in 0.000284 seconds
2025-07-13 00:10:48,281 - reviewer - DEBUG - Entering: map_A_to_B
2025-07-13 00:10:48,281 - reviewer - DEBUG - map_A_to_B completed in 0.000176 seconds
2025-07-13 00:10:48,282 - reviewer - DEBUG - Entering: map_A_to_B
2025-07-13 00:10:48,282 - reviewer - DEBUG - map_A_to_B completed in 0.000205 seconds
2025-07-13 00:10:48,282 - reviewer - DEBUG - Entering: map_A_to_B
2025-07-13 00:10:48,282 - reviewer - DEBUG - map_A_to_B completed in 0.000178 seconds
2025-07-13 00:10:48,282 - reviewer - DEBUG - Entering: map_A_to_B
2025-07-13 00:10:48,282 - reviewer - DEBUG - map_A_to_B completed in 0.000184 seconds
2025-07-13 00:10:48,295 - reviewer.IncosePromptRunner - DEBUG - map_failed_evals_to_rule_ids completed in 0.038169 seconds
2025-07-13 00:10:48,295 - reviewer - INFO - Evaluations completed for iter num 0 of run_eval_loop
2025-07-13 00:10:48,320 - reviewer - INFO - 5 Requirements still require evaluation
2025-07-13 00:10:48,321 - reviewer.IncosePromptRunner - DEBUG - Entering: assemble_eval_chain_list
2025-07-13 00:10:48,321 - reviewer.IncosePromptRunner - DEBUG - Entering: assemble_chain_from_template
2025-07-13 00:10:48,322 - reviewer.IncosePromptRunner - DEBUG - assemble_chain_from_template completed in 0.000603 seconds
2025-07-13 00:10:48,322 - reviewer.IncosePromptRunner - DEBUG - Entering: assemble_chain_from_template
2025-07-13 00:10:48,322 - reviewer.IncosePromptRunner - DEBUG - assemble_chain_from_template completed in 0.000254 seconds
2025-07-13 00:10:48,322 - reviewer.IncosePromptRunner - DEBUG - Entering: assemble_chain_from_template
2025-07-13 00:10:48,323 - reviewer.IncosePromptRunner - DEBUG - assemble_chain_from_template completed in 0.000216 seconds
2025-07-13 00:10:48,323 - reviewer.IncosePromptRunner - DEBUG - Entering: assemble_chain_from_template
2025-07-13 00:10:48,323 - reviewer.IncosePromptRunner - DEBUG - assemble_chain_from_template completed in 0.000286 seconds
2025-07-13 00:10:48,323 - reviewer.IncosePromptRunner - DEBUG - Entering: assemble_chain_from_template
2025-07-13 00:10:48,324 - reviewer.IncosePromptRunner - DEBUG - assemble_chain_from_template completed in 0.000274 seconds
2025-07-13 00:10:48,324 - reviewer.IncosePromptRunner - DEBUG - Entering: assemble_chain_from_template
2025-07-13 00:10:48,324 - reviewer.IncosePromptRunner - DEBUG - assemble_chain_from_template completed in 0.000223 seconds
2025-07-13 00:10:48,324 - reviewer.IncosePromptRunner - DEBUG - Entering: assemble_chain_from_template
2025-07-13 00:10:48,324 - reviewer.IncosePromptRunner - DEBUG - assemble_chain_from_template completed in 0.000203 seconds
2025-07-13 00:10:48,324 - reviewer.IncosePromptRunner - DEBUG - Entering: assemble_chain_from_template
2025-07-13 00:10:48,324 - reviewer.IncosePromptRunner - DEBUG - assemble_chain_from_template completed in 0.000216 seconds
2025-07-13 00:10:48,325 - reviewer.IncosePromptRunner - DEBUG - Entering: assemble_chain_from_template
2025-07-13 00:10:48,325 - reviewer.IncosePromptRunner - DEBUG - assemble_chain_from_template completed in 0.000315 seconds
2025-07-13 00:10:48,325 - reviewer.IncosePromptRunner - DEBUG - assemble_eval_chain_list completed in 0.004876 seconds
2025-07-13 00:10:48,325 - reviewer.PromptRunner - DEBUG - Entering: run_multiple_chains
2025-07-13 00:10:48,325 - reviewer.PromptRunner - DEBUG - run_multiple_chains completed in 0.000195 seconds
2025-07-13 00:10:48,331 - reviewer.PromptRunner - DEBUG - Entering: run_chain
2025-07-13 00:10:48,331 - reviewer.PromptRunner - DEBUG - run_chain completed in 0.000373 seconds
2025-07-13 00:10:48,331 - reviewer.PromptRunner - DEBUG - Entering: run_chain
2025-07-13 00:10:48,332 - reviewer.PromptRunner - DEBUG - run_chain completed in 0.000184 seconds
2025-07-13 00:10:48,332 - reviewer.PromptRunner - DEBUG - Entering: run_chain
2025-07-13 00:10:48,332 - reviewer.PromptRunner - DEBUG - run_chain completed in 0.000213 seconds
2025-07-13 00:10:48,332 - reviewer.PromptRunner - DEBUG - Entering: run_chain
2025-07-13 00:10:48,332 - reviewer.PromptRunner - DEBUG - run_chain completed in 0.000201 seconds
2025-07-13 00:10:48,333 - reviewer.PromptRunner - DEBUG - Entering: run_chain
2025-07-13 00:10:48,333 - reviewer.PromptRunner - DEBUG - run_chain completed in 0.000187 seconds
2025-07-13 00:10:48,333 - reviewer.PromptRunner - INFO - awaiting results...
2025-07-13 00:10:50,714 - reviewer.PromptRunner - INFO - results fetched...
2025-07-13 00:10:50,715 - reviewer.IncosePromptRunner - DEBUG - Entering: cast_results_to_frame
2025-07-13 00:10:50,715 - reviewer.IncosePromptRunner - DEBUG - cast_results_to_frame completed in 0.000682 seconds
2025-07-13 00:10:50,726 - reviewer - DEBUG - Entering: to_excel
2025-07-13 00:10:50,742 - reviewer - DEBUG - to_excel completed in 0.015576 seconds
2025-07-13 00:10:50,742 - reviewer - INFO - Exiting: iter num: 0 of run_eval_loop
2025-07-13 00:10:50,742 - reviewer - INFO - Entering: iter num 1 of run_eval_loop
2025-07-13 00:10:50,750 - reviewer - INFO - Calling evaluations for iter num 1 of run_eval_loop
2025-07-13 00:10:50,751 - reviewer.IncosePromptRunner - DEBUG - Entering: call_evals
2025-07-13 00:10:50,751 - reviewer.prompteval - DEBUG - Entering: eval_is_in_passive_voice
2025-07-13 00:10:50,751 - reviewer.prompteval - DEBUG - eval_is_in_passive_voice completed in 0.000181 seconds
2025-07-13 00:10:50,751 - reviewer.prompteval - DEBUG - Entering: convert_bool_to_ohe
2025-07-13 00:10:50,751 - reviewer.prompteval - DEBUG - convert_bool_to_ohe completed in 0.000140 seconds
2025-07-13 00:10:50,752 - reviewer.prompteval - DEBUG - Entering: eval_if_vague_verb
2025-07-13 00:10:50,752 - reviewer.prompteval - DEBUG - eval_if_vague_verb completed in 0.000154 seconds
2025-07-13 00:10:50,752 - reviewer.prompteval - DEBUG - Entering: convert_bool_to_ohe
2025-07-13 00:10:50,753 - reviewer.prompteval - DEBUG - convert_bool_to_ohe completed in 0.000262 seconds
2025-07-13 00:10:50,753 - reviewer.prompteval - DEBUG - Entering: eval_has_vague_terms
2025-07-13 00:10:50,753 - reviewer.prompteval - DEBUG - eval_has_vague_terms completed in 0.000129 seconds
2025-07-13 00:10:50,753 - reviewer.prompteval - DEBUG - Entering: convert_bool_to_ohe
2025-07-13 00:10:50,754 - reviewer.prompteval - DEBUG - convert_bool_to_ohe completed in 0.000145 seconds
2025-07-13 00:10:50,754 - reviewer.prompteval - DEBUG - Entering: eval_has_escape_clause
2025-07-13 00:10:50,754 - reviewer.prompteval - DEBUG - eval_has_escape_clause completed in 0.000129 seconds
2025-07-13 00:10:50,754 - reviewer.prompteval - DEBUG - Entering: convert_bool_to_ohe
2025-07-13 00:10:50,754 - reviewer.prompteval - DEBUG - convert_bool_to_ohe completed in 0.000127 seconds
2025-07-13 00:10:50,755 - reviewer.prompteval - DEBUG - Entering: eval_has_open_end_clause
2025-07-13 00:10:50,755 - reviewer.prompteval - DEBUG - eval_has_open_end_clause completed in 0.000121 seconds
2025-07-13 00:10:50,755 - reviewer.prompteval - DEBUG - Entering: convert_bool_to_ohe
2025-07-13 00:10:50,755 - reviewer.prompteval - DEBUG - convert_bool_to_ohe completed in 0.000113 seconds
2025-07-13 00:10:50,756 - reviewer.prompteval - DEBUG - Entering: eval_has_superfl_inf
2025-07-13 00:10:50,756 - reviewer.prompteval - DEBUG - eval_has_superfl_inf completed in 0.000126 seconds
2025-07-13 00:10:50,756 - reviewer.prompteval - DEBUG - Entering: convert_bool_to_ohe
2025-07-13 00:10:50,756 - reviewer.prompteval - DEBUG - convert_bool_to_ohe completed in 0.000132 seconds
2025-07-13 00:10:50,756 - reviewer.prompteval - DEBUG - Entering: eval_has_combinators
2025-07-13 00:10:50,757 - reviewer.prompteval - DEBUG - eval_has_combinators completed in 0.000141 seconds
2025-07-13 00:10:50,757 - reviewer.prompteval - DEBUG - Entering: convert_bool_to_ohe
2025-07-13 00:10:50,757 - reviewer.prompteval - DEBUG - convert_bool_to_ohe completed in 0.000121 seconds
2025-07-13 00:10:50,757 - reviewer.prompteval - DEBUG - Entering: eval_is_in_passive_voice
2025-07-13 00:10:50,757 - reviewer.prompteval - DEBUG - eval_is_in_passive_voice completed in 0.000124 seconds
2025-07-13 00:10:50,758 - reviewer.prompteval - DEBUG - Entering: convert_bool_to_ohe
2025-07-13 00:10:50,758 - reviewer.prompteval - DEBUG - convert_bool_to_ohe completed in 0.000158 seconds
2025-07-13 00:10:50,758 - reviewer.prompteval - DEBUG - Entering: eval_if_vague_verb
2025-07-13 00:10:50,758 - reviewer.prompteval - DEBUG - eval_if_vague_verb completed in 0.000142 seconds
2025-07-13 00:10:50,758 - reviewer.prompteval - DEBUG - Entering: convert_bool_to_ohe
2025-07-13 00:10:50,758 - reviewer.prompteval - DEBUG - convert_bool_to_ohe completed in 0.000120 seconds
2025-07-13 00:10:50,758 - reviewer.prompteval - DEBUG - Entering: eval_has_vague_terms
2025-07-13 00:10:50,758 - reviewer.prompteval - DEBUG - eval_has_vague_terms completed in 0.000158 seconds
2025-07-13 00:10:50,760 - reviewer.prompteval - DEBUG - Entering: convert_bool_to_ohe
2025-07-13 00:10:50,760 - reviewer.prompteval - DEBUG - convert_bool_to_ohe completed in 0.000127 seconds
2025-07-13 00:10:50,760 - reviewer.prompteval - DEBUG - Entering: eval_has_escape_clause
2025-07-13 00:10:50,760 - reviewer.prompteval - DEBUG - eval_has_escape_clause completed in 0.000135 seconds
2025-07-13 00:10:50,760 - reviewer.prompteval - DEBUG - Entering: convert_bool_to_ohe
2025-07-13 00:10:50,760 - reviewer.prompteval - DEBUG - convert_bool_to_ohe completed in 0.000117 seconds
2025-07-13 00:10:50,761 - reviewer.prompteval - DEBUG - Entering: eval_has_open_end_clause
2025-07-13 00:10:50,761 - reviewer.prompteval - DEBUG - eval_has_open_end_clause completed in 0.000148 seconds
2025-07-13 00:10:50,761 - reviewer.prompteval - DEBUG - Entering: convert_bool_to_ohe
2025-07-13 00:10:50,761 - reviewer.prompteval - DEBUG - convert_bool_to_ohe completed in 0.000161 seconds
2025-07-13 00:10:50,761 - reviewer.prompteval - DEBUG - Entering: eval_has_superfl_inf
2025-07-13 00:10:50,761 - reviewer.prompteval - DEBUG - eval_has_superfl_inf completed in 0.000150 seconds
2025-07-13 00:10:50,761 - reviewer.prompteval - DEBUG - Entering: convert_bool_to_ohe
2025-07-13 00:10:50,762 - reviewer.prompteval - DEBUG - convert_bool_to_ohe completed in 0.000127 seconds
2025-07-13 00:10:50,762 - reviewer.prompteval - DEBUG - Entering: eval_has_combinators
2025-07-13 00:10:50,762 - reviewer.prompteval - DEBUG - eval_has_combinators completed in 0.000127 seconds
2025-07-13 00:10:50,762 - reviewer.prompteval - DEBUG - Entering: convert_bool_to_ohe
2025-07-13 00:10:50,762 - reviewer.prompteval - DEBUG - convert_bool_to_ohe completed in 0.000110 seconds
2025-07-13 00:10:50,763 - reviewer.prompteval - DEBUG - Entering: eval_is_in_passive_voice
2025-07-13 00:10:50,763 - reviewer.prompteval - DEBUG - eval_is_in_passive_voice completed in 0.000138 seconds
2025-07-13 00:10:50,763 - reviewer.prompteval - DEBUG - Entering: convert_bool_to_ohe
2025-07-13 00:10:50,763 - reviewer.prompteval - DEBUG - convert_bool_to_ohe completed in 0.000122 seconds
2025-07-13 00:10:50,763 - reviewer.prompteval - DEBUG - Entering: eval_if_vague_verb
2025-07-13 00:10:50,763 - reviewer.prompteval - DEBUG - eval_if_vague_verb completed in 0.000140 seconds
2025-07-13 00:10:50,764 - reviewer.prompteval - DEBUG - Entering: convert_bool_to_ohe
2025-07-13 00:10:50,764 - reviewer.prompteval - DEBUG - convert_bool_to_ohe completed in 0.000116 seconds
2025-07-13 00:10:50,764 - reviewer.prompteval - DEBUG - Entering: eval_has_vague_terms
2025-07-13 00:10:50,764 - reviewer.prompteval - DEBUG - eval_has_vague_terms completed in 0.000129 seconds
2025-07-13 00:10:50,764 - reviewer.prompteval - DEBUG - Entering: convert_bool_to_ohe
2025-07-13 00:10:50,764 - reviewer.prompteval - DEBUG - convert_bool_to_ohe completed in 0.000152 seconds
2025-07-13 00:10:50,765 - reviewer.prompteval - DEBUG - Entering: eval_has_escape_clause
2025-07-13 00:10:50,765 - reviewer.prompteval - DEBUG - eval_has_escape_clause completed in 0.000152 seconds
2025-07-13 00:10:50,765 - reviewer.prompteval - DEBUG - Entering: convert_bool_to_ohe
2025-07-13 00:10:50,765 - reviewer.prompteval - DEBUG - convert_bool_to_ohe completed in 0.000117 seconds
2025-07-13 00:10:50,765 - reviewer.prompteval - DEBUG - Entering: eval_has_open_end_clause
2025-07-13 00:10:50,766 - reviewer.prompteval - DEBUG - eval_has_open_end_clause completed in 0.000134 seconds
2025-07-13 00:10:50,766 - reviewer.prompteval - DEBUG - Entering: convert_bool_to_ohe
2025-07-13 00:10:50,766 - reviewer.prompteval - DEBUG - convert_bool_to_ohe completed in 0.000124 seconds
2025-07-13 00:10:50,766 - reviewer.prompteval - DEBUG - Entering: eval_has_superfl_inf
2025-07-13 00:10:50,766 - reviewer.prompteval - DEBUG - eval_has_superfl_inf completed in 0.000127 seconds
2025-07-13 00:10:50,766 - reviewer.prompteval - DEBUG - Entering: convert_bool_to_ohe
2025-07-13 00:10:50,766 - reviewer.prompteval - DEBUG - convert_bool_to_ohe completed in 0.000125 seconds
2025-07-13 00:10:50,767 - reviewer.prompteval - DEBUG - Entering: eval_has_combinators
2025-07-13 00:10:50,767 - reviewer.prompteval - DEBUG - eval_has_combinators completed in 0.000144 seconds
2025-07-13 00:10:50,767 - reviewer.prompteval - DEBUG - Entering: convert_bool_to_ohe
2025-07-13 00:10:50,767 - reviewer.prompteval - DEBUG - convert_bool_to_ohe completed in 0.000113 seconds
2025-07-13 00:10:50,767 - reviewer.prompteval - DEBUG - Entering: eval_is_in_passive_voice
2025-07-13 00:10:50,768 - reviewer.prompteval - DEBUG - eval_is_in_passive_voice completed in 0.000155 seconds
2025-07-13 00:10:50,768 - reviewer.prompteval - DEBUG - Entering: convert_bool_to_ohe
2025-07-13 00:10:50,768 - reviewer.prompteval - DEBUG - convert_bool_to_ohe completed in 0.000140 seconds
2025-07-13 00:10:50,768 - reviewer.prompteval - DEBUG - Entering: eval_if_vague_verb
2025-07-13 00:10:50,768 - reviewer.prompteval - DEBUG - eval_if_vague_verb completed in 0.000145 seconds
2025-07-13 00:10:50,768 - reviewer.prompteval - DEBUG - Entering: convert_bool_to_ohe
2025-07-13 00:10:50,769 - reviewer.prompteval - DEBUG - convert_bool_to_ohe completed in 0.000125 seconds
2025-07-13 00:10:50,769 - reviewer.prompteval - DEBUG - Entering: eval_has_vague_terms
2025-07-13 00:10:50,769 - reviewer.prompteval - DEBUG - eval_has_vague_terms completed in 0.000133 seconds
2025-07-13 00:10:50,769 - reviewer.prompteval - DEBUG - Entering: convert_bool_to_ohe
2025-07-13 00:10:50,769 - reviewer.prompteval - DEBUG - convert_bool_to_ohe completed in 0.000106 seconds
2025-07-13 00:10:50,770 - reviewer.prompteval - DEBUG - Entering: eval_has_escape_clause
2025-07-13 00:10:50,770 - reviewer.prompteval - DEBUG - eval_has_escape_clause completed in 0.000132 seconds
2025-07-13 00:10:50,770 - reviewer.prompteval - DEBUG - Entering: convert_bool_to_ohe
2025-07-13 00:10:50,770 - reviewer.prompteval - DEBUG - convert_bool_to_ohe completed in 0.000101 seconds
2025-07-13 00:10:50,770 - reviewer.prompteval - DEBUG - Entering: eval_has_open_end_clause
2025-07-13 00:10:50,770 - reviewer.prompteval - DEBUG - eval_has_open_end_clause completed in 0.000127 seconds
2025-07-13 00:10:50,770 - reviewer.prompteval - DEBUG - Entering: convert_bool_to_ohe
2025-07-13 00:10:50,771 - reviewer.prompteval - DEBUG - convert_bool_to_ohe completed in 0.000113 seconds
2025-07-13 00:10:50,771 - reviewer.prompteval - DEBUG - Entering: eval_has_superfl_inf
2025-07-13 00:10:50,771 - reviewer.prompteval - DEBUG - eval_has_superfl_inf completed in 0.000130 seconds
2025-07-13 00:10:50,771 - reviewer.prompteval - DEBUG - Entering: convert_bool_to_ohe
2025-07-13 00:10:50,771 - reviewer.prompteval - DEBUG - convert_bool_to_ohe completed in 0.000123 seconds
2025-07-13 00:10:50,772 - reviewer.prompteval - DEBUG - Entering: eval_has_combinators
2025-07-13 00:10:50,772 - reviewer.prompteval - DEBUG - eval_has_combinators completed in 0.000130 seconds
2025-07-13 00:10:50,772 - reviewer.prompteval - DEBUG - Entering: convert_bool_to_ohe
2025-07-13 00:10:50,772 - reviewer.prompteval - DEBUG - convert_bool_to_ohe completed in 0.000106 seconds
2025-07-13 00:10:50,772 - reviewer.prompteval - DEBUG - Entering: eval_is_in_passive_voice
2025-07-13 00:10:50,772 - reviewer.prompteval - DEBUG - eval_is_in_passive_voice completed in 0.000148 seconds
2025-07-13 00:10:50,772 - reviewer.prompteval - DEBUG - Entering: convert_bool_to_ohe
2025-07-13 00:10:50,772 - reviewer.prompteval - DEBUG - convert_bool_to_ohe completed in 0.000126 seconds
2025-07-13 00:10:50,774 - reviewer.prompteval - DEBUG - Entering: eval_if_vague_verb
2025-07-13 00:10:50,774 - reviewer.prompteval - DEBUG - eval_if_vague_verb completed in 0.000140 seconds
2025-07-13 00:10:50,774 - reviewer.prompteval - DEBUG - Entering: convert_bool_to_ohe
2025-07-13 00:10:50,774 - reviewer.prompteval - DEBUG - convert_bool_to_ohe completed in 0.000142 seconds
2025-07-13 00:10:50,774 - reviewer.prompteval - DEBUG - Entering: eval_has_vague_terms
2025-07-13 00:10:50,774 - reviewer.prompteval - DEBUG - eval_has_vague_terms completed in 0.000116 seconds
2025-07-13 00:10:50,774 - reviewer.prompteval - DEBUG - Entering: convert_bool_to_ohe
2025-07-13 00:10:50,774 - reviewer.prompteval - DEBUG - convert_bool_to_ohe completed in 0.000128 seconds
2025-07-13 00:10:50,775 - reviewer.prompteval - DEBUG - Entering: eval_has_escape_clause
2025-07-13 00:10:50,775 - reviewer.prompteval - DEBUG - eval_has_escape_clause completed in 0.000130 seconds
2025-07-13 00:10:50,775 - reviewer.prompteval - DEBUG - Entering: convert_bool_to_ohe
2025-07-13 00:10:50,775 - reviewer.prompteval - DEBUG - convert_bool_to_ohe completed in 0.000139 seconds
2025-07-13 00:10:50,775 - reviewer.prompteval - DEBUG - Entering: eval_has_open_end_clause
2025-07-13 00:10:50,775 - reviewer.prompteval - DEBUG - eval_has_open_end_clause completed in 0.000132 seconds
2025-07-13 00:10:50,775 - reviewer.prompteval - DEBUG - Entering: convert_bool_to_ohe
2025-07-13 00:10:50,775 - reviewer.prompteval - DEBUG - convert_bool_to_ohe completed in 0.000128 seconds
2025-07-13 00:10:50,776 - reviewer.prompteval - DEBUG - Entering: eval_has_superfl_inf
2025-07-13 00:10:50,776 - reviewer.prompteval - DEBUG - eval_has_superfl_inf completed in 0.000171 seconds
2025-07-13 00:10:50,776 - reviewer.prompteval - DEBUG - Entering: convert_bool_to_ohe
2025-07-13 00:10:50,776 - reviewer.prompteval - DEBUG - convert_bool_to_ohe completed in 0.000126 seconds
2025-07-13 00:10:50,776 - reviewer.prompteval - DEBUG - Entering: eval_has_combinators
2025-07-13 00:10:50,776 - reviewer.prompteval - DEBUG - eval_has_combinators completed in 0.000132 seconds
2025-07-13 00:10:50,776 - reviewer.prompteval - DEBUG - Entering: convert_bool_to_ohe
2025-07-13 00:10:50,777 - reviewer.prompteval - DEBUG - convert_bool_to_ohe completed in 0.000114 seconds
2025-07-13 00:10:50,777 - reviewer.IncosePromptRunner - DEBUG - call_evals completed in 0.026721 seconds
2025-07-13 00:10:50,777 - reviewer.IncosePromptRunner - DEBUG - Entering: get_failed_evals
2025-07-13 00:10:50,779 - reviewer.IncosePromptRunner - DEBUG - get_failed_evals completed in 0.001491 seconds
2025-07-13 00:10:50,779 - reviewer.IncosePromptRunner - DEBUG - Entering: map_failed_evals_to_rule_ids
2025-07-13 00:10:50,789 - reviewer - DEBUG - Entering: map_A_to_B
2025-07-13 00:10:50,789 - reviewer - DEBUG - map_A_to_B completed in 0.000241 seconds
2025-07-13 00:10:50,789 - reviewer - DEBUG - Entering: map_A_to_B
2025-07-13 00:10:50,789 - reviewer - DEBUG - map_A_to_B completed in 0.000127 seconds
2025-07-13 00:10:50,790 - reviewer - DEBUG - Entering: map_A_to_B
2025-07-13 00:10:50,790 - reviewer - DEBUG - map_A_to_B completed in 0.000168 seconds
2025-07-13 00:10:50,790 - reviewer - DEBUG - Entering: map_A_to_B
2025-07-13 00:10:50,790 - reviewer - DEBUG - map_A_to_B completed in 0.000138 seconds
2025-07-13 00:10:50,790 - reviewer - DEBUG - Entering: map_A_to_B
2025-07-13 00:10:50,790 - reviewer - DEBUG - map_A_to_B completed in 0.000134 seconds
2025-07-13 00:10:50,800 - reviewer.IncosePromptRunner - DEBUG - map_failed_evals_to_rule_ids completed in 0.020847 seconds
2025-07-13 00:10:50,800 - reviewer - INFO - Evaluations completed for iter num 1 of run_eval_loop
2025-07-13 00:10:50,810 - reviewer - INFO - 2/5 Requirements passed all criteria during iter num 1 of run_eval_loop
2025-07-13 00:10:50,826 - reviewer - INFO - 3 Requirements still require evaluation
2025-07-13 00:10:50,826 - reviewer.IncosePromptRunner - DEBUG - Entering: assemble_eval_chain_list
2025-07-13 00:10:50,826 - reviewer.IncosePromptRunner - DEBUG - Entering: assemble_chain_from_template
2025-07-13 00:10:50,826 - reviewer.IncosePromptRunner - DEBUG - assemble_chain_from_template completed in 0.000263 seconds
2025-07-13 00:10:50,826 - reviewer.IncosePromptRunner - DEBUG - Entering: assemble_chain_from_template
2025-07-13 00:10:50,827 - reviewer.IncosePromptRunner - DEBUG - assemble_chain_from_template completed in 0.000184 seconds
2025-07-13 00:10:50,827 - reviewer.IncosePromptRunner - DEBUG - Entering: assemble_chain_from_template
2025-07-13 00:10:50,827 - reviewer.IncosePromptRunner - DEBUG - assemble_chain_from_template completed in 0.000180 seconds
2025-07-13 00:10:50,827 - reviewer.IncosePromptRunner - DEBUG - assemble_eval_chain_list completed in 0.001456 seconds
2025-07-13 00:10:50,827 - reviewer.PromptRunner - DEBUG - Entering: run_multiple_chains
2025-07-13 00:10:50,827 - reviewer.PromptRunner - DEBUG - run_multiple_chains completed in 0.000179 seconds
2025-07-13 00:10:50,829 - reviewer.PromptRunner - DEBUG - Entering: run_chain
2025-07-13 00:10:50,829 - reviewer.PromptRunner - DEBUG - run_chain completed in 0.000165 seconds
2025-07-13 00:10:50,829 - reviewer.PromptRunner - DEBUG - Entering: run_chain
2025-07-13 00:10:50,829 - reviewer.PromptRunner - DEBUG - run_chain completed in 0.000117 seconds
2025-07-13 00:10:50,829 - reviewer.PromptRunner - DEBUG - Entering: run_chain
2025-07-13 00:10:50,829 - reviewer.PromptRunner - DEBUG - run_chain completed in 0.000124 seconds
2025-07-13 00:10:50,829 - reviewer.PromptRunner - INFO - awaiting results...
2025-07-13 00:10:54,073 - reviewer.PromptRunner - INFO - results fetched...
2025-07-13 00:10:54,075 - reviewer.IncosePromptRunner - DEBUG - Entering: cast_results_to_frame
2025-07-13 00:10:54,075 - reviewer.IncosePromptRunner - DEBUG - cast_results_to_frame completed in 0.000640 seconds
2025-07-13 00:10:54,084 - reviewer - DEBUG - Entering: to_excel
2025-07-13 00:10:54,100 - reviewer - DEBUG - to_excel completed in 0.014483 seconds
2025-07-13 00:10:54,101 - reviewer - INFO - Exiting: iter num: 1 of run_eval_loop
2025-07-13 00:10:54,101 - reviewer - DEBUG - Entering: generate_revisions_df
2025-07-13 00:10:54,116 - reviewer - DEBUG - Entering: to_excel
2025-07-13 00:10:54,132 - reviewer - DEBUG - to_excel completed in 0.015281 seconds
2025-07-13 00:10:54,132 - reviewer - DEBUG - generate_revisions_df completed in 0.031939 seconds
2025-07-13 00:10:54,132 - reviewer - DEBUG - Entering: merge_revisions_df
2025-07-13 00:10:54,138 - reviewer - DEBUG - Entering: to_excel
2025-07-13 00:10:54,151 - reviewer - DEBUG - to_excel completed in 0.015776 seconds
2025-07-13 00:10:54,151 - reviewer - DEBUG - merge_revisions_df completed in 0.021562 seconds
