2025-07-05 23:13:51,952 - reviewer.PreprocessIncoseGuide - DEBUG - Entering: preprocess_rules_section_4
2025-07-05 23:13:51,952 - reviewer.Sectionalize - DEBUG - Entering: get_pdf_text
2025-07-05 23:13:52,242 - reviewer.Sectionalize - DEBUG - get_pdf_text completed in 0.289613 seconds
2025-07-05 23:13:52,243 - reviewer.Sectionalize - DEBUG - Entering: save_text
2025-07-05 23:13:52,244 - reviewer.Sectionalize - DEBUG - save_text completed in 0.001227 seconds
2025-07-05 23:13:52,244 - reviewer.TextPreprocessor - DEBUG - Entering: clean_text
2025-07-05 23:13:52,244 - reviewer.TextPreprocessor - DEBUG - Entering: replace
2025-07-05 23:13:52,245 - reviewer.TextPreprocessor - DEBUG - replace completed in 0.000533 seconds
2025-07-05 23:13:52,245 - reviewer.TextPreprocessor - DEBUG - Entering: remove_multi_whitespace
2025-07-05 23:13:52,252 - reviewer.TextPreprocessor - DEBUG - remove_multi_whitespace completed in 0.006138 seconds
2025-07-05 23:13:52,252 - reviewer.TextPreprocessor - DEBUG - clean_text completed in 0.007746 seconds
2025-07-05 23:13:52,252 - reviewer.Sectionalize - DEBUG - Entering: save_text
2025-07-05 23:13:52,253 - reviewer.Sectionalize - DEBUG - save_text completed in 0.001323 seconds
2025-07-05 23:13:52,254 - reviewer.Sectionalize - DEBUG - Entering: get_sections_df
2025-07-05 23:13:52,256 - reviewer.Sectionalize - DEBUG - get_sections_df completed in 0.002077 seconds
2025-07-05 23:13:52,256 - reviewer.Sectionalize - DEBUG - Entering: add_section_text
2025-07-05 23:13:52,261 - reviewer.Sectionalize - DEBUG - add_section_text completed in 0.004877 seconds
2025-07-05 23:13:52,261 - reviewer.PreprocessIncoseGuide - DEBUG - Entering: get_incose_definition
2025-07-05 23:13:52,266 - reviewer.PreprocessIncoseGuide - DEBUG - get_incose_definition completed in 0.005170 seconds
2025-07-05 23:13:52,266 - reviewer.PreprocessIncoseGuide - DEBUG - Entering: get_incose_examples
2025-07-05 23:13:52,267 - reviewer.PreprocessIncoseGuide - DEBUG - get_incose_examples completed in 0.000903 seconds
2025-07-05 23:13:52,267 - reviewer.PreprocessIncoseGuide - DEBUG - Entering: clean_incose_examples
2025-07-05 23:13:52,269 - reviewer.PreprocessIncoseGuide - DEBUG - clean_incose_examples completed in 0.001572 seconds
2025-07-05 23:13:52,269 - reviewer.PreprocessIncoseGuide - DEBUG - preprocess_rules_section_4 completed in 0.317550 seconds
2025-07-05 23:13:52,269 - reviewer.BuildTemplates - DEBUG - Entering: add_message_col_to_frame
2025-07-05 23:13:52,270 - reviewer.BuildTemplates - DEBUG - add_message_col_to_frame completed in 0.000368 seconds
2025-07-05 23:13:52,270 - reviewer.BuildTemplates - DEBUG - Entering: add_message_col_to_frame
2025-07-05 23:13:52,270 - reviewer.BuildTemplates - DEBUG - add_message_col_to_frame completed in 0.000329 seconds
2025-07-05 23:13:52,270 - reviewer.BuildTemplates - DEBUG - Entering: replace_prompt_variable_from_frame
2025-07-05 23:13:52,272 - reviewer.BuildTemplates - DEBUG - replace_prompt_variable_from_frame completed in 0.001954 seconds
2025-07-05 23:13:52,273 - reviewer.BuildTemplates - DEBUG - Entering: replace_prompt_variable_from_frame
2025-07-05 23:13:52,275 - reviewer.BuildTemplates - DEBUG - replace_prompt_variable_from_frame completed in 0.002070 seconds
2025-07-05 23:13:52,275 - reviewer.BuildTemplates - DEBUG - Entering: assemble_templates_from_df
2025-07-05 23:13:52,280 - reviewer.BuildTemplates - DEBUG - Entering: get_template_from_messages
2025-07-05 23:13:52,280 - reviewer.BuildTemplates - DEBUG - get_template_from_messages completed in 0.000419 seconds
2025-07-05 23:13:52,280 - reviewer.BuildTemplates - DEBUG - Entering: get_template_from_messages
2025-07-05 23:13:52,281 - reviewer.BuildTemplates - DEBUG - get_template_from_messages completed in 0.000260 seconds
2025-07-05 23:13:52,281 - reviewer.BuildTemplates - DEBUG - Entering: get_template_from_messages
2025-07-05 23:13:52,281 - reviewer.BuildTemplates - DEBUG - get_template_from_messages completed in 0.000256 seconds
2025-07-05 23:13:52,281 - reviewer.BuildTemplates - DEBUG - Entering: get_template_from_messages
2025-07-05 23:13:52,282 - reviewer.BuildTemplates - DEBUG - get_template_from_messages completed in 0.000281 seconds
2025-07-05 23:13:52,282 - reviewer.BuildTemplates - DEBUG - Entering: get_template_from_messages
2025-07-05 23:13:52,282 - reviewer.BuildTemplates - DEBUG - get_template_from_messages completed in 0.000243 seconds
2025-07-05 23:13:52,282 - reviewer.BuildTemplates - DEBUG - Entering: get_template_from_messages
2025-07-05 23:13:52,282 - reviewer.BuildTemplates - DEBUG - get_template_from_messages completed in 0.000243 seconds
2025-07-05 23:13:52,282 - reviewer.BuildTemplates - DEBUG - Entering: get_template_from_messages
2025-07-05 23:13:52,283 - reviewer.BuildTemplates - DEBUG - get_template_from_messages completed in 0.000246 seconds
2025-07-05 23:13:52,283 - reviewer.BuildTemplates - DEBUG - Entering: get_template_from_messages
2025-07-05 23:13:52,283 - reviewer.BuildTemplates - DEBUG - get_template_from_messages completed in 0.000226 seconds
2025-07-05 23:13:52,283 - reviewer.BuildTemplates - DEBUG - Entering: get_template_from_messages
2025-07-05 23:13:52,285 - reviewer.BuildTemplates - DEBUG - get_template_from_messages completed in 0.001458 seconds
2025-07-05 23:13:52,285 - reviewer.BuildTemplates - DEBUG - Entering: get_template_from_messages
2025-07-05 23:13:52,286 - reviewer.BuildTemplates - DEBUG - get_template_from_messages completed in 0.000286 seconds
2025-07-05 23:13:52,286 - reviewer.BuildTemplates - DEBUG - Entering: get_template_from_messages
2025-07-05 23:13:52,286 - reviewer.BuildTemplates - DEBUG - get_template_from_messages completed in 0.000290 seconds
2025-07-05 23:13:52,286 - reviewer.BuildTemplates - DEBUG - Entering: get_template_from_messages
2025-07-05 23:13:52,287 - reviewer.BuildTemplates - DEBUG - get_template_from_messages completed in 0.000280 seconds
2025-07-05 23:13:52,287 - reviewer.BuildTemplates - DEBUG - Entering: get_template_from_messages
2025-07-05 23:13:52,287 - reviewer.BuildTemplates - DEBUG - get_template_from_messages completed in 0.000247 seconds
2025-07-05 23:13:52,287 - reviewer.BuildTemplates - DEBUG - Entering: get_template_from_messages
2025-07-05 23:13:52,287 - reviewer.BuildTemplates - DEBUG - get_template_from_messages completed in 0.000253 seconds
2025-07-05 23:13:52,288 - reviewer.BuildTemplates - DEBUG - Entering: get_template_from_messages
2025-07-05 23:13:52,288 - reviewer.BuildTemplates - DEBUG - get_template_from_messages completed in 0.000256 seconds
2025-07-05 23:13:52,288 - reviewer.BuildTemplates - DEBUG - Entering: get_template_from_messages
2025-07-05 23:13:52,288 - reviewer.BuildTemplates - DEBUG - get_template_from_messages completed in 0.000262 seconds
2025-07-05 23:13:52,289 - reviewer.BuildTemplates - DEBUG - Entering: get_template_from_messages
2025-07-05 23:13:52,289 - reviewer.BuildTemplates - DEBUG - get_template_from_messages completed in 0.000241 seconds
2025-07-05 23:13:52,289 - reviewer.BuildTemplates - DEBUG - Entering: get_template_from_messages
2025-07-05 23:13:52,289 - reviewer.BuildTemplates - DEBUG - get_template_from_messages completed in 0.000254 seconds
2025-07-05 23:13:52,290 - reviewer.BuildTemplates - DEBUG - Entering: get_template_from_messages
2025-07-05 23:13:52,290 - reviewer.BuildTemplates - DEBUG - get_template_from_messages completed in 0.000244 seconds
2025-07-05 23:13:52,290 - reviewer.BuildTemplates - DEBUG - Entering: get_template_from_messages
2025-07-05 23:13:52,290 - reviewer.BuildTemplates - DEBUG - get_template_from_messages completed in 0.000233 seconds
2025-07-05 23:13:52,291 - reviewer.BuildTemplates - DEBUG - Entering: get_template_from_messages
2025-07-05 23:13:52,291 - reviewer.BuildTemplates - DEBUG - get_template_from_messages completed in 0.000246 seconds
2025-07-05 23:13:52,291 - reviewer.BuildTemplates - DEBUG - Entering: get_template_from_messages
2025-07-05 23:13:52,291 - reviewer.BuildTemplates - DEBUG - get_template_from_messages completed in 0.000274 seconds
2025-07-05 23:13:52,292 - reviewer.BuildTemplates - DEBUG - Entering: get_template_from_messages
2025-07-05 23:13:52,292 - reviewer.BuildTemplates - DEBUG - get_template_from_messages completed in 0.000345 seconds
2025-07-05 23:13:52,292 - reviewer.BuildTemplates - DEBUG - Entering: get_template_from_messages
2025-07-05 23:13:52,292 - reviewer.BuildTemplates - DEBUG - get_template_from_messages completed in 0.000239 seconds
2025-07-05 23:13:52,293 - reviewer.BuildTemplates - DEBUG - Entering: get_template_from_messages
2025-07-05 23:13:52,293 - reviewer.BuildTemplates - DEBUG - get_template_from_messages completed in 0.000242 seconds
2025-07-05 23:13:52,293 - reviewer.BuildTemplates - DEBUG - Entering: get_template_from_messages
2025-07-05 23:13:52,293 - reviewer.BuildTemplates - DEBUG - get_template_from_messages completed in 0.000256 seconds
2025-07-05 23:13:52,293 - reviewer.BuildTemplates - DEBUG - Entering: get_template_from_messages
2025-07-05 23:13:52,294 - reviewer.BuildTemplates - DEBUG - get_template_from_messages completed in 0.000248 seconds
2025-07-05 23:13:52,294 - reviewer.BuildTemplates - DEBUG - Entering: get_template_from_messages
2025-07-05 23:13:52,294 - reviewer.BuildTemplates - DEBUG - get_template_from_messages completed in 0.000238 seconds
2025-07-05 23:13:52,294 - reviewer.BuildTemplates - DEBUG - Entering: get_template_from_messages
2025-07-05 23:13:52,294 - reviewer.BuildTemplates - DEBUG - get_template_from_messages completed in 0.000245 seconds
2025-07-05 23:13:52,294 - reviewer.BuildTemplates - DEBUG - Entering: get_template_from_messages
2025-07-05 23:13:52,296 - reviewer.BuildTemplates - DEBUG - get_template_from_messages completed in 0.000263 seconds
2025-07-05 23:13:52,296 - reviewer.BuildTemplates - DEBUG - Entering: get_template_from_messages
2025-07-05 23:13:52,296 - reviewer.BuildTemplates - DEBUG - get_template_from_messages completed in 0.000254 seconds
2025-07-05 23:13:52,296 - reviewer.BuildTemplates - DEBUG - Entering: get_template_from_messages
2025-07-05 23:13:52,297 - reviewer.BuildTemplates - DEBUG - get_template_from_messages completed in 0.000242 seconds
2025-07-05 23:13:52,297 - reviewer.BuildTemplates - DEBUG - Entering: get_template_from_messages
2025-07-05 23:13:52,297 - reviewer.BuildTemplates - DEBUG - get_template_from_messages completed in 0.000299 seconds
2025-07-05 23:13:52,297 - reviewer.BuildTemplates - DEBUG - Entering: get_template_from_messages
2025-07-05 23:13:52,298 - reviewer.BuildTemplates - DEBUG - get_template_from_messages completed in 0.000236 seconds
2025-07-05 23:13:52,298 - reviewer.BuildTemplates - DEBUG - Entering: get_template_from_messages
2025-07-05 23:13:52,298 - reviewer.BuildTemplates - DEBUG - get_template_from_messages completed in 0.000231 seconds
2025-07-05 23:13:52,298 - reviewer.BuildTemplates - DEBUG - Entering: get_template_from_messages
2025-07-05 23:13:52,298 - reviewer.BuildTemplates - DEBUG - get_template_from_messages completed in 0.000232 seconds
2025-07-05 23:13:52,298 - reviewer.BuildTemplates - DEBUG - Entering: get_template_from_messages
2025-07-05 23:13:52,299 - reviewer.BuildTemplates - DEBUG - get_template_from_messages completed in 0.000278 seconds
2025-07-05 23:13:52,299 - reviewer.BuildTemplates - DEBUG - Entering: get_template_from_messages
2025-07-05 23:13:52,299 - reviewer.BuildTemplates - DEBUG - get_template_from_messages completed in 0.000256 seconds
2025-07-05 23:13:52,299 - reviewer.BuildTemplates - DEBUG - Entering: get_template_from_messages
2025-07-05 23:13:52,299 - reviewer.BuildTemplates - DEBUG - get_template_from_messages completed in 0.000245 seconds
2025-07-05 23:13:52,300 - reviewer.BuildTemplates - DEBUG - Entering: get_template_from_messages
2025-07-05 23:13:52,300 - reviewer.BuildTemplates - DEBUG - get_template_from_messages completed in 0.000223 seconds
2025-07-05 23:13:52,300 - reviewer.BuildTemplates - DEBUG - Entering: get_template_from_messages
2025-07-05 23:13:52,300 - reviewer.BuildTemplates - DEBUG - get_template_from_messages completed in 0.000238 seconds
2025-07-05 23:13:52,300 - reviewer.BuildTemplates - DEBUG - Entering: get_template_from_messages
2025-07-05 23:13:52,301 - reviewer.BuildTemplates - DEBUG - get_template_from_messages completed in 0.000284 seconds
2025-07-05 23:13:52,301 - reviewer.BuildTemplates - DEBUG - assemble_templates_from_df completed in 0.025974 seconds
2025-07-05 23:13:52,301 - reviewer - DEBUG - Entering: load_evals_config
2025-07-05 23:13:52,301 - reviewer - DEBUG - load_evals_config completed in 0.000154 seconds
2025-07-05 23:13:52,303 - reviewer - DEBUG - Entering: write_text
2025-07-05 23:13:52,305 - reviewer - DEBUG - write_text completed in 0.001112 seconds
2025-07-05 23:13:52,305 - reviewer - DEBUG - Entering: to_excel
2025-07-05 23:13:52,375 - reviewer - DEBUG - to_excel completed in 0.070505 seconds
2025-07-05 23:13:53,059 - reviewer - INFO - Entering: iter num 0 of run_eval_loop
2025-07-05 23:13:53,059 - reviewer - INFO - Calling evaluations for iter num 0 of run_eval_loop
2025-07-05 23:13:53,059 - reviewer.IncosePromptRunner - DEBUG - Entering: call_evals
2025-07-05 23:13:53,059 - reviewer.prompteval - DEBUG - Entering: eval_is_in_passive_voice
2025-07-05 23:13:53,059 - reviewer.prompteval - DEBUG - eval_is_in_passive_voice completed in 0.000179 seconds
2025-07-05 23:13:53,059 - reviewer.prompteval - DEBUG - Entering: convert_bool_to_ohe
2025-07-05 23:13:53,059 - reviewer.prompteval - DEBUG - convert_bool_to_ohe completed in 0.000158 seconds
2025-07-05 23:13:53,067 - reviewer.prompteval - DEBUG - Entering: eval_if_vague_verb
2025-07-05 23:13:53,067 - reviewer.prompteval - DEBUG - Entering: add_spaces
2025-07-05 23:13:53,067 - reviewer.prompteval - DEBUG - add_spaces completed in 0.000207 seconds
2025-07-05 23:13:53,067 - reviewer.prompteval - DEBUG - Entering: add_spaces
2025-07-05 23:13:53,067 - reviewer.prompteval - DEBUG - add_spaces completed in 0.000154 seconds
2025-07-05 23:13:53,067 - reviewer.prompteval - DEBUG - eval_if_vague_verb completed in 0.000896 seconds
2025-07-05 23:13:53,067 - reviewer.prompteval - DEBUG - Entering: convert_bool_to_ohe
2025-07-05 23:13:53,067 - reviewer.prompteval - DEBUG - convert_bool_to_ohe completed in 0.000189 seconds
2025-07-05 23:13:53,067 - reviewer.prompteval - DEBUG - Entering: eval_has_vague_terms
2025-07-05 23:13:53,067 - reviewer.prompteval - DEBUG - Entering: add_spaces
2025-07-05 23:13:53,067 - reviewer.prompteval - DEBUG - add_spaces completed in 0.000143 seconds
2025-07-05 23:13:53,067 - reviewer.prompteval - DEBUG - Entering: add_spaces
2025-07-05 23:13:53,067 - reviewer.prompteval - DEBUG - add_spaces completed in 0.000182 seconds
2025-07-05 23:13:53,067 - reviewer.prompteval - DEBUG - eval_has_vague_terms completed in 0.000816 seconds
2025-07-05 23:13:53,067 - reviewer.prompteval - DEBUG - Entering: convert_bool_to_ohe
2025-07-05 23:13:53,071 - reviewer.prompteval - DEBUG - convert_bool_to_ohe completed in 0.000187 seconds
2025-07-05 23:13:53,071 - reviewer.prompteval - DEBUG - Entering: eval_has_escape_clause
2025-07-05 23:13:53,071 - reviewer.prompteval - DEBUG - Entering: add_spaces
2025-07-05 23:13:53,072 - reviewer.prompteval - DEBUG - add_spaces completed in 0.000148 seconds
2025-07-05 23:13:53,072 - reviewer.prompteval - DEBUG - Entering: add_spaces
2025-07-05 23:13:53,072 - reviewer.prompteval - DEBUG - add_spaces completed in 0.000210 seconds
2025-07-05 23:13:53,075 - reviewer.prompteval - DEBUG - Entering: add_spaces
2025-07-05 23:13:53,075 - reviewer.prompteval - DEBUG - add_spaces completed in 0.000327 seconds
2025-07-05 23:13:53,075 - reviewer.prompteval - DEBUG - Entering: add_spaces
2025-07-05 23:13:53,076 - reviewer.prompteval - DEBUG - add_spaces completed in 0.000247 seconds
2025-07-05 23:13:53,076 - reviewer.prompteval - DEBUG - Entering: add_spaces
2025-07-05 23:13:53,076 - reviewer.prompteval - DEBUG - add_spaces completed in 0.000190 seconds
2025-07-05 23:13:53,076 - reviewer.prompteval - DEBUG - Entering: add_spaces
2025-07-05 23:13:53,076 - reviewer.prompteval - DEBUG - add_spaces completed in 0.000204 seconds
2025-07-05 23:13:53,077 - reviewer.prompteval - DEBUG - Entering: add_spaces
2025-07-05 23:13:53,077 - reviewer.prompteval - DEBUG - add_spaces completed in 0.000236 seconds
2025-07-05 23:13:53,077 - reviewer.prompteval - DEBUG - Entering: add_spaces
2025-07-05 23:13:53,077 - reviewer.prompteval - DEBUG - add_spaces completed in 0.000202 seconds
2025-07-05 23:13:53,077 - reviewer.prompteval - DEBUG - Entering: add_spaces
2025-07-05 23:13:53,078 - reviewer.prompteval - DEBUG - add_spaces completed in 0.000195 seconds
2025-07-05 23:13:53,078 - reviewer.prompteval - DEBUG - Entering: add_spaces
2025-07-05 23:13:53,078 - reviewer.prompteval - DEBUG - add_spaces completed in 0.000202 seconds
2025-07-05 23:13:53,078 - reviewer.prompteval - DEBUG - Entering: add_spaces
2025-07-05 23:13:53,078 - reviewer.prompteval - DEBUG - add_spaces completed in 0.000185 seconds
2025-07-05 23:13:53,079 - reviewer.prompteval - DEBUG - eval_has_escape_clause completed in 0.007878 seconds
2025-07-05 23:13:53,079 - reviewer.prompteval - DEBUG - Entering: convert_bool_to_ohe
2025-07-05 23:13:53,080 - reviewer.prompteval - DEBUG - convert_bool_to_ohe completed in 0.000192 seconds
2025-07-05 23:13:53,081 - reviewer.prompteval - DEBUG - Entering: eval_is_in_passive_voice
2025-07-05 23:13:53,081 - reviewer.prompteval - DEBUG - eval_is_in_passive_voice completed in 0.000190 seconds
2025-07-05 23:13:53,081 - reviewer.prompteval - DEBUG - Entering: convert_bool_to_ohe
2025-07-05 23:13:53,081 - reviewer.prompteval - DEBUG - convert_bool_to_ohe completed in 0.000157 seconds
2025-07-05 23:13:53,082 - reviewer.prompteval - DEBUG - Entering: eval_if_vague_verb
2025-07-05 23:13:53,082 - reviewer.prompteval - DEBUG - Entering: add_spaces
2025-07-05 23:13:53,082 - reviewer.prompteval - DEBUG - add_spaces completed in 0.000190 seconds
2025-07-05 23:13:53,083 - reviewer.prompteval - DEBUG - eval_if_vague_verb completed in 0.000538 seconds
2025-07-05 23:13:53,083 - reviewer.prompteval - DEBUG - Entering: convert_bool_to_ohe
2025-07-05 23:13:53,083 - reviewer.prompteval - DEBUG - convert_bool_to_ohe completed in 0.000149 seconds
2025-07-05 23:13:53,083 - reviewer.prompteval - DEBUG - Entering: eval_has_vague_terms
2025-07-05 23:13:53,083 - reviewer.prompteval - DEBUG - Entering: add_spaces
2025-07-05 23:13:53,083 - reviewer.prompteval - DEBUG - add_spaces completed in 0.000127 seconds
2025-07-05 23:13:53,084 - reviewer.prompteval - DEBUG - Entering: add_spaces
2025-07-05 23:13:53,084 - reviewer.prompteval - DEBUG - add_spaces completed in 0.000141 seconds
2025-07-05 23:13:53,084 - reviewer.prompteval - DEBUG - eval_has_vague_terms completed in 0.000743 seconds
2025-07-05 23:13:53,084 - reviewer.prompteval - DEBUG - Entering: convert_bool_to_ohe
2025-07-05 23:13:53,084 - reviewer.prompteval - DEBUG - convert_bool_to_ohe completed in 0.000140 seconds
2025-07-05 23:13:53,084 - reviewer.prompteval - DEBUG - Entering: eval_has_escape_clause
2025-07-05 23:13:53,085 - reviewer.prompteval - DEBUG - Entering: add_spaces
2025-07-05 23:13:53,085 - reviewer.prompteval - DEBUG - add_spaces completed in 0.000159 seconds
2025-07-05 23:13:53,085 - reviewer.prompteval - DEBUG - Entering: add_spaces
2025-07-05 23:13:53,085 - reviewer.prompteval - DEBUG - add_spaces completed in 0.000165 seconds
2025-07-05 23:13:53,085 - reviewer.prompteval - DEBUG - Entering: add_spaces
2025-07-05 23:13:53,085 - reviewer.prompteval - DEBUG - add_spaces completed in 0.000152 seconds
2025-07-05 23:13:53,085 - reviewer.prompteval - DEBUG - Entering: add_spaces
2025-07-05 23:13:53,085 - reviewer.prompteval - DEBUG - add_spaces completed in 0.000193 seconds
2025-07-05 23:13:53,085 - reviewer.prompteval - DEBUG - Entering: add_spaces
2025-07-05 23:13:53,085 - reviewer.prompteval - DEBUG - add_spaces completed in 0.000145 seconds
2025-07-05 23:13:53,087 - reviewer.prompteval - DEBUG - Entering: add_spaces
2025-07-05 23:13:53,087 - reviewer.prompteval - DEBUG - add_spaces completed in 0.000141 seconds
2025-07-05 23:13:53,087 - reviewer.prompteval - DEBUG - Entering: add_spaces
2025-07-05 23:13:53,087 - reviewer.prompteval - DEBUG - add_spaces completed in 0.000138 seconds
2025-07-05 23:13:53,087 - reviewer.prompteval - DEBUG - Entering: add_spaces
2025-07-05 23:13:53,087 - reviewer.prompteval - DEBUG - add_spaces completed in 0.000141 seconds
2025-07-05 23:13:53,087 - reviewer.prompteval - DEBUG - Entering: add_spaces
2025-07-05 23:13:53,088 - reviewer.prompteval - DEBUG - add_spaces completed in 0.000165 seconds
2025-07-05 23:13:53,088 - reviewer.prompteval - DEBUG - Entering: add_spaces
2025-07-05 23:13:53,088 - reviewer.prompteval - DEBUG - add_spaces completed in 0.000158 seconds
2025-07-05 23:13:53,088 - reviewer.prompteval - DEBUG - Entering: add_spaces
2025-07-05 23:13:53,088 - reviewer.prompteval - DEBUG - add_spaces completed in 0.000152 seconds
2025-07-05 23:13:53,088 - reviewer.prompteval - DEBUG - eval_has_escape_clause completed in 0.003644 seconds
2025-07-05 23:13:53,088 - reviewer.prompteval - DEBUG - Entering: convert_bool_to_ohe
2025-07-05 23:13:53,089 - reviewer.prompteval - DEBUG - convert_bool_to_ohe completed in 0.000155 seconds
2025-07-05 23:13:53,089 - reviewer.prompteval - DEBUG - Entering: eval_is_in_passive_voice
2025-07-05 23:13:53,089 - reviewer.prompteval - DEBUG - eval_is_in_passive_voice completed in 0.000164 seconds
2025-07-05 23:13:53,089 - reviewer.prompteval - DEBUG - Entering: convert_bool_to_ohe
2025-07-05 23:13:53,089 - reviewer.prompteval - DEBUG - convert_bool_to_ohe completed in 0.000161 seconds
2025-07-05 23:13:53,090 - reviewer.prompteval - DEBUG - Entering: eval_if_vague_verb
2025-07-05 23:13:53,090 - reviewer.prompteval - DEBUG - Entering: add_spaces
2025-07-05 23:13:53,090 - reviewer.prompteval - DEBUG - add_spaces completed in 0.000125 seconds
2025-07-05 23:13:53,090 - reviewer.prompteval - DEBUG - Entering: add_spaces
2025-07-05 23:13:53,090 - reviewer.prompteval - DEBUG - add_spaces completed in 0.000154 seconds
2025-07-05 23:13:53,091 - reviewer.prompteval - DEBUG - eval_if_vague_verb completed in 0.000764 seconds
2025-07-05 23:13:53,091 - reviewer.prompteval - DEBUG - Entering: convert_bool_to_ohe
2025-07-05 23:13:53,091 - reviewer.prompteval - DEBUG - convert_bool_to_ohe completed in 0.000197 seconds
2025-07-05 23:13:53,091 - reviewer.prompteval - DEBUG - Entering: eval_has_vague_terms
2025-07-05 23:13:53,091 - reviewer.prompteval - DEBUG - Entering: add_spaces
2025-07-05 23:13:53,091 - reviewer.prompteval - DEBUG - add_spaces completed in 0.000223 seconds
2025-07-05 23:13:53,091 - reviewer.prompteval - DEBUG - Entering: add_spaces
2025-07-05 23:13:53,091 - reviewer.prompteval - DEBUG - add_spaces completed in 0.000162 seconds
2025-07-05 23:13:53,091 - reviewer.prompteval - DEBUG - Entering: add_spaces
2025-07-05 23:13:53,091 - reviewer.prompteval - DEBUG - add_spaces completed in 0.000119 seconds
2025-07-05 23:13:53,091 - reviewer.prompteval - DEBUG - Entering: add_spaces
2025-07-05 23:13:53,091 - reviewer.prompteval - DEBUG - add_spaces completed in 0.000190 seconds
2025-07-05 23:13:53,094 - reviewer.prompteval - DEBUG - Entering: add_spaces
2025-07-05 23:13:53,094 - reviewer.prompteval - DEBUG - add_spaces completed in 0.000164 seconds
2025-07-05 23:13:53,094 - reviewer.prompteval - DEBUG - Entering: add_spaces
2025-07-05 23:13:53,094 - reviewer.prompteval - DEBUG - add_spaces completed in 0.000140 seconds
2025-07-05 23:13:53,094 - reviewer.prompteval - DEBUG - Entering: add_spaces
2025-07-05 23:13:53,094 - reviewer.prompteval - DEBUG - add_spaces completed in 0.000144 seconds
2025-07-05 23:13:53,094 - reviewer.prompteval - DEBUG - Entering: add_spaces
2025-07-05 23:13:53,094 - reviewer.prompteval - DEBUG - add_spaces completed in 0.000154 seconds
2025-07-05 23:13:53,094 - reviewer.prompteval - DEBUG - Entering: add_spaces
2025-07-05 23:13:53,094 - reviewer.prompteval - DEBUG - add_spaces completed in 0.000139 seconds
2025-07-05 23:13:53,094 - reviewer.prompteval - DEBUG - Entering: add_spaces
2025-07-05 23:13:53,094 - reviewer.prompteval - DEBUG - add_spaces completed in 0.000155 seconds
2025-07-05 23:13:53,094 - reviewer.prompteval - DEBUG - Entering: add_spaces
2025-07-05 23:13:53,094 - reviewer.prompteval - DEBUG - add_spaces completed in 0.000178 seconds
2025-07-05 23:13:53,094 - reviewer.prompteval - DEBUG - Entering: add_spaces
2025-07-05 23:13:53,094 - reviewer.prompteval - DEBUG - add_spaces completed in 0.000193 seconds
2025-07-05 23:13:53,094 - reviewer.prompteval - DEBUG - Entering: add_spaces
2025-07-05 23:13:53,094 - reviewer.prompteval - DEBUG - add_spaces completed in 0.000152 seconds
2025-07-05 23:13:53,094 - reviewer.prompteval - DEBUG - Entering: add_spaces
2025-07-05 23:13:53,094 - reviewer.prompteval - DEBUG - add_spaces completed in 0.000187 seconds
2025-07-05 23:13:53,094 - reviewer.prompteval - DEBUG - Entering: add_spaces
2025-07-05 23:13:53,094 - reviewer.prompteval - DEBUG - add_spaces completed in 0.000168 seconds
2025-07-05 23:13:53,097 - reviewer.prompteval - DEBUG - Entering: add_spaces
2025-07-05 23:13:53,097 - reviewer.prompteval - DEBUG - add_spaces completed in 0.000165 seconds
2025-07-05 23:13:53,097 - reviewer.prompteval - DEBUG - Entering: add_spaces
2025-07-05 23:13:53,097 - reviewer.prompteval - DEBUG - add_spaces completed in 0.000158 seconds
2025-07-05 23:13:53,097 - reviewer.prompteval - DEBUG - Entering: add_spaces
2025-07-05 23:13:53,097 - reviewer.prompteval - DEBUG - add_spaces completed in 0.000177 seconds
2025-07-05 23:13:53,098 - reviewer.prompteval - DEBUG - Entering: add_spaces
2025-07-05 23:13:53,098 - reviewer.prompteval - DEBUG - add_spaces completed in 0.000146 seconds
2025-07-05 23:13:53,098 - reviewer.prompteval - DEBUG - eval_has_vague_terms completed in 0.006477 seconds
2025-07-05 23:13:53,098 - reviewer.prompteval - DEBUG - Entering: convert_bool_to_ohe
2025-07-05 23:13:53,098 - reviewer.prompteval - DEBUG - convert_bool_to_ohe completed in 0.000135 seconds
2025-07-05 23:13:53,098 - reviewer.prompteval - DEBUG - Entering: eval_has_escape_clause
2025-07-05 23:13:53,100 - reviewer.prompteval - DEBUG - Entering: add_spaces
2025-07-05 23:13:53,100 - reviewer.prompteval - DEBUG - add_spaces completed in 0.000137 seconds
2025-07-05 23:13:53,100 - reviewer.prompteval - DEBUG - Entering: add_spaces
2025-07-05 23:13:53,100 - reviewer.prompteval - DEBUG - add_spaces completed in 0.000138 seconds
2025-07-05 23:13:53,100 - reviewer.prompteval - DEBUG - Entering: add_spaces
2025-07-05 23:13:53,100 - reviewer.prompteval - DEBUG - add_spaces completed in 0.000159 seconds
2025-07-05 23:13:53,100 - reviewer.prompteval - DEBUG - Entering: add_spaces
2025-07-05 23:13:53,101 - reviewer.prompteval - DEBUG - add_spaces completed in 0.000152 seconds
2025-07-05 23:13:53,101 - reviewer.prompteval - DEBUG - Entering: add_spaces
2025-07-05 23:13:53,101 - reviewer.prompteval - DEBUG - add_spaces completed in 0.000151 seconds
2025-07-05 23:13:53,101 - reviewer.prompteval - DEBUG - Entering: add_spaces
2025-07-05 23:13:53,101 - reviewer.prompteval - DEBUG - add_spaces completed in 0.000197 seconds
2025-07-05 23:13:53,101 - reviewer.prompteval - DEBUG - Entering: add_spaces
2025-07-05 23:13:53,101 - reviewer.prompteval - DEBUG - add_spaces completed in 0.000147 seconds
2025-07-05 23:13:53,102 - reviewer.prompteval - DEBUG - Entering: add_spaces
2025-07-05 23:13:53,102 - reviewer.prompteval - DEBUG - add_spaces completed in 0.000155 seconds
2025-07-05 23:13:53,102 - reviewer.prompteval - DEBUG - Entering: add_spaces
2025-07-05 23:13:53,102 - reviewer.prompteval - DEBUG - add_spaces completed in 0.000152 seconds
2025-07-05 23:13:53,102 - reviewer.prompteval - DEBUG - Entering: add_spaces
2025-07-05 23:13:53,102 - reviewer.prompteval - DEBUG - add_spaces completed in 0.000138 seconds
2025-07-05 23:13:53,103 - reviewer.prompteval - DEBUG - Entering: add_spaces
2025-07-05 23:13:53,103 - reviewer.prompteval - DEBUG - add_spaces completed in 0.000159 seconds
2025-07-05 23:13:53,103 - reviewer.prompteval - DEBUG - eval_has_escape_clause completed in 0.003639 seconds
2025-07-05 23:13:53,103 - reviewer.prompteval - DEBUG - Entering: convert_bool_to_ohe
2025-07-05 23:13:53,103 - reviewer.prompteval - DEBUG - convert_bool_to_ohe completed in 0.000159 seconds
2025-07-05 23:13:53,103 - reviewer.IncosePromptRunner - DEBUG - call_evals completed in 0.038391 seconds
2025-07-05 23:13:53,104 - reviewer.IncosePromptRunner - DEBUG - Entering: get_failed_evals
2025-07-05 23:13:53,104 - reviewer.IncosePromptRunner - DEBUG - get_failed_evals completed in 0.001263 seconds
2025-07-05 23:13:53,104 - reviewer - INFO - Evaluations completed for iter num 0 of run_eval_loop
2025-07-05 23:13:53,104 - reviewer - INFO - 3 Requirements still require evaluation
2025-07-05 23:13:53,106 - reviewer.IncosePromptRunner - DEBUG - Entering: assemble_eval_chain_list
2025-07-05 23:13:53,106 - reviewer.IncosePromptRunner - DEBUG - Entering: assemble_chain_from_template
2025-07-05 23:13:53,106 - reviewer.IncosePromptRunner - DEBUG - assemble_chain_from_template completed in 0.000601 seconds
2025-07-05 23:13:53,106 - reviewer.IncosePromptRunner - DEBUG - Entering: assemble_chain_from_template
2025-07-05 23:13:53,109 - reviewer.IncosePromptRunner - DEBUG - assemble_chain_from_template completed in 0.001195 seconds
2025-07-05 23:13:53,109 - reviewer.IncosePromptRunner - DEBUG - Entering: assemble_chain_from_template
2025-07-05 23:13:53,109 - reviewer.IncosePromptRunner - DEBUG - assemble_chain_from_template completed in 0.000293 seconds
2025-07-05 23:13:53,109 - reviewer.IncosePromptRunner - DEBUG - Entering: assemble_chain_from_template
2025-07-05 23:13:53,109 - reviewer.IncosePromptRunner - DEBUG - assemble_chain_from_template completed in 0.000260 seconds
2025-07-05 23:13:53,110 - reviewer.IncosePromptRunner - DEBUG - Entering: assemble_chain_from_template
2025-07-05 23:13:53,110 - reviewer.IncosePromptRunner - DEBUG - assemble_chain_from_template completed in 0.000241 seconds
2025-07-05 23:13:53,110 - reviewer.IncosePromptRunner - DEBUG - Entering: assemble_chain_from_template
2025-07-05 23:13:53,110 - reviewer.IncosePromptRunner - DEBUG - assemble_chain_from_template completed in 0.000233 seconds
2025-07-05 23:13:53,110 - reviewer.IncosePromptRunner - DEBUG - assemble_eval_chain_list completed in 0.004396 seconds
2025-07-05 23:13:53,111 - reviewer.PromptRunner - DEBUG - Entering: run_multiple_chains
2025-07-05 23:13:53,111 - reviewer.PromptRunner - DEBUG - run_multiple_chains completed in 0.000213 seconds
2025-07-05 23:13:53,113 - reviewer.PromptRunner - DEBUG - Entering: run_chain
2025-07-05 23:13:53,113 - reviewer.PromptRunner - DEBUG - run_chain completed in 0.000233 seconds
2025-07-05 23:13:53,113 - reviewer.PromptRunner - DEBUG - Entering: run_chain
2025-07-05 23:13:53,113 - reviewer.PromptRunner - DEBUG - run_chain completed in 0.000141 seconds
2025-07-05 23:13:53,113 - reviewer.PromptRunner - DEBUG - Entering: run_chain
2025-07-05 23:13:53,113 - reviewer.PromptRunner - DEBUG - run_chain completed in 0.000125 seconds
2025-07-05 23:13:53,113 - reviewer.PromptRunner - INFO - awaiting results...
2025-07-05 23:13:59,736 - reviewer.PromptRunner - INFO - results fetched...
2025-07-05 23:13:59,744 - reviewer.IncosePromptRunner - DEBUG - Entering: cast_results_to_frame
2025-07-05 23:13:59,746 - reviewer.IncosePromptRunner - DEBUG - cast_results_to_frame completed in 0.000665 seconds
2025-07-05 23:13:59,746 - reviewer - DEBUG - Entering: to_excel
2025-07-05 23:13:59,763 - reviewer - DEBUG - to_excel completed in 0.016563 seconds
2025-07-05 23:13:59,763 - reviewer - INFO - Exiting: iter num: 0 of run_eval_loop
2025-07-05 23:13:59,763 - reviewer - INFO - Entering: iter num 1 of run_eval_loop
2025-07-05 23:13:59,771 - reviewer - INFO - Calling evaluations for iter num 1 of run_eval_loop
2025-07-05 23:13:59,771 - reviewer.IncosePromptRunner - DEBUG - Entering: call_evals
2025-07-05 23:13:59,771 - reviewer.prompteval - DEBUG - Entering: eval_is_in_passive_voice
2025-07-05 23:13:59,771 - reviewer.prompteval - DEBUG - eval_is_in_passive_voice completed in 0.000160 seconds
2025-07-05 23:13:59,772 - reviewer.prompteval - DEBUG - Entering: convert_bool_to_ohe
2025-07-05 23:13:59,772 - reviewer.prompteval - DEBUG - convert_bool_to_ohe completed in 0.000134 seconds
2025-07-05 23:13:59,772 - reviewer.prompteval - DEBUG - Entering: eval_if_vague_verb
2025-07-05 23:13:59,772 - reviewer.prompteval - DEBUG - Entering: add_spaces
2025-07-05 23:13:59,772 - reviewer.prompteval - DEBUG - add_spaces completed in 0.000148 seconds
2025-07-05 23:13:59,772 - reviewer.prompteval - DEBUG - Entering: add_spaces
2025-07-05 23:13:59,774 - reviewer.prompteval - DEBUG - add_spaces completed in 0.000149 seconds
2025-07-05 23:13:59,774 - reviewer.prompteval - DEBUG - eval_if_vague_verb completed in 0.000711 seconds
2025-07-05 23:13:59,774 - reviewer.prompteval - DEBUG - Entering: convert_bool_to_ohe
2025-07-05 23:13:59,774 - reviewer.prompteval - DEBUG - convert_bool_to_ohe completed in 0.000127 seconds
2025-07-05 23:13:59,775 - reviewer.prompteval - DEBUG - Entering: eval_has_vague_terms
2025-07-05 23:13:59,775 - reviewer.prompteval - DEBUG - Entering: add_spaces
2025-07-05 23:13:59,775 - reviewer.prompteval - DEBUG - add_spaces completed in 0.000129 seconds
2025-07-05 23:13:59,775 - reviewer.prompteval - DEBUG - Entering: add_spaces
2025-07-05 23:13:59,775 - reviewer.prompteval - DEBUG - add_spaces completed in 0.000127 seconds
2025-07-05 23:13:59,775 - reviewer.prompteval - DEBUG - eval_has_vague_terms completed in 0.000689 seconds
2025-07-05 23:13:59,775 - reviewer.prompteval - DEBUG - Entering: convert_bool_to_ohe
2025-07-05 23:13:59,775 - reviewer.prompteval - DEBUG - convert_bool_to_ohe completed in 0.000112 seconds
2025-07-05 23:13:59,776 - reviewer.prompteval - DEBUG - Entering: eval_has_escape_clause
2025-07-05 23:13:59,776 - reviewer.prompteval - DEBUG - Entering: add_spaces
2025-07-05 23:13:59,776 - reviewer.prompteval - DEBUG - add_spaces completed in 0.000127 seconds
2025-07-05 23:13:59,776 - reviewer.prompteval - DEBUG - Entering: add_spaces
2025-07-05 23:13:59,777 - reviewer.prompteval - DEBUG - add_spaces completed in 0.000169 seconds
2025-07-05 23:13:59,777 - reviewer.prompteval - DEBUG - Entering: add_spaces
2025-07-05 23:13:59,777 - reviewer.prompteval - DEBUG - add_spaces completed in 0.000154 seconds
2025-07-05 23:13:59,777 - reviewer.prompteval - DEBUG - Entering: add_spaces
2025-07-05 23:13:59,777 - reviewer.prompteval - DEBUG - add_spaces completed in 0.000176 seconds
2025-07-05 23:13:59,777 - reviewer.prompteval - DEBUG - Entering: add_spaces
2025-07-05 23:13:59,777 - reviewer.prompteval - DEBUG - add_spaces completed in 0.000139 seconds
2025-07-05 23:13:59,777 - reviewer.prompteval - DEBUG - Entering: add_spaces
2025-07-05 23:13:59,777 - reviewer.prompteval - DEBUG - add_spaces completed in 0.000124 seconds
2025-07-05 23:13:59,777 - reviewer.prompteval - DEBUG - Entering: add_spaces
2025-07-05 23:13:59,777 - reviewer.prompteval - DEBUG - add_spaces completed in 0.000103 seconds
2025-07-05 23:13:59,777 - reviewer.prompteval - DEBUG - Entering: add_spaces
2025-07-05 23:13:59,777 - reviewer.prompteval - DEBUG - add_spaces completed in 0.000127 seconds
2025-07-05 23:13:59,777 - reviewer.prompteval - DEBUG - Entering: add_spaces
2025-07-05 23:13:59,777 - reviewer.prompteval - DEBUG - add_spaces completed in 0.000109 seconds
2025-07-05 23:13:59,777 - reviewer.prompteval - DEBUG - Entering: add_spaces
2025-07-05 23:13:59,777 - reviewer.prompteval - DEBUG - add_spaces completed in 0.000105 seconds
2025-07-05 23:13:59,777 - reviewer.prompteval - DEBUG - Entering: add_spaces
2025-07-05 23:13:59,777 - reviewer.prompteval - DEBUG - add_spaces completed in 0.000126 seconds
2025-07-05 23:13:59,777 - reviewer.prompteval - DEBUG - eval_has_escape_clause completed in 0.003045 seconds
2025-07-05 23:13:59,777 - reviewer.prompteval - DEBUG - Entering: convert_bool_to_ohe
2025-07-05 23:13:59,777 - reviewer.prompteval - DEBUG - convert_bool_to_ohe completed in 0.000137 seconds
2025-07-05 23:13:59,777 - reviewer.prompteval - DEBUG - Entering: eval_is_in_passive_voice
2025-07-05 23:13:59,777 - reviewer.prompteval - DEBUG - eval_is_in_passive_voice completed in 0.000132 seconds
2025-07-05 23:13:59,777 - reviewer.prompteval - DEBUG - Entering: convert_bool_to_ohe
2025-07-05 23:13:59,781 - reviewer.prompteval - DEBUG - convert_bool_to_ohe completed in 0.000130 seconds
2025-07-05 23:13:59,781 - reviewer.prompteval - DEBUG - Entering: eval_if_vague_verb
2025-07-05 23:13:59,781 - reviewer.prompteval - DEBUG - Entering: add_spaces
2025-07-05 23:13:59,781 - reviewer.prompteval - DEBUG - add_spaces completed in 0.000141 seconds
2025-07-05 23:13:59,781 - reviewer.prompteval - DEBUG - eval_if_vague_verb completed in 0.000412 seconds
2025-07-05 23:13:59,781 - reviewer.prompteval - DEBUG - Entering: convert_bool_to_ohe
2025-07-05 23:13:59,781 - reviewer.prompteval - DEBUG - convert_bool_to_ohe completed in 0.000133 seconds
2025-07-05 23:13:59,781 - reviewer.prompteval - DEBUG - Entering: eval_has_vague_terms
2025-07-05 23:13:59,781 - reviewer.prompteval - DEBUG - Entering: add_spaces
2025-07-05 23:13:59,781 - reviewer.prompteval - DEBUG - add_spaces completed in 0.000122 seconds
2025-07-05 23:13:59,782 - reviewer.prompteval - DEBUG - Entering: add_spaces
2025-07-05 23:13:59,782 - reviewer.prompteval - DEBUG - add_spaces completed in 0.000109 seconds
2025-07-05 23:13:59,782 - reviewer.prompteval - DEBUG - eval_has_vague_terms completed in 0.000608 seconds
2025-07-05 23:13:59,782 - reviewer.prompteval - DEBUG - Entering: convert_bool_to_ohe
2025-07-05 23:13:59,782 - reviewer.prompteval - DEBUG - convert_bool_to_ohe completed in 0.000119 seconds
2025-07-05 23:13:59,782 - reviewer.prompteval - DEBUG - Entering: eval_has_escape_clause
2025-07-05 23:13:59,782 - reviewer.prompteval - DEBUG - Entering: add_spaces
2025-07-05 23:13:59,783 - reviewer.prompteval - DEBUG - add_spaces completed in 0.000110 seconds
2025-07-05 23:13:59,783 - reviewer.prompteval - DEBUG - Entering: add_spaces
2025-07-05 23:13:59,783 - reviewer.prompteval - DEBUG - add_spaces completed in 0.000107 seconds
2025-07-05 23:13:59,783 - reviewer.prompteval - DEBUG - Entering: add_spaces
2025-07-05 23:13:59,783 - reviewer.prompteval - DEBUG - add_spaces completed in 0.000108 seconds
2025-07-05 23:13:59,783 - reviewer.prompteval - DEBUG - Entering: add_spaces
2025-07-05 23:13:59,783 - reviewer.prompteval - DEBUG - add_spaces completed in 0.000093 seconds
2025-07-05 23:13:59,783 - reviewer.prompteval - DEBUG - Entering: add_spaces
2025-07-05 23:13:59,783 - reviewer.prompteval - DEBUG - add_spaces completed in 0.000116 seconds
2025-07-05 23:13:59,783 - reviewer.prompteval - DEBUG - Entering: add_spaces
2025-07-05 23:13:59,784 - reviewer.prompteval - DEBUG - add_spaces completed in 0.000094 seconds
2025-07-05 23:13:59,784 - reviewer.prompteval - DEBUG - Entering: add_spaces
2025-07-05 23:13:59,784 - reviewer.prompteval - DEBUG - add_spaces completed in 0.000089 seconds
2025-07-05 23:13:59,784 - reviewer.prompteval - DEBUG - Entering: add_spaces
2025-07-05 23:13:59,784 - reviewer.prompteval - DEBUG - add_spaces completed in 0.000089 seconds
2025-07-05 23:13:59,784 - reviewer.prompteval - DEBUG - Entering: add_spaces
2025-07-05 23:13:59,784 - reviewer.prompteval - DEBUG - add_spaces completed in 0.000099 seconds
2025-07-05 23:13:59,784 - reviewer.prompteval - DEBUG - Entering: add_spaces
2025-07-05 23:13:59,784 - reviewer.prompteval - DEBUG - add_spaces completed in 0.000093 seconds
2025-07-05 23:13:59,784 - reviewer.prompteval - DEBUG - Entering: add_spaces
2025-07-05 23:13:59,785 - reviewer.prompteval - DEBUG - add_spaces completed in 0.000103 seconds
2025-07-05 23:13:59,785 - reviewer.prompteval - DEBUG - eval_has_escape_clause completed in 0.002376 seconds
2025-07-05 23:13:59,785 - reviewer.prompteval - DEBUG - Entering: convert_bool_to_ohe
2025-07-05 23:13:59,785 - reviewer.prompteval - DEBUG - convert_bool_to_ohe completed in 0.000089 seconds
2025-07-05 23:13:59,785 - reviewer.prompteval - DEBUG - Entering: eval_is_in_passive_voice
2025-07-05 23:13:59,785 - reviewer.prompteval - DEBUG - eval_is_in_passive_voice completed in 0.000119 seconds
2025-07-05 23:13:59,785 - reviewer.prompteval - DEBUG - Entering: convert_bool_to_ohe
2025-07-05 23:13:59,786 - reviewer.prompteval - DEBUG - convert_bool_to_ohe completed in 0.000132 seconds
2025-07-05 23:13:59,786 - reviewer.prompteval - DEBUG - Entering: eval_if_vague_verb
2025-07-05 23:13:59,787 - reviewer.prompteval - DEBUG - Entering: add_spaces
2025-07-05 23:13:59,787 - reviewer.prompteval - DEBUG - add_spaces completed in 0.000135 seconds
2025-07-05 23:13:59,787 - reviewer.prompteval - DEBUG - Entering: add_spaces
2025-07-05 23:13:59,787 - reviewer.prompteval - DEBUG - add_spaces completed in 0.000105 seconds
2025-07-05 23:13:59,787 - reviewer.prompteval - DEBUG - eval_if_vague_verb completed in 0.000612 seconds
2025-07-05 23:13:59,787 - reviewer.prompteval - DEBUG - Entering: convert_bool_to_ohe
2025-07-05 23:13:59,787 - reviewer.prompteval - DEBUG - convert_bool_to_ohe completed in 0.000102 seconds
2025-07-05 23:13:59,787 - reviewer.prompteval - DEBUG - Entering: eval_has_vague_terms
2025-07-05 23:13:59,788 - reviewer.prompteval - DEBUG - Entering: add_spaces
2025-07-05 23:13:59,788 - reviewer.prompteval - DEBUG - add_spaces completed in 0.000109 seconds
2025-07-05 23:13:59,788 - reviewer.prompteval - DEBUG - Entering: add_spaces
2025-07-05 23:13:59,788 - reviewer.prompteval - DEBUG - add_spaces completed in 0.000107 seconds
2025-07-05 23:13:59,788 - reviewer.prompteval - DEBUG - Entering: add_spaces
2025-07-05 23:13:59,788 - reviewer.prompteval - DEBUG - add_spaces completed in 0.000123 seconds
2025-07-05 23:13:59,788 - reviewer.prompteval - DEBUG - Entering: add_spaces
2025-07-05 23:13:59,788 - reviewer.prompteval - DEBUG - add_spaces completed in 0.000106 seconds
2025-07-05 23:13:59,788 - reviewer.prompteval - DEBUG - Entering: add_spaces
2025-07-05 23:13:59,788 - reviewer.prompteval - DEBUG - add_spaces completed in 0.000091 seconds
2025-07-05 23:13:59,788 - reviewer.prompteval - DEBUG - Entering: add_spaces
2025-07-05 23:13:59,788 - reviewer.prompteval - DEBUG - add_spaces completed in 0.000089 seconds
2025-07-05 23:13:59,788 - reviewer.prompteval - DEBUG - Entering: add_spaces
2025-07-05 23:13:59,789 - reviewer.prompteval - DEBUG - add_spaces completed in 0.000108 seconds
2025-07-05 23:13:59,789 - reviewer.prompteval - DEBUG - Entering: add_spaces
2025-07-05 23:13:59,789 - reviewer.prompteval - DEBUG - add_spaces completed in 0.000113 seconds
2025-07-05 23:13:59,789 - reviewer.prompteval - DEBUG - Entering: add_spaces
2025-07-05 23:13:59,789 - reviewer.prompteval - DEBUG - add_spaces completed in 0.000139 seconds
2025-07-05 23:13:59,789 - reviewer.prompteval - DEBUG - Entering: add_spaces
2025-07-05 23:13:59,789 - reviewer.prompteval - DEBUG - add_spaces completed in 0.000111 seconds
2025-07-05 23:13:59,789 - reviewer.prompteval - DEBUG - Entering: add_spaces
2025-07-05 23:13:59,789 - reviewer.prompteval - DEBUG - add_spaces completed in 0.000105 seconds
2025-07-05 23:13:59,791 - reviewer.prompteval - DEBUG - Entering: add_spaces
2025-07-05 23:13:59,791 - reviewer.prompteval - DEBUG - add_spaces completed in 0.000127 seconds
2025-07-05 23:13:59,791 - reviewer.prompteval - DEBUG - Entering: add_spaces
2025-07-05 23:13:59,791 - reviewer.prompteval - DEBUG - add_spaces completed in 0.000133 seconds
2025-07-05 23:13:59,791 - reviewer.prompteval - DEBUG - Entering: add_spaces
2025-07-05 23:13:59,791 - reviewer.prompteval - DEBUG - add_spaces completed in 0.000167 seconds
2025-07-05 23:13:59,791 - reviewer.prompteval - DEBUG - Entering: add_spaces
2025-07-05 23:13:59,791 - reviewer.prompteval - DEBUG - add_spaces completed in 0.000138 seconds
2025-07-05 23:13:59,791 - reviewer.prompteval - DEBUG - Entering: add_spaces
2025-07-05 23:13:59,792 - reviewer.prompteval - DEBUG - add_spaces completed in 0.000162 seconds
2025-07-05 23:13:59,792 - reviewer.prompteval - DEBUG - Entering: add_spaces
2025-07-05 23:13:59,792 - reviewer.prompteval - DEBUG - add_spaces completed in 0.000147 seconds
2025-07-05 23:13:59,792 - reviewer.prompteval - DEBUG - Entering: add_spaces
2025-07-05 23:13:59,792 - reviewer.prompteval - DEBUG - add_spaces completed in 0.000137 seconds
2025-07-05 23:13:59,792 - reviewer.prompteval - DEBUG - Entering: add_spaces
2025-07-05 23:13:59,792 - reviewer.prompteval - DEBUG - add_spaces completed in 0.000132 seconds
2025-07-05 23:13:59,792 - reviewer.prompteval - DEBUG - eval_has_vague_terms completed in 0.004870 seconds
2025-07-05 23:13:59,792 - reviewer.prompteval - DEBUG - Entering: convert_bool_to_ohe
2025-07-05 23:13:59,792 - reviewer.prompteval - DEBUG - convert_bool_to_ohe completed in 0.000117 seconds
2025-07-05 23:13:59,792 - reviewer.prompteval - DEBUG - Entering: eval_has_escape_clause
2025-07-05 23:13:59,792 - reviewer.prompteval - DEBUG - Entering: add_spaces
2025-07-05 23:13:59,792 - reviewer.prompteval - DEBUG - add_spaces completed in 0.000104 seconds
2025-07-05 23:13:59,792 - reviewer.prompteval - DEBUG - Entering: add_spaces
2025-07-05 23:13:59,792 - reviewer.prompteval - DEBUG - add_spaces completed in 0.000126 seconds
2025-07-05 23:13:59,792 - reviewer.prompteval - DEBUG - Entering: add_spaces
2025-07-05 23:13:59,792 - reviewer.prompteval - DEBUG - add_spaces completed in 0.000131 seconds
2025-07-05 23:13:59,792 - reviewer.prompteval - DEBUG - Entering: add_spaces
2025-07-05 23:13:59,792 - reviewer.prompteval - DEBUG - add_spaces completed in 0.000122 seconds
2025-07-05 23:13:59,792 - reviewer.prompteval - DEBUG - Entering: add_spaces
2025-07-05 23:13:59,795 - reviewer.prompteval - DEBUG - add_spaces completed in 0.000120 seconds
2025-07-05 23:13:59,795 - reviewer.prompteval - DEBUG - Entering: add_spaces
2025-07-05 23:13:59,795 - reviewer.prompteval - DEBUG - add_spaces completed in 0.000137 seconds
2025-07-05 23:13:59,795 - reviewer.prompteval - DEBUG - Entering: add_spaces
2025-07-05 23:13:59,795 - reviewer.prompteval - DEBUG - add_spaces completed in 0.000136 seconds
2025-07-05 23:13:59,795 - reviewer.prompteval - DEBUG - Entering: add_spaces
2025-07-05 23:13:59,795 - reviewer.prompteval - DEBUG - add_spaces completed in 0.000095 seconds
2025-07-05 23:13:59,795 - reviewer.prompteval - DEBUG - Entering: add_spaces
2025-07-05 23:13:59,795 - reviewer.prompteval - DEBUG - add_spaces completed in 0.000090 seconds
2025-07-05 23:13:59,795 - reviewer.prompteval - DEBUG - Entering: add_spaces
2025-07-05 23:13:59,795 - reviewer.prompteval - DEBUG - add_spaces completed in 0.000089 seconds
2025-07-05 23:13:59,795 - reviewer.prompteval - DEBUG - Entering: add_spaces
2025-07-05 23:13:59,795 - reviewer.prompteval - DEBUG - add_spaces completed in 0.000131 seconds
2025-07-05 23:13:59,795 - reviewer.prompteval - DEBUG - eval_has_escape_clause completed in 0.002678 seconds
2025-07-05 23:13:59,795 - reviewer.prompteval - DEBUG - Entering: convert_bool_to_ohe
2025-07-05 23:13:59,797 - reviewer.prompteval - DEBUG - convert_bool_to_ohe completed in 0.000118 seconds
2025-07-05 23:13:59,797 - reviewer.IncosePromptRunner - DEBUG - call_evals completed in 0.025389 seconds
2025-07-05 23:13:59,797 - reviewer.IncosePromptRunner - DEBUG - Entering: get_failed_evals
2025-07-05 23:13:59,798 - reviewer.IncosePromptRunner - DEBUG - get_failed_evals completed in 0.001044 seconds
2025-07-05 23:13:59,798 - reviewer - INFO - Evaluations completed for iter num 1 of run_eval_loop
2025-07-05 23:13:59,799 - reviewer - INFO - 3 Requirements still require evaluation
2025-07-05 23:13:59,799 - reviewer.IncosePromptRunner - DEBUG - Entering: assemble_eval_chain_list
2025-07-05 23:13:59,799 - reviewer.IncosePromptRunner - DEBUG - Entering: assemble_chain_from_template
2025-07-05 23:13:59,800 - reviewer.IncosePromptRunner - DEBUG - assemble_chain_from_template completed in 0.000249 seconds
2025-07-05 23:13:59,800 - reviewer.IncosePromptRunner - DEBUG - Entering: assemble_chain_from_template
2025-07-05 23:13:59,800 - reviewer.IncosePromptRunner - DEBUG - assemble_chain_from_template completed in 0.000182 seconds
2025-07-05 23:13:59,800 - reviewer.IncosePromptRunner - DEBUG - Entering: assemble_chain_from_template
2025-07-05 23:13:59,800 - reviewer.IncosePromptRunner - DEBUG - assemble_chain_from_template completed in 0.000223 seconds
2025-07-05 23:13:59,801 - reviewer.IncosePromptRunner - DEBUG - Entering: assemble_chain_from_template
2025-07-05 23:13:59,801 - reviewer.IncosePromptRunner - DEBUG - assemble_chain_from_template completed in 0.000182 seconds
2025-07-05 23:13:59,801 - reviewer.IncosePromptRunner - DEBUG - Entering: assemble_chain_from_template
2025-07-05 23:13:59,801 - reviewer.IncosePromptRunner - DEBUG - assemble_chain_from_template completed in 0.000193 seconds
2025-07-05 23:13:59,801 - reviewer.IncosePromptRunner - DEBUG - Entering: assemble_chain_from_template
2025-07-05 23:13:59,801 - reviewer.IncosePromptRunner - DEBUG - assemble_chain_from_template completed in 0.000264 seconds
2025-07-05 23:13:59,801 - reviewer.IncosePromptRunner - DEBUG - assemble_eval_chain_list completed in 0.002358 seconds
2025-07-05 23:13:59,801 - reviewer.PromptRunner - DEBUG - Entering: run_multiple_chains
2025-07-05 23:13:59,801 - reviewer.PromptRunner - DEBUG - run_multiple_chains completed in 0.000131 seconds
2025-07-05 23:13:59,803 - reviewer.PromptRunner - DEBUG - Entering: run_chain
2025-07-05 23:13:59,803 - reviewer.PromptRunner - DEBUG - run_chain completed in 0.000150 seconds
2025-07-05 23:13:59,803 - reviewer.PromptRunner - DEBUG - Entering: run_chain
2025-07-05 23:13:59,803 - reviewer.PromptRunner - DEBUG - run_chain completed in 0.000133 seconds
2025-07-05 23:13:59,803 - reviewer.PromptRunner - DEBUG - Entering: run_chain
2025-07-05 23:13:59,803 - reviewer.PromptRunner - DEBUG - run_chain completed in 0.000116 seconds
2025-07-05 23:13:59,803 - reviewer.PromptRunner - INFO - awaiting results...
2025-07-05 23:14:07,316 - reviewer.PromptRunner - INFO - results fetched...
2025-07-05 23:14:07,317 - reviewer.IncosePromptRunner - DEBUG - Entering: cast_results_to_frame
2025-07-05 23:14:07,318 - reviewer.IncosePromptRunner - DEBUG - cast_results_to_frame completed in 0.000733 seconds
2025-07-05 23:14:07,319 - reviewer - DEBUG - Entering: to_excel
2025-07-05 23:14:07,333 - reviewer - DEBUG - to_excel completed in 0.014399 seconds
2025-07-05 23:14:07,333 - reviewer - INFO - Exiting: iter num: 1 of run_eval_loop
2025-07-05 23:14:07,334 - reviewer - INFO - Entering: iter num 2 of run_eval_loop
2025-07-05 23:14:07,341 - reviewer - INFO - Calling evaluations for iter num 2 of run_eval_loop
2025-07-05 23:14:07,341 - reviewer.IncosePromptRunner - DEBUG - Entering: call_evals
2025-07-05 23:14:07,342 - reviewer.prompteval - DEBUG - Entering: eval_is_in_passive_voice
2025-07-05 23:14:07,342 - reviewer.prompteval - DEBUG - eval_is_in_passive_voice completed in 0.000156 seconds
2025-07-05 23:14:07,342 - reviewer.prompteval - DEBUG - Entering: convert_bool_to_ohe
2025-07-05 23:14:07,342 - reviewer.prompteval - DEBUG - convert_bool_to_ohe completed in 0.000163 seconds
2025-07-05 23:14:07,343 - reviewer.prompteval - DEBUG - Entering: eval_if_vague_verb
2025-07-05 23:14:07,343 - reviewer.prompteval - DEBUG - Entering: add_spaces
2025-07-05 23:14:07,343 - reviewer.prompteval - DEBUG - add_spaces completed in 0.000121 seconds
2025-07-05 23:14:07,343 - reviewer.prompteval - DEBUG - Entering: add_spaces
2025-07-05 23:14:07,343 - reviewer.prompteval - DEBUG - add_spaces completed in 0.000146 seconds
2025-07-05 23:14:07,344 - reviewer.prompteval - DEBUG - eval_if_vague_verb completed in 0.000687 seconds
2025-07-05 23:14:07,344 - reviewer.prompteval - DEBUG - Entering: convert_bool_to_ohe
2025-07-05 23:14:07,344 - reviewer.prompteval - DEBUG - convert_bool_to_ohe completed in 0.000128 seconds
2025-07-05 23:14:07,344 - reviewer.prompteval - DEBUG - Entering: eval_has_vague_terms
2025-07-05 23:14:07,345 - reviewer.prompteval - DEBUG - Entering: add_spaces
2025-07-05 23:14:07,345 - reviewer.prompteval - DEBUG - add_spaces completed in 0.000135 seconds
2025-07-05 23:14:07,345 - reviewer.prompteval - DEBUG - Entering: add_spaces
2025-07-05 23:14:07,345 - reviewer.prompteval - DEBUG - add_spaces completed in 0.000117 seconds
2025-07-05 23:14:07,345 - reviewer.prompteval - DEBUG - eval_has_vague_terms completed in 0.000643 seconds
2025-07-05 23:14:07,345 - reviewer.prompteval - DEBUG - Entering: convert_bool_to_ohe
2025-07-05 23:14:07,345 - reviewer.prompteval - DEBUG - convert_bool_to_ohe completed in 0.000115 seconds
2025-07-05 23:14:07,346 - reviewer.prompteval - DEBUG - Entering: eval_has_escape_clause
2025-07-05 23:14:07,346 - reviewer.prompteval - DEBUG - Entering: add_spaces
2025-07-05 23:14:07,346 - reviewer.prompteval - DEBUG - add_spaces completed in 0.000105 seconds
2025-07-05 23:14:07,346 - reviewer.prompteval - DEBUG - Entering: add_spaces
2025-07-05 23:14:07,346 - reviewer.prompteval - DEBUG - add_spaces completed in 0.000112 seconds
2025-07-05 23:14:07,346 - reviewer.prompteval - DEBUG - Entering: add_spaces
2025-07-05 23:14:07,347 - reviewer.prompteval - DEBUG - add_spaces completed in 0.000129 seconds
2025-07-05 23:14:07,347 - reviewer.prompteval - DEBUG - Entering: add_spaces
2025-07-05 23:14:07,347 - reviewer.prompteval - DEBUG - add_spaces completed in 0.000105 seconds
2025-07-05 23:14:07,347 - reviewer.prompteval - DEBUG - Entering: add_spaces
2025-07-05 23:14:07,347 - reviewer.prompteval - DEBUG - add_spaces completed in 0.000175 seconds
2025-07-05 23:14:07,347 - reviewer.prompteval - DEBUG - Entering: add_spaces
2025-07-05 23:14:07,347 - reviewer.prompteval - DEBUG - add_spaces completed in 0.000144 seconds
2025-07-05 23:14:07,348 - reviewer.prompteval - DEBUG - Entering: add_spaces
2025-07-05 23:14:07,348 - reviewer.prompteval - DEBUG - add_spaces completed in 0.000134 seconds
2025-07-05 23:14:07,348 - reviewer.prompteval - DEBUG - Entering: add_spaces
2025-07-05 23:14:07,348 - reviewer.prompteval - DEBUG - add_spaces completed in 0.000124 seconds
2025-07-05 23:14:07,348 - reviewer.prompteval - DEBUG - Entering: add_spaces
2025-07-05 23:14:07,348 - reviewer.prompteval - DEBUG - add_spaces completed in 0.000131 seconds
2025-07-05 23:14:07,348 - reviewer.prompteval - DEBUG - Entering: add_spaces
2025-07-05 23:14:07,348 - reviewer.prompteval - DEBUG - add_spaces completed in 0.000122 seconds
2025-07-05 23:14:07,349 - reviewer.prompteval - DEBUG - Entering: add_spaces
2025-07-05 23:14:07,349 - reviewer.prompteval - DEBUG - add_spaces completed in 0.000136 seconds
2025-07-05 23:14:07,349 - reviewer.prompteval - DEBUG - eval_has_escape_clause completed in 0.003017 seconds
2025-07-05 23:14:07,349 - reviewer.prompteval - DEBUG - Entering: convert_bool_to_ohe
2025-07-05 23:14:07,349 - reviewer.prompteval - DEBUG - convert_bool_to_ohe completed in 0.000109 seconds
2025-07-05 23:14:07,350 - reviewer.prompteval - DEBUG - Entering: eval_is_in_passive_voice
2025-07-05 23:14:07,350 - reviewer.prompteval - DEBUG - eval_is_in_passive_voice completed in 0.000147 seconds
2025-07-05 23:14:07,350 - reviewer.prompteval - DEBUG - Entering: convert_bool_to_ohe
2025-07-05 23:14:07,350 - reviewer.prompteval - DEBUG - convert_bool_to_ohe completed in 0.000129 seconds
2025-07-05 23:14:07,350 - reviewer.prompteval - DEBUG - Entering: eval_if_vague_verb
2025-07-05 23:14:07,351 - reviewer.prompteval - DEBUG - Entering: add_spaces
2025-07-05 23:14:07,351 - reviewer.prompteval - DEBUG - add_spaces completed in 0.000128 seconds
2025-07-05 23:14:07,351 - reviewer.prompteval - DEBUG - eval_if_vague_verb completed in 0.000392 seconds
2025-07-05 23:14:07,351 - reviewer.prompteval - DEBUG - Entering: convert_bool_to_ohe
2025-07-05 23:14:07,351 - reviewer.prompteval - DEBUG - convert_bool_to_ohe completed in 0.000115 seconds
2025-07-05 23:14:07,351 - reviewer.prompteval - DEBUG - Entering: eval_has_vague_terms
2025-07-05 23:14:07,351 - reviewer.prompteval - DEBUG - Entering: add_spaces
2025-07-05 23:14:07,352 - reviewer.prompteval - DEBUG - add_spaces completed in 0.000142 seconds
2025-07-05 23:14:07,352 - reviewer.prompteval - DEBUG - Entering: add_spaces
2025-07-05 23:14:07,352 - reviewer.prompteval - DEBUG - add_spaces completed in 0.000144 seconds
2025-07-05 23:14:07,352 - reviewer.prompteval - DEBUG - eval_has_vague_terms completed in 0.000696 seconds
2025-07-05 23:14:07,352 - reviewer.prompteval - DEBUG - Entering: convert_bool_to_ohe
2025-07-05 23:14:07,352 - reviewer.prompteval - DEBUG - convert_bool_to_ohe completed in 0.000109 seconds
2025-07-05 23:14:07,353 - reviewer.prompteval - DEBUG - Entering: eval_has_escape_clause
2025-07-05 23:14:07,353 - reviewer.prompteval - DEBUG - Entering: add_spaces
2025-07-05 23:14:07,353 - reviewer.prompteval - DEBUG - add_spaces completed in 0.000125 seconds
2025-07-05 23:14:07,353 - reviewer.prompteval - DEBUG - Entering: add_spaces
2025-07-05 23:14:07,353 - reviewer.prompteval - DEBUG - add_spaces completed in 0.000106 seconds
2025-07-05 23:14:07,353 - reviewer.prompteval - DEBUG - Entering: add_spaces
2025-07-05 23:14:07,353 - reviewer.prompteval - DEBUG - add_spaces completed in 0.000132 seconds
2025-07-05 23:14:07,353 - reviewer.prompteval - DEBUG - Entering: add_spaces
2025-07-05 23:14:07,354 - reviewer.prompteval - DEBUG - add_spaces completed in 0.000122 seconds
2025-07-05 23:14:07,354 - reviewer.prompteval - DEBUG - Entering: add_spaces
2025-07-05 23:14:07,354 - reviewer.prompteval - DEBUG - add_spaces completed in 0.000122 seconds
2025-07-05 23:14:07,354 - reviewer.prompteval - DEBUG - Entering: add_spaces
2025-07-05 23:14:07,354 - reviewer.prompteval - DEBUG - add_spaces completed in 0.000105 seconds
2025-07-05 23:14:07,354 - reviewer.prompteval - DEBUG - Entering: add_spaces
2025-07-05 23:14:07,354 - reviewer.prompteval - DEBUG - add_spaces completed in 0.000120 seconds
2025-07-05 23:14:07,354 - reviewer.prompteval - DEBUG - Entering: add_spaces
2025-07-05 23:14:07,355 - reviewer.prompteval - DEBUG - add_spaces completed in 0.000110 seconds
2025-07-05 23:14:07,355 - reviewer.prompteval - DEBUG - Entering: add_spaces
2025-07-05 23:14:07,355 - reviewer.prompteval - DEBUG - add_spaces completed in 0.000130 seconds
2025-07-05 23:14:07,355 - reviewer.prompteval - DEBUG - Entering: add_spaces
2025-07-05 23:14:07,355 - reviewer.prompteval - DEBUG - add_spaces completed in 0.000130 seconds
2025-07-05 23:14:07,355 - reviewer.prompteval - DEBUG - Entering: add_spaces
2025-07-05 23:14:07,355 - reviewer.prompteval - DEBUG - add_spaces completed in 0.000137 seconds
2025-07-05 23:14:07,355 - reviewer.prompteval - DEBUG - eval_has_escape_clause completed in 0.002831 seconds
2025-07-05 23:14:07,356 - reviewer.prompteval - DEBUG - Entering: convert_bool_to_ohe
2025-07-05 23:14:07,356 - reviewer.prompteval - DEBUG - convert_bool_to_ohe completed in 0.000108 seconds
2025-07-05 23:14:07,356 - reviewer.prompteval - DEBUG - Entering: eval_is_in_passive_voice
2025-07-05 23:14:07,356 - reviewer.prompteval - DEBUG - eval_is_in_passive_voice completed in 0.000121 seconds
2025-07-05 23:14:07,356 - reviewer.prompteval - DEBUG - Entering: convert_bool_to_ohe
2025-07-05 23:14:07,356 - reviewer.prompteval - DEBUG - convert_bool_to_ohe completed in 0.000114 seconds
2025-07-05 23:14:07,357 - reviewer.prompteval - DEBUG - Entering: eval_if_vague_verb
2025-07-05 23:14:07,357 - reviewer.prompteval - DEBUG - Entering: add_spaces
2025-07-05 23:14:07,357 - reviewer.prompteval - DEBUG - add_spaces completed in 0.000141 seconds
2025-07-05 23:14:07,357 - reviewer.prompteval - DEBUG - Entering: add_spaces
2025-07-05 23:14:07,357 - reviewer.prompteval - DEBUG - add_spaces completed in 0.000171 seconds
2025-07-05 23:14:07,357 - reviewer.prompteval - DEBUG - eval_if_vague_verb completed in 0.000784 seconds
2025-07-05 23:14:07,358 - reviewer.prompteval - DEBUG - Entering: convert_bool_to_ohe
2025-07-05 23:14:07,358 - reviewer.prompteval - DEBUG - convert_bool_to_ohe completed in 0.000148 seconds
2025-07-05 23:14:07,358 - reviewer.prompteval - DEBUG - Entering: eval_has_vague_terms
2025-07-05 23:14:07,359 - reviewer.prompteval - DEBUG - Entering: add_spaces
2025-07-05 23:14:07,359 - reviewer.prompteval - DEBUG - add_spaces completed in 0.000148 seconds
2025-07-05 23:14:07,359 - reviewer.prompteval - DEBUG - Entering: add_spaces
2025-07-05 23:14:07,359 - reviewer.prompteval - DEBUG - add_spaces completed in 0.000151 seconds
2025-07-05 23:14:07,359 - reviewer.prompteval - DEBUG - Entering: add_spaces
2025-07-05 23:14:07,360 - reviewer.prompteval - DEBUG - add_spaces completed in 0.000157 seconds
2025-07-05 23:14:07,360 - reviewer.prompteval - DEBUG - Entering: add_spaces
2025-07-05 23:14:07,360 - reviewer.prompteval - DEBUG - add_spaces completed in 0.000112 seconds
2025-07-05 23:14:07,360 - reviewer.prompteval - DEBUG - Entering: add_spaces
2025-07-05 23:14:07,360 - reviewer.prompteval - DEBUG - add_spaces completed in 0.000141 seconds
2025-07-05 23:14:07,360 - reviewer.prompteval - DEBUG - Entering: add_spaces
2025-07-05 23:14:07,360 - reviewer.prompteval - DEBUG - add_spaces completed in 0.000121 seconds
2025-07-05 23:14:07,360 - reviewer.prompteval - DEBUG - Entering: add_spaces
2025-07-05 23:14:07,361 - reviewer.prompteval - DEBUG - add_spaces completed in 0.000129 seconds
2025-07-05 23:14:07,361 - reviewer.prompteval - DEBUG - Entering: add_spaces
2025-07-05 23:14:07,361 - reviewer.prompteval - DEBUG - add_spaces completed in 0.000142 seconds
2025-07-05 23:14:07,361 - reviewer.prompteval - DEBUG - Entering: add_spaces
2025-07-05 23:14:07,361 - reviewer.prompteval - DEBUG - add_spaces completed in 0.000115 seconds
2025-07-05 23:14:07,361 - reviewer.prompteval - DEBUG - Entering: add_spaces
2025-07-05 23:14:07,361 - reviewer.prompteval - DEBUG - add_spaces completed in 0.000102 seconds
2025-07-05 23:14:07,361 - reviewer.prompteval - DEBUG - Entering: add_spaces
2025-07-05 23:14:07,362 - reviewer.prompteval - DEBUG - add_spaces completed in 0.000142 seconds
2025-07-05 23:14:07,362 - reviewer.prompteval - DEBUG - Entering: add_spaces
2025-07-05 23:14:07,362 - reviewer.prompteval - DEBUG - add_spaces completed in 0.000117 seconds
2025-07-05 23:14:07,362 - reviewer.prompteval - DEBUG - Entering: add_spaces
2025-07-05 23:14:07,362 - reviewer.prompteval - DEBUG - add_spaces completed in 0.000148 seconds
2025-07-05 23:14:07,362 - reviewer.prompteval - DEBUG - Entering: add_spaces
2025-07-05 23:14:07,362 - reviewer.prompteval - DEBUG - add_spaces completed in 0.000142 seconds
2025-07-05 23:14:07,363 - reviewer.prompteval - DEBUG - Entering: add_spaces
2025-07-05 23:14:07,363 - reviewer.prompteval - DEBUG - add_spaces completed in 0.000142 seconds
2025-07-05 23:14:07,363 - reviewer.prompteval - DEBUG - Entering: add_spaces
2025-07-05 23:14:07,363 - reviewer.prompteval - DEBUG - add_spaces completed in 0.000130 seconds
2025-07-05 23:14:07,363 - reviewer.prompteval - DEBUG - Entering: add_spaces
2025-07-05 23:14:07,363 - reviewer.prompteval - DEBUG - add_spaces completed in 0.000115 seconds
2025-07-05 23:14:07,363 - reviewer.prompteval - DEBUG - Entering: add_spaces
2025-07-05 23:14:07,363 - reviewer.prompteval - DEBUG - add_spaces completed in 0.000096 seconds
2025-07-05 23:14:07,364 - reviewer.prompteval - DEBUG - Entering: add_spaces
2025-07-05 23:14:07,364 - reviewer.prompteval - DEBUG - add_spaces completed in 0.000120 seconds
2025-07-05 23:14:07,364 - reviewer.prompteval - DEBUG - eval_has_vague_terms completed in 0.005435 seconds
2025-07-05 23:14:07,364 - reviewer.prompteval - DEBUG - Entering: convert_bool_to_ohe
2025-07-05 23:14:07,364 - reviewer.prompteval - DEBUG - convert_bool_to_ohe completed in 0.000155 seconds
2025-07-05 23:14:07,365 - reviewer.prompteval - DEBUG - Entering: eval_has_escape_clause
2025-07-05 23:14:07,365 - reviewer.prompteval - DEBUG - Entering: add_spaces
2025-07-05 23:14:07,365 - reviewer.prompteval - DEBUG - add_spaces completed in 0.000136 seconds
2025-07-05 23:14:07,365 - reviewer.prompteval - DEBUG - Entering: add_spaces
2025-07-05 23:14:07,365 - reviewer.prompteval - DEBUG - add_spaces completed in 0.000159 seconds
2025-07-05 23:14:07,365 - reviewer.prompteval - DEBUG - Entering: add_spaces
2025-07-05 23:14:07,366 - reviewer.prompteval - DEBUG - add_spaces completed in 0.000150 seconds
2025-07-05 23:14:07,366 - reviewer.prompteval - DEBUG - Entering: add_spaces
2025-07-05 23:14:07,366 - reviewer.prompteval - DEBUG - add_spaces completed in 0.000133 seconds
2025-07-05 23:14:07,366 - reviewer.prompteval - DEBUG - Entering: add_spaces
2025-07-05 23:14:07,366 - reviewer.prompteval - DEBUG - add_spaces completed in 0.000121 seconds
2025-07-05 23:14:07,366 - reviewer.prompteval - DEBUG - Entering: add_spaces
2025-07-05 23:14:07,367 - reviewer.prompteval - DEBUG - add_spaces completed in 0.000159 seconds
2025-07-05 23:14:07,367 - reviewer.prompteval - DEBUG - Entering: add_spaces
2025-07-05 23:14:07,367 - reviewer.prompteval - DEBUG - add_spaces completed in 0.000166 seconds
2025-07-05 23:14:07,367 - reviewer.prompteval - DEBUG - Entering: add_spaces
2025-07-05 23:14:07,367 - reviewer.prompteval - DEBUG - add_spaces completed in 0.000178 seconds
2025-07-05 23:14:07,367 - reviewer.prompteval - DEBUG - Entering: add_spaces
2025-07-05 23:14:07,368 - reviewer.prompteval - DEBUG - add_spaces completed in 0.000149 seconds
2025-07-05 23:14:07,368 - reviewer.prompteval - DEBUG - Entering: add_spaces
2025-07-05 23:14:07,368 - reviewer.prompteval - DEBUG - add_spaces completed in 0.000140 seconds
2025-07-05 23:14:07,368 - reviewer.prompteval - DEBUG - Entering: add_spaces
2025-07-05 23:14:07,368 - reviewer.prompteval - DEBUG - add_spaces completed in 0.000158 seconds
2025-07-05 23:14:07,368 - reviewer.prompteval - DEBUG - eval_has_escape_clause completed in 0.003567 seconds
2025-07-05 23:14:07,368 - reviewer.prompteval - DEBUG - Entering: convert_bool_to_ohe
2025-07-05 23:14:07,369 - reviewer.prompteval - DEBUG - convert_bool_to_ohe completed in 0.000135 seconds
2025-07-05 23:14:07,369 - reviewer.IncosePromptRunner - DEBUG - call_evals completed in 0.027965 seconds
2025-07-05 23:14:07,369 - reviewer.IncosePromptRunner - DEBUG - Entering: get_failed_evals
2025-07-05 23:14:07,370 - reviewer.IncosePromptRunner - DEBUG - get_failed_evals completed in 0.001199 seconds
2025-07-05 23:14:07,371 - reviewer - INFO - Evaluations completed for iter num 2 of run_eval_loop
2025-07-05 23:14:07,371 - reviewer - INFO - 3 Requirements still require evaluation
2025-07-05 23:14:07,371 - reviewer.IncosePromptRunner - DEBUG - Entering: assemble_eval_chain_list
2025-07-05 23:14:07,372 - reviewer.IncosePromptRunner - DEBUG - Entering: assemble_chain_from_template
2025-07-05 23:14:07,372 - reviewer.IncosePromptRunner - DEBUG - assemble_chain_from_template completed in 0.000356 seconds
2025-07-05 23:14:07,372 - reviewer.IncosePromptRunner - DEBUG - Entering: assemble_chain_from_template
2025-07-05 23:14:07,372 - reviewer.IncosePromptRunner - DEBUG - assemble_chain_from_template completed in 0.000223 seconds
2025-07-05 23:14:07,372 - reviewer.IncosePromptRunner - DEBUG - Entering: assemble_chain_from_template
2025-07-05 23:14:07,373 - reviewer.IncosePromptRunner - DEBUG - assemble_chain_from_template completed in 0.000321 seconds
2025-07-05 23:14:07,373 - reviewer.IncosePromptRunner - DEBUG - Entering: assemble_chain_from_template
2025-07-05 23:14:07,373 - reviewer.IncosePromptRunner - DEBUG - assemble_chain_from_template completed in 0.000210 seconds
2025-07-05 23:14:07,373 - reviewer.IncosePromptRunner - DEBUG - Entering: assemble_chain_from_template
2025-07-05 23:14:07,374 - reviewer.IncosePromptRunner - DEBUG - assemble_chain_from_template completed in 0.000248 seconds
2025-07-05 23:14:07,374 - reviewer.IncosePromptRunner - DEBUG - Entering: assemble_chain_from_template
2025-07-05 23:14:07,374 - reviewer.IncosePromptRunner - DEBUG - assemble_chain_from_template completed in 0.000209 seconds
2025-07-05 23:14:07,374 - reviewer.IncosePromptRunner - DEBUG - assemble_eval_chain_list completed in 0.002905 seconds
2025-07-05 23:14:07,374 - reviewer.PromptRunner - DEBUG - Entering: run_multiple_chains
2025-07-05 23:14:07,374 - reviewer.PromptRunner - DEBUG - run_multiple_chains completed in 0.000139 seconds
2025-07-05 23:14:07,376 - reviewer.PromptRunner - DEBUG - Entering: run_chain
2025-07-05 23:14:07,377 - reviewer.PromptRunner - DEBUG - run_chain completed in 0.000158 seconds
2025-07-05 23:14:07,377 - reviewer.PromptRunner - DEBUG - Entering: run_chain
2025-07-05 23:14:07,377 - reviewer.PromptRunner - DEBUG - run_chain completed in 0.000137 seconds
2025-07-05 23:14:07,377 - reviewer.PromptRunner - DEBUG - Entering: run_chain
2025-07-05 23:14:07,377 - reviewer.PromptRunner - DEBUG - run_chain completed in 0.000146 seconds
2025-07-05 23:14:07,377 - reviewer.PromptRunner - INFO - awaiting results...
2025-07-05 23:14:14,100 - reviewer.PromptRunner - INFO - results fetched...
2025-07-05 23:14:14,101 - reviewer.IncosePromptRunner - DEBUG - Entering: cast_results_to_frame
2025-07-05 23:14:14,102 - reviewer.IncosePromptRunner - DEBUG - cast_results_to_frame completed in 0.000594 seconds
2025-07-05 23:14:14,102 - reviewer - DEBUG - Entering: to_excel
2025-07-05 23:14:14,117 - reviewer - DEBUG - to_excel completed in 0.014687 seconds
2025-07-05 23:14:14,117 - reviewer - INFO - Exiting: iter num: 2 of run_eval_loop
2025-07-05 23:14:14,118 - reviewer - DEBUG - Entering: generate_revisions_df
2025-07-05 23:14:14,174 - reviewer - DEBUG - KeyError:"['revision'] not in index" occurred in generate_revisions_df (line 134) of utils.py
2025-07-05 23:14:14,175 - reviewer - DEBUG - generate_revisions_df completed in 0.056419 seconds
2025-07-05 23:14:14,175 - reviewer - DEBUG - Entering: merge_revisions_df
2025-07-05 23:14:14,175 - reviewer - DEBUG - TypeError:'NoneType' object is not subscriptable occurred in merge_revisions_df (line 143) of utils.py
2025-07-05 23:14:14,175 - reviewer - DEBUG - merge_revisions_df completed in 0.000505 seconds
